<?xml version="1.0" encoding="UTF-8" ?>
<Requests><Request id="81">
   <Service>WMS</Service>
   <Version>1.1.1</Version>
   <Operation>GetMap</Operation>
   <SubOperation></SubOperation>
   <Resources>gis:ibaan</Resources>
   <ResourcesProcessingTime>22</ResourcesProcessingTime>
   <LabelsProcessingTime>0</LabelsProcessingTime>
   <Path>/gis/wms</Path>
   <QueryString>service=WMS&amp;request=GetMap&amp;layers=gis:ibaan&amp;styles=&amp;format=image/png&amp;transparent=true&amp;version=1.1.1&amp;tiled=true&amp;width=256&amp;height=256&amp;srs=EPSG:3857&amp;bbox=13484714.781957656,1551213.0520193682,13484867.656014226,1551365.926075937</QueryString>
   <Body>
   
   </Body>
   <HttpMethod>GET</HttpMethod>
   <StartTime>2025-09-30T07:57:50.911Z</StartTime>
   <EndTime>2025-09-30T07:57:50.982Z</EndTime>
   <TotalTime>71</TotalTime>
   <RemoteAddr>192.168.65.1</RemoteAddr>
   <RemoteHost>192.168.65.1</RemoteHost>
   <Host>localhost</Host>
   <RemoteUser>anonymous</RemoteUser>
   <ResponseStatus>200</ResponseStatus>
   <ResponseLength>6447</ResponseLength>
   <ResponseContentType>image/png</ResponseContentType>
   <CacheResult></CacheResult>
   <MissReason></MissReason>
   <Failed>false</Failed>
</Request>
<Request id="83">
   <Service>WMS</Service>
   <Version>1.1.1</Version>
   <Operation>GetMap</Operation>
   <SubOperation></SubOperation>
   <Resources>gis:ibaan</Resources>
   <ResourcesProcessingTime>27</ResourcesProcessingTime>
   <LabelsProcessingTime>0</LabelsProcessingTime>
   <Path>/gis/wms</Path>
   <QueryString>service=WMS&amp;request=GetMap&amp;layers=gis:ibaan&amp;styles=&amp;format=image/png&amp;transparent=true&amp;version=1.1.1&amp;tiled=true&amp;width=256&amp;height=256&amp;srs=EPSG:3857&amp;bbox=13484561.907901084,1551213.0520193682,13484714.781957656,1551365.926075937</QueryString>
   <Body>
   
   </Body>
   <HttpMethod>GET</HttpMethod>
   <StartTime>2025-09-30T07:57:50.947Z</StartTime>
   <EndTime>2025-09-30T07:57:51.006Z</EndTime>
   <TotalTime>59</TotalTime>
   <RemoteAddr>192.168.65.1</RemoteAddr>
   <RemoteHost>192.168.65.1</RemoteHost>
   <Host>localhost</Host>
   <RemoteUser>anonymous</RemoteUser>
   <ResponseStatus>200</ResponseStatus>
   <ResponseLength>8959</ResponseLength>
   <ResponseContentType>image/png</ResponseContentType>
   <CacheResult></CacheResult>
   <MissReason></MissReason>
   <Failed>false</Failed>
</Request>
<Request id="84">
   <Service>WMS</Service>
   <Version>1.1.1</Version>
   <Operation>GetMap</Operation>
   <SubOperation></SubOperation>
   <Resources>gis:ibaan</Resources>
   <ResourcesProcessingTime>29</ResourcesProcessingTime>
   <LabelsProcessingTime>0</LabelsProcessingTime>
   <Path>/gis/wms</Path>
   <QueryString>service=WMS&amp;request=GetMap&amp;layers=gis:ibaan&amp;styles=&amp;format=image/png&amp;transparent=true&amp;version=1.1.1&amp;tiled=true&amp;width=256&amp;height=256&amp;srs=EPSG:3857&amp;bbox=13485326.278183937,1550907.303906227,13485479.152240507,1551060.1779627972</QueryString>
   <Body>
   
   </Body>
   <HttpMethod>GET</HttpMethod>
   <StartTime>2025-09-30T07:57:50.969Z</StartTime>
   <EndTime>2025-09-30T07:57:51.03Z</EndTime>
   <TotalTime>61</TotalTime>
   <RemoteAddr>192.168.65.1</RemoteAddr>
   <RemoteHost>192.168.65.1</RemoteHost>
   <Host>localhost</Host>
   <RemoteUser>anonymous</RemoteUser>
   <ResponseStatus>200</ResponseStatus>
   <ResponseLength>5037</ResponseLength>
   <ResponseContentType>image/png</ResponseContentType>
   <CacheResult></CacheResult>
   <MissReason></MissReason>
   <Failed>false</Failed>
</Request>
<Request id="82">
   <Service>WMS</Service>
   <Version>1.1.1</Version>
   <Operation>GetMap</Operation>
   <SubOperation></SubOperation>
   <Resources>gis:ibaan</Resources>
   <ResourcesProcessingTime>34</ResourcesProcessingTime>
   <LabelsProcessingTime>0</LabelsProcessingTime>
   <Path>/gis/wms</Path>
   <QueryString>service=WMS&amp;request=GetMap&amp;layers=gis:ibaan&amp;styles=&amp;format=image/png&amp;transparent=true&amp;version=1.1.1&amp;tiled=true&amp;width=256&amp;height=256&amp;srs=EPSG:3857&amp;bbox=13485326.278183937,1551365.926075937,13485479.152240507,1551518.8001325089</QueryString>
   <Body>
   
   </Body>
   <HttpMethod>GET</HttpMethod>
   <StartTime>2025-09-30T07:57:50.937Z</StartTime>
   <EndTime>2025-09-30T07:57:51.015Z</EndTime>
   <TotalTime>78</TotalTime>
   <RemoteAddr>192.168.65.1</RemoteAddr>
   <RemoteHost>192.168.65.1</RemoteHost>
   <Host>localhost</Host>
   <RemoteUser>anonymous</RemoteUser>
   <ResponseStatus>200</ResponseStatus>
   <ResponseLength>12020</ResponseLength>
   <ResponseContentType>image/png</ResponseContentType>
   <CacheResult></CacheResult>
   <MissReason></MissReason>
   <Failed>false</Failed>
</Request>
<Request id="85">
   <Service>WMS</Service>
   <Version>1.1.1</Version>
   <Operation>GetMap</Operation>
   <SubOperation></SubOperation>
   <Resources>gis:ibaan</Resources>
   <ResourcesProcessingTime>34</ResourcesProcessingTime>
   <LabelsProcessingTime>1</LabelsProcessingTime>
   <Path>/gis/wms</Path>
   <QueryString>service=WMS&amp;request=GetMap&amp;layers=gis:ibaan&amp;styles=&amp;format=image/png&amp;transparent=true&amp;version=1.1.1&amp;tiled=true&amp;width=256&amp;height=256&amp;srs=EPSG:3857&amp;bbox=13485173.404127365,1551213.0520193682,13485326.278183937,1551365.926075937</QueryString>
   <Body>
   
   </Body>
   <HttpMethod>GET</HttpMethod>
   <StartTime>2025-09-30T07:57:50.969Z</StartTime>
   <EndTime>2025-09-30T07:57:51.04Z</EndTime>
   <TotalTime>71</TotalTime>
   <RemoteAddr>192.168.65.1</RemoteAddr>
   <RemoteHost>192.168.65.1</RemoteHost>
   <Host>localhost</Host>
   <RemoteUser>anonymous</RemoteUser>
   <ResponseStatus>200</ResponseStatus>
   <ResponseLength>9382</ResponseLength>
   <ResponseContentType>image/png</ResponseContentType>
   <CacheResult></CacheResult>
   <MissReason></MissReason>
   <Failed>false</Failed>
</Request>
<Request id="86">
   <Service>WMS</Service>
   <Version>1.1.1</Version>
   <Operation>GetMap</Operation>
   <SubOperation></SubOperation>
   <Resources>gis:ibaan</Resources>
   <ResourcesProcessingTime>26</ResourcesProcessingTime>
   <LabelsProcessingTime>0</LabelsProcessingTime>
   <Path>/gis/wms</Path>
   <QueryString>service=WMS&amp;request=GetMap&amp;layers=gis:ibaan&amp;styles=&amp;format=image/png&amp;transparent=true&amp;version=1.1.1&amp;tiled=true&amp;width=256&amp;height=256&amp;srs=EPSG:3857&amp;bbox=13484867.656014226,1551518.8001325089,13485020.530070797,1551671.674189079</QueryString>
   <Body>
   
   </Body>
   <HttpMethod>GET</HttpMethod>
   <StartTime>2025-09-30T07:57:50.979Z</StartTime>
   <EndTime>2025-09-30T07:57:51.042Z</EndTime>
   <TotalTime>63</TotalTime>
   <RemoteAddr>192.168.65.1</RemoteAddr>
   <RemoteHost>192.168.65.1</RemoteHost>
   <Host>localhost</Host>
   <RemoteUser>anonymous</RemoteUser>
   <ResponseStatus>200</ResponseStatus>
   <ResponseLength>7296</ResponseLength>
   <ResponseContentType>image/png</ResponseContentType>
   <CacheResult></CacheResult>
   <MissReason></MissReason>
   <Failed>false</Failed>
</Request>
<Request id="88">
   <Service>WMS</Service>
   <Version>1.1.1</Version>
   <Operation>GetMap</Operation>
   <SubOperation></SubOperation>
   <Resources>gis:ibaan</Resources>
   <ResourcesProcessingTime>25</ResourcesProcessingTime>
   <LabelsProcessingTime>0</LabelsProcessingTime>
   <Path>/gis/wms</Path>
   <QueryString>service=WMS&amp;request=GetMap&amp;layers=gis:ibaan&amp;styles=&amp;format=image/png&amp;transparent=true&amp;version=1.1.1&amp;tiled=true&amp;width=256&amp;height=256&amp;srs=EPSG:3857&amp;bbox=13485479.152240507,1551060.1779627972,13485632.026297078,1551213.0520193682</QueryString>
   <Body>
   
   </Body>
   <HttpMethod>GET</HttpMethod>
   <StartTime>2025-09-30T07:57:51.01Z</StartTime>
   <EndTime>2025-09-30T07:57:51.069Z</EndTime>
   <TotalTime>59</TotalTime>
   <RemoteAddr>192.168.65.1</RemoteAddr>
   <RemoteHost>192.168.65.1</RemoteHost>
   <Host>localhost</Host>
   <RemoteUser>anonymous</RemoteUser>
   <ResponseStatus>200</ResponseStatus>
   <ResponseLength>9544</ResponseLength>
   <ResponseContentType>image/png</ResponseContentType>
   <CacheResult></CacheResult>
   <MissReason></MissReason>
   <Failed>false</Failed>
</Request>
<Request id="87">
   <Service>WMS</Service>
   <Version>1.1.1</Version>
   <Operation>GetMap</Operation>
   <SubOperation></SubOperation>
   <Resources>gis:ibaan</Resources>
   <ResourcesProcessingTime>33</ResourcesProcessingTime>
   <LabelsProcessingTime>0</LabelsProcessingTime>
   <Path>/gis/wms</Path>
   <QueryString>service=WMS&amp;request=GetMap&amp;layers=gis:ibaan&amp;styles=&amp;format=image/png&amp;transparent=true&amp;version=1.1.1&amp;tiled=true&amp;width=256&amp;height=256&amp;srs=EPSG:3857&amp;bbox=13485173.404127365,1550907.303906227,13485326.278183937,1551060.1779627972</QueryString>
   <Body>
   
   </Body>
   <HttpMethod>GET</HttpMethod>
   <StartTime>2025-09-30T07:57:50.985Z</StartTime>
   <EndTime>2025-09-30T07:57:51.048Z</EndTime>
   <TotalTime>63</TotalTime>
   <RemoteAddr>192.168.65.1</RemoteAddr>
   <RemoteHost>192.168.65.1</RemoteHost>
   <Host>localhost</Host>
   <RemoteUser>anonymous</RemoteUser>
   <ResponseStatus>200</ResponseStatus>
   <ResponseLength>12980</ResponseLength>
   <ResponseContentType>image/png</ResponseContentType>
   <CacheResult></CacheResult>
   <MissReason></MissReason>
   <Failed>false</Failed>
</Request>
<Request id="89">
   <Service>WMS</Service>
   <Version>1.1.1</Version>
   <Operation>GetMap</Operation>
   <SubOperation></SubOperation>
   <Resources>gis:ibaan</Resources>
   <ResourcesProcessingTime>29</ResourcesProcessingTime>
   <LabelsProcessingTime>0</LabelsProcessingTime>
   <Path>/gis/wms</Path>
   <QueryString>service=WMS&amp;request=GetMap&amp;layers=gis:ibaan&amp;styles=&amp;format=image/png&amp;transparent=true&amp;version=1.1.1&amp;tiled=true&amp;width=256&amp;height=256&amp;srs=EPSG:3857&amp;bbox=13484561.907901084,1551365.926075937,13484714.781957656,1551518.8001325089</QueryString>
   <Body>
   
   </Body>
   <HttpMethod>GET</HttpMethod>
   <StartTime>2025-09-30T07:57:51.019Z</StartTime>
   <EndTime>2025-09-30T07:57:51.076Z</EndTime>
   <TotalTime>57</TotalTime>
   <RemoteAddr>192.168.65.1</RemoteAddr>
   <RemoteHost>192.168.65.1</RemoteHost>
   <Host>localhost</Host>
   <RemoteUser>anonymous</RemoteUser>
   <ResponseStatus>200</ResponseStatus>
   <ResponseLength>8367</ResponseLength>
   <ResponseContentType>image/png</ResponseContentType>
   <CacheResult></CacheResult>
   <MissReason></MissReason>
   <Failed>false</Failed>
</Request>
<Request id="90">
   <Service>WMS</Service>
   <Version>1.1.1</Version>
   <Operation>GetMap</Operation>
   <SubOperation></SubOperation>
   <Resources>gis:ibaan</Resources>
   <ResourcesProcessingTime>28</ResourcesProcessingTime>
   <LabelsProcessingTime>0</LabelsProcessingTime>
   <Path>/gis/wms</Path>
   <QueryString>service=WMS&amp;request=GetMap&amp;layers=gis:ibaan&amp;styles=&amp;format=image/png&amp;transparent=true&amp;version=1.1.1&amp;tiled=true&amp;width=256&amp;height=256&amp;srs=EPSG:3857&amp;bbox=13484714.781957656,1551365.926075937,13484867.656014226,1551518.8001325089</QueryString>
   <Body>
   
   </Body>
   <HttpMethod>GET</HttpMethod>
   <StartTime>2025-09-30T07:57:51.033Z</StartTime>
   <EndTime>2025-09-30T07:57:51.091Z</EndTime>
   <TotalTime>58</TotalTime>
   <RemoteAddr>192.168.65.1</RemoteAddr>
   <RemoteHost>192.168.65.1</RemoteHost>
   <Host>localhost</Host>
   <RemoteUser>anonymous</RemoteUser>
   <ResponseStatus>200</ResponseStatus>
   <ResponseLength>8044</ResponseLength>
   <ResponseContentType>image/png</ResponseContentType>
   <CacheResult></CacheResult>
   <MissReason></MissReason>
   <Failed>false</Failed>
</Request>
<Request id="93">
   <Service>WMS</Service>
   <Version>1.1.1</Version>
   <Operation>GetMap</Operation>
   <SubOperation></SubOperation>
   <Resources>gis:ibaan</Resources>
   <ResourcesProcessingTime>26</ResourcesProcessingTime>
   <LabelsProcessingTime>0</LabelsProcessingTime>
   <Path>/gis/wms</Path>
   <QueryString>service=WMS&amp;request=GetMap&amp;layers=gis:ibaan&amp;styles=&amp;format=image/png&amp;transparent=true&amp;version=1.1.1&amp;tiled=true&amp;width=256&amp;height=256&amp;srs=EPSG:3857&amp;bbox=13484867.656014226,1551365.926075937,13485020.530070797,1551518.8001325089</QueryString>
   <Body>
   
   </Body>
   <HttpMethod>GET</HttpMethod>
   <StartTime>2025-09-30T07:57:51.051Z</StartTime>
   <EndTime>2025-09-30T07:57:51.106Z</EndTime>
   <TotalTime>55</TotalTime>
   <RemoteAddr>192.168.65.1</RemoteAddr>
   <RemoteHost>192.168.65.1</RemoteHost>
   <Host>localhost</Host>
   <RemoteUser>anonymous</RemoteUser>
   <ResponseStatus>200</ResponseStatus>
   <ResponseLength>5508</ResponseLength>
   <ResponseContentType>image/png</ResponseContentType>
   <CacheResult></CacheResult>
   <MissReason></MissReason>
   <Failed>false</Failed>
</Request>
<Request id="91">
   <Service>WMS</Service>
   <Version>1.1.1</Version>
   <Operation>GetMap</Operation>
   <SubOperation></SubOperation>
   <Resources>gis:ibaan</Resources>
   <ResourcesProcessingTime>23</ResourcesProcessingTime>
   <LabelsProcessingTime>1</LabelsProcessingTime>
   <Path>/gis/wms</Path>
   <QueryString>service=WMS&amp;request=GetMap&amp;layers=gis:ibaan&amp;styles=&amp;format=image/png&amp;transparent=true&amp;version=1.1.1&amp;tiled=true&amp;width=256&amp;height=256&amp;srs=EPSG:3857&amp;bbox=13485632.026297078,1551213.0520193682,13485784.900353648,1551365.926075937</QueryString>
   <Body>
   
   </Body>
   <HttpMethod>GET</HttpMethod>
   <StartTime>2025-09-30T07:57:51.045Z</StartTime>
   <EndTime>2025-09-30T07:57:51.097Z</EndTime>
   <TotalTime>52</TotalTime>
   <RemoteAddr>192.168.65.1</RemoteAddr>
   <RemoteHost>192.168.65.1</RemoteHost>
   <Host>localhost</Host>
   <RemoteUser>anonymous</RemoteUser>
   <ResponseStatus>200</ResponseStatus>
   <ResponseLength>5273</ResponseLength>
   <ResponseContentType>image/png</ResponseContentType>
   <CacheResult></CacheResult>
   <MissReason></MissReason>
   <Failed>false</Failed>
</Request>
<Request id="92">
   <Service>WMS</Service>
   <Version>1.1.1</Version>
   <Operation>GetMap</Operation>
   <SubOperation></SubOperation>
   <Resources>gis:ibaan</Resources>
   <ResourcesProcessingTime>25</ResourcesProcessingTime>
   <LabelsProcessingTime>0</LabelsProcessingTime>
   <Path>/gis/wms</Path>
   <QueryString>service=WMS&amp;request=GetMap&amp;layers=gis:ibaan&amp;styles=&amp;format=image/png&amp;transparent=true&amp;version=1.1.1&amp;tiled=true&amp;width=256&amp;height=256&amp;srs=EPSG:3857&amp;bbox=13484867.656014226,1551060.1779627972,13485020.530070797,1551213.0520193682</QueryString>
   <Body>
   
   </Body>
   <HttpMethod>GET</HttpMethod>
   <StartTime>2025-09-30T07:57:51.046Z</StartTime>
   <EndTime>2025-09-30T07:57:51.108Z</EndTime>
   <TotalTime>62</TotalTime>
   <RemoteAddr>192.168.65.1</RemoteAddr>
   <RemoteHost>192.168.65.1</RemoteHost>
   <Host>localhost</Host>
   <RemoteUser>anonymous</RemoteUser>
   <ResponseStatus>200</ResponseStatus>
   <ResponseLength>6853</ResponseLength>
   <ResponseContentType>image/png</ResponseContentType>
   <CacheResult></CacheResult>
   <MissReason></MissReason>
   <Failed>false</Failed>
</Request>
<Request id="94">
   <Service>WMS</Service>
   <Version>1.1.1</Version>
   <Operation>GetMap</Operation>
   <SubOperation></SubOperation>
   <Resources>gis:ibaan</Resources>
   <ResourcesProcessingTime>31</ResourcesProcessingTime>
   <LabelsProcessingTime>0</LabelsProcessingTime>
   <Path>/gis/wms</Path>
   <QueryString>service=WMS&amp;request=GetMap&amp;layers=gis:ibaan&amp;styles=&amp;format=image/png&amp;transparent=true&amp;version=1.1.1&amp;tiled=true&amp;width=256&amp;height=256&amp;srs=EPSG:3857&amp;bbox=13485326.278183937,1551518.8001325089,13485479.152240507,1551671.674189079</QueryString>
   <Body>
   
   </Body>
   <HttpMethod>GET</HttpMethod>
   <StartTime>2025-09-30T07:57:51.072Z</StartTime>
   <EndTime>2025-09-30T07:57:51.133Z</EndTime>
   <TotalTime>61</TotalTime>
   <RemoteAddr>192.168.65.1</RemoteAddr>
   <RemoteHost>192.168.65.1</RemoteHost>
   <Host>localhost</Host>
   <RemoteUser>anonymous</RemoteUser>
   <ResponseStatus>200</ResponseStatus>
   <ResponseLength>17179</ResponseLength>
   <ResponseContentType>image/png</ResponseContentType>
   <CacheResult></CacheResult>
   <MissReason></MissReason>
   <Failed>false</Failed>
</Request>
<Request id="96">
   <Service>WMS</Service>
   <Version>1.1.1</Version>
   <Operation>GetMap</Operation>
   <SubOperation></SubOperation>
   <Resources>gis:ibaan</Resources>
   <ResourcesProcessingTime>27</ResourcesProcessingTime>
   <LabelsProcessingTime>0</LabelsProcessingTime>
   <Path>/gis/wms</Path>
   <QueryString>service=WMS&amp;request=GetMap&amp;layers=gis:ibaan&amp;styles=&amp;format=image/png&amp;transparent=true&amp;version=1.1.1&amp;tiled=true&amp;width=256&amp;height=256&amp;srs=EPSG:3857&amp;bbox=13485173.404127365,1551365.926075937,13485326.278183937,1551518.8001325089</QueryString>
   <Body>
   
   </Body>
   <HttpMethod>GET</HttpMethod>
   <StartTime>2025-09-30T07:57:51.096Z</StartTime>
   <EndTime>2025-09-30T07:57:51.156Z</EndTime>
   <TotalTime>60</TotalTime>
   <RemoteAddr>192.168.65.1</RemoteAddr>
   <RemoteHost>192.168.65.1</RemoteHost>
   <Host>localhost</Host>
   <RemoteUser>anonymous</RemoteUser>
   <ResponseStatus>200</ResponseStatus>
   <ResponseLength>7850</ResponseLength>
   <ResponseContentType>image/png</ResponseContentType>
   <CacheResult></CacheResult>
   <MissReason></MissReason>
   <Failed>false</Failed>
</Request>
<Request id="95">
   <Service>WMS</Service>
   <Version>1.1.1</Version>
   <Operation>GetMap</Operation>
   <SubOperation></SubOperation>
   <Resources>gis:ibaan</Resources>
   <ResourcesProcessingTime>29</ResourcesProcessingTime>
   <LabelsProcessingTime>0</LabelsProcessingTime>
   <Path>/gis/wms</Path>
   <QueryString>service=WMS&amp;request=GetMap&amp;layers=gis:ibaan&amp;styles=&amp;format=image/png&amp;transparent=true&amp;version=1.1.1&amp;tiled=true&amp;width=256&amp;height=256&amp;srs=EPSG:3857&amp;bbox=13485020.530070797,1551213.0520193682,13485173.404127365,1551365.926075937</QueryString>
   <Body>
   
   </Body>
   <HttpMethod>GET</HttpMethod>
   <StartTime>2025-09-30T07:57:51.08Z</StartTime>
   <EndTime>2025-09-30T07:57:51.14Z</EndTime>
   <TotalTime>60</TotalTime>
   <RemoteAddr>192.168.65.1</RemoteAddr>
   <RemoteHost>192.168.65.1</RemoteHost>
   <Host>localhost</Host>
   <RemoteUser>anonymous</RemoteUser>
   <ResponseStatus>200</ResponseStatus>
   <ResponseLength>8051</ResponseLength>
   <ResponseContentType>image/png</ResponseContentType>
   <CacheResult></CacheResult>
   <MissReason></MissReason>
   <Failed>false</Failed>
</Request>
<Request id="97">
   <Service>WMS</Service>
   <Version>1.1.1</Version>
   <Operation>GetMap</Operation>
   <SubOperation></SubOperation>
   <Resources>gis:ibaan</Resources>
   <ResourcesProcessingTime>27</ResourcesProcessingTime>
   <LabelsProcessingTime>0</LabelsProcessingTime>
   <Path>/gis/wms</Path>
   <QueryString>service=WMS&amp;request=GetMap&amp;layers=gis:ibaan&amp;styles=&amp;format=image/png&amp;transparent=true&amp;version=1.1.1&amp;tiled=true&amp;width=256&amp;height=256&amp;srs=EPSG:3857&amp;bbox=13485326.278183937,1551060.1779627972,13485479.152240507,1551213.0520193682</QueryString>
   <Body>
   
   </Body>
   <HttpMethod>GET</HttpMethod>
   <StartTime>2025-09-30T07:57:51.1Z</StartTime>
   <EndTime>2025-09-30T07:57:51.158Z</EndTime>
   <TotalTime>58</TotalTime>
   <RemoteAddr>192.168.65.1</RemoteAddr>
   <RemoteHost>192.168.65.1</RemoteHost>
   <Host>localhost</Host>
   <RemoteUser>anonymous</RemoteUser>
   <ResponseStatus>200</ResponseStatus>
   <ResponseLength>7795</ResponseLength>
   <ResponseContentType>image/png</ResponseContentType>
   <CacheResult></CacheResult>
   <MissReason></MissReason>
   <Failed>false</Failed>
</Request>
<Request id="98">
   <Service>WMS</Service>
   <Version>1.1.1</Version>
   <Operation>GetMap</Operation>
   <SubOperation></SubOperation>
   <Resources>gis:ibaan</Resources>
   <ResourcesProcessingTime>23</ResourcesProcessingTime>
   <LabelsProcessingTime>0</LabelsProcessingTime>
   <Path>/gis/wms</Path>
   <QueryString>service=WMS&amp;request=GetMap&amp;layers=gis:ibaan&amp;styles=&amp;format=image/png&amp;transparent=true&amp;version=1.1.1&amp;tiled=true&amp;width=256&amp;height=256&amp;srs=EPSG:3857&amp;bbox=13484714.781957656,1550907.303906227,13484867.656014226,1551060.1779627972</QueryString>
   <Body>
   
   </Body>
   <HttpMethod>GET</HttpMethod>
   <StartTime>2025-09-30T07:57:51.11Z</StartTime>
   <EndTime>2025-09-30T07:57:51.166Z</EndTime>
   <TotalTime>56</TotalTime>
   <RemoteAddr>192.168.65.1</RemoteAddr>
   <RemoteHost>192.168.65.1</RemoteHost>
   <Host>localhost</Host>
   <RemoteUser>anonymous</RemoteUser>
   <ResponseStatus>200</ResponseStatus>
   <ResponseLength>4795</ResponseLength>
   <ResponseContentType>image/png</ResponseContentType>
   <CacheResult></CacheResult>
   <MissReason></MissReason>
   <Failed>false</Failed>
</Request>
<Request id="99">
   <Service>WMS</Service>
   <Version>1.1.1</Version>
   <Operation>GetMap</Operation>
   <SubOperation></SubOperation>
   <Resources>gis:ibaan</Resources>
   <ResourcesProcessingTime>33</ResourcesProcessingTime>
   <LabelsProcessingTime>0</LabelsProcessingTime>
   <Path>/gis/wms</Path>
   <QueryString>service=WMS&amp;request=GetMap&amp;layers=gis:ibaan&amp;styles=&amp;format=image/png&amp;transparent=true&amp;version=1.1.1&amp;tiled=true&amp;width=256&amp;height=256&amp;srs=EPSG:3857&amp;bbox=13485479.152240507,1551518.8001325089,13485632.026297078,1551671.674189079</QueryString>
   <Body>
   
   </Body>
   <HttpMethod>GET</HttpMethod>
   <StartTime>2025-09-30T07:57:51.114Z</StartTime>
   <EndTime>2025-09-30T07:57:51.177Z</EndTime>
   <TotalTime>63</TotalTime>
   <RemoteAddr>192.168.65.1</RemoteAddr>
   <RemoteHost>192.168.65.1</RemoteHost>
   <Host>localhost</Host>
   <RemoteUser>anonymous</RemoteUser>
   <ResponseStatus>200</ResponseStatus>
   <ResponseLength>10839</ResponseLength>
   <ResponseContentType>image/png</ResponseContentType>
   <CacheResult></CacheResult>
   <MissReason></MissReason>
   <Failed>false</Failed>
</Request>
<Request id="100">
   <Service>WMS</Service>
   <Version>1.1.1</Version>
   <Operation>GetMap</Operation>
   <SubOperation></SubOperation>
   <Resources>gis:ibaan</Resources>
   <ResourcesProcessingTime>26</ResourcesProcessingTime>
   <LabelsProcessingTime>0</LabelsProcessingTime>
   <Path>/gis/wms</Path>
   <QueryString>service=WMS&amp;request=GetMap&amp;layers=gis:ibaan&amp;styles=&amp;format=image/png&amp;transparent=true&amp;version=1.1.1&amp;tiled=true&amp;width=256&amp;height=256&amp;srs=EPSG:3857&amp;bbox=13485326.278183937,1551213.0520193682,13485479.152240507,1551365.926075937</QueryString>
   <Body>
   
   </Body>
   <HttpMethod>GET</HttpMethod>
   <StartTime>2025-09-30T07:57:51.136Z</StartTime>
   <EndTime>2025-09-30T07:57:51.186Z</EndTime>
   <TotalTime>50</TotalTime>
   <RemoteAddr>192.168.65.1</RemoteAddr>
   <RemoteHost>192.168.65.1</RemoteHost>
   <Host>localhost</Host>
   <RemoteUser>anonymous</RemoteUser>
   <ResponseStatus>200</ResponseStatus>
   <ResponseLength>9290</ResponseLength>
   <ResponseContentType>image/png</ResponseContentType>
   <CacheResult></CacheResult>
   <MissReason></MissReason>
   <Failed>false</Failed>
</Request>
<Request id="102">
   <Service>WMS</Service>
   <Version>1.1.1</Version>
   <Operation>GetMap</Operation>
   <SubOperation></SubOperation>
   <Resources>gis:ibaan</Resources>
   <ResourcesProcessingTime>33</ResourcesProcessingTime>
   <LabelsProcessingTime>0</LabelsProcessingTime>
   <Path>/gis/wms</Path>
   <QueryString>service=WMS&amp;request=GetMap&amp;layers=gis:ibaan&amp;styles=&amp;format=image/png&amp;transparent=true&amp;version=1.1.1&amp;tiled=true&amp;width=256&amp;height=256&amp;srs=EPSG:3857&amp;bbox=13484867.656014226,1550907.303906227,13485020.530070797,1551060.1779627972</QueryString>
   <Body>
   
   </Body>
   <HttpMethod>GET</HttpMethod>
   <StartTime>2025-09-30T07:57:51.16Z</StartTime>
   <EndTime>2025-09-30T07:57:51.228Z</EndTime>
   <TotalTime>68</TotalTime>
   <RemoteAddr>192.168.65.1</RemoteAddr>
   <RemoteHost>192.168.65.1</RemoteHost>
   <Host>localhost</Host>
   <RemoteUser>anonymous</RemoteUser>
   <ResponseStatus>200</ResponseStatus>
   <ResponseLength>10721</ResponseLength>
   <ResponseContentType>image/png</ResponseContentType>
   <CacheResult></CacheResult>
   <MissReason></MissReason>
   <Failed>false</Failed>
</Request>
<Request id="101">
   <Service>WMS</Service>
   <Version>1.1.1</Version>
   <Operation>GetMap</Operation>
   <SubOperation></SubOperation>
   <Resources>gis:ibaan</Resources>
   <ResourcesProcessingTime>22</ResourcesProcessingTime>
   <LabelsProcessingTime>0</LabelsProcessingTime>
   <Path>/gis/wms</Path>
   <QueryString>service=WMS&amp;request=GetMap&amp;layers=gis:ibaan&amp;styles=&amp;format=image/png&amp;transparent=true&amp;version=1.1.1&amp;tiled=true&amp;width=256&amp;height=256&amp;srs=EPSG:3857&amp;bbox=13485479.152240507,1550907.303906227,13485632.026297078,1551060.1779627972</QueryString>
   <Body>
   
   </Body>
   <HttpMethod>GET</HttpMethod>
   <StartTime>2025-09-30T07:57:51.144Z</StartTime>
   <EndTime>2025-09-30T07:57:51.2Z</EndTime>
   <TotalTime>56</TotalTime>
   <RemoteAddr>192.168.65.1</RemoteAddr>
   <RemoteHost>192.168.65.1</RemoteHost>
   <Host>localhost</Host>
   <RemoteUser>anonymous</RemoteUser>
   <ResponseStatus>200</ResponseStatus>
   <ResponseLength>8093</ResponseLength>
   <ResponseContentType>image/png</ResponseContentType>
   <CacheResult></CacheResult>
   <MissReason></MissReason>
   <Failed>false</Failed>
</Request>
<Request id="103">
   <Service>WMS</Service>
   <Version>1.1.1</Version>
   <Operation>GetMap</Operation>
   <SubOperation></SubOperation>
   <Resources>gis:ibaan</Resources>
   <ResourcesProcessingTime>33</ResourcesProcessingTime>
   <LabelsProcessingTime>0</LabelsProcessingTime>
   <Path>/gis/wms</Path>
   <QueryString>service=WMS&amp;request=GetMap&amp;layers=gis:ibaan&amp;styles=&amp;format=image/png&amp;transparent=true&amp;version=1.1.1&amp;tiled=true&amp;width=256&amp;height=256&amp;srs=EPSG:3857&amp;bbox=13485632.026297078,1551365.926075937,13485784.900353648,1551518.8001325089</QueryString>
   <Body>
   
   </Body>
   <HttpMethod>GET</HttpMethod>
   <StartTime>2025-09-30T07:57:51.163Z</StartTime>
   <EndTime>2025-09-30T07:57:51.228Z</EndTime>
   <TotalTime>65</TotalTime>
   <RemoteAddr>192.168.65.1</RemoteAddr>
   <RemoteHost>192.168.65.1</RemoteHost>
   <Host>localhost</Host>
   <RemoteUser>anonymous</RemoteUser>
   <ResponseStatus>200</ResponseStatus>
   <ResponseLength>5574</ResponseLength>
   <ResponseContentType>image/png</ResponseContentType>
   <CacheResult></CacheResult>
   <MissReason></MissReason>
   <Failed>false</Failed>
</Request>
<Request id="104">
   <Service>WMS</Service>
   <Version>1.1.1</Version>
   <Operation>GetMap</Operation>
   <SubOperation></SubOperation>
   <Resources>gis:ibaan</Resources>
   <ResourcesProcessingTime>33</ResourcesProcessingTime>
   <LabelsProcessingTime>0</LabelsProcessingTime>
   <Path>/gis/wms</Path>
   <QueryString>service=WMS&amp;request=GetMap&amp;layers=gis:ibaan&amp;styles=&amp;format=image/png&amp;transparent=true&amp;version=1.1.1&amp;tiled=true&amp;width=256&amp;height=256&amp;srs=EPSG:3857&amp;bbox=13485632.026297078,1551060.1779627972,13485784.900353648,1551213.0520193682</QueryString>
   <Body>
   
   </Body>
   <HttpMethod>GET</HttpMethod>
   <StartTime>2025-09-30T07:57:51.169Z</StartTime>
   <EndTime>2025-09-30T07:57:51.237Z</EndTime>
   <TotalTime>68</TotalTime>
   <RemoteAddr>192.168.65.1</RemoteAddr>
   <RemoteHost>192.168.65.1</RemoteHost>
   <Host>localhost</Host>
   <RemoteUser>anonymous</RemoteUser>
   <ResponseStatus>200</ResponseStatus>
   <ResponseLength>5349</ResponseLength>
   <ResponseContentType>image/png</ResponseContentType>
   <CacheResult></CacheResult>
   <MissReason></MissReason>
   <Failed>false</Failed>
</Request>
<Request id="105">
   <Service>WMS</Service>
   <Version>1.1.1</Version>
   <Operation>GetMap</Operation>
   <SubOperation></SubOperation>
   <Resources>gis:ibaan</Resources>
   <ResourcesProcessingTime>32</ResourcesProcessingTime>
   <LabelsProcessingTime>0</LabelsProcessingTime>
   <Path>/gis/wms</Path>
   <QueryString>service=WMS&amp;request=GetMap&amp;layers=gis:ibaan&amp;styles=&amp;format=image/png&amp;transparent=true&amp;version=1.1.1&amp;tiled=true&amp;width=256&amp;height=256&amp;srs=EPSG:3857&amp;bbox=13485173.404127365,1551060.1779627972,13485326.278183937,1551213.0520193682</QueryString>
   <Body>
   
   </Body>
   <HttpMethod>GET</HttpMethod>
   <StartTime>2025-09-30T07:57:51.181Z</StartTime>
   <EndTime>2025-09-30T07:57:51.242Z</EndTime>
   <TotalTime>61</TotalTime>
   <RemoteAddr>192.168.65.1</RemoteAddr>
   <RemoteHost>192.168.65.1</RemoteHost>
   <Host>localhost</Host>
   <RemoteUser>anonymous</RemoteUser>
   <ResponseStatus>200</ResponseStatus>
   <ResponseLength>6800</ResponseLength>
   <ResponseContentType>image/png</ResponseContentType>
   <CacheResult></CacheResult>
   <MissReason></MissReason>
   <Failed>false</Failed>
</Request>
<Request id="106">
   <Service>WMS</Service>
   <Version>1.1.1</Version>
   <Operation>GetMap</Operation>
   <SubOperation></SubOperation>
   <Resources>gis:ibaan</Resources>
   <ResourcesProcessingTime>27</ResourcesProcessingTime>
   <LabelsProcessingTime>0</LabelsProcessingTime>
   <Path>/gis/wms</Path>
   <QueryString>service=WMS&amp;request=GetMap&amp;layers=gis:ibaan&amp;styles=&amp;format=image/png&amp;transparent=true&amp;version=1.1.1&amp;tiled=true&amp;width=256&amp;height=256&amp;srs=EPSG:3857&amp;bbox=13485479.152240507,1551213.0520193682,13485632.026297078,1551365.926075937</QueryString>
   <Body>
   
   </Body>
   <HttpMethod>GET</HttpMethod>
   <StartTime>2025-09-30T07:57:51.189Z</StartTime>
   <EndTime>2025-09-30T07:57:51.247Z</EndTime>
   <TotalTime>58</TotalTime>
   <RemoteAddr>192.168.65.1</RemoteAddr>
   <RemoteHost>192.168.65.1</RemoteHost>
   <Host>localhost</Host>
   <RemoteUser>anonymous</RemoteUser>
   <ResponseStatus>200</ResponseStatus>
   <ResponseLength>9224</ResponseLength>
   <ResponseContentType>image/png</ResponseContentType>
   <CacheResult></CacheResult>
   <MissReason></MissReason>
   <Failed>false</Failed>
</Request>
<Request id="108">
   <Service>WMS</Service>
   <Version>1.1.1</Version>
   <Operation>GetMap</Operation>
   <SubOperation></SubOperation>
   <Resources>gis:ibaan</Resources>
   <ResourcesProcessingTime>25</ResourcesProcessingTime>
   <LabelsProcessingTime>1</LabelsProcessingTime>
   <Path>/gis/wms</Path>
   <QueryString>service=WMS&amp;request=GetMap&amp;layers=gis:ibaan&amp;styles=&amp;format=image/png&amp;transparent=true&amp;version=1.1.1&amp;tiled=true&amp;width=256&amp;height=256&amp;srs=EPSG:3857&amp;bbox=13484714.781957656,1551518.8001325089,13484867.656014226,1551671.674189079</QueryString>
   <Body>
   
   </Body>
   <HttpMethod>GET</HttpMethod>
   <StartTime>2025-09-30T07:57:51.231Z</StartTime>
   <EndTime>2025-09-30T07:57:51.285Z</EndTime>
   <TotalTime>54</TotalTime>
   <RemoteAddr>192.168.65.1</RemoteAddr>
   <RemoteHost>192.168.65.1</RemoteHost>
   <Host>localhost</Host>
   <RemoteUser>anonymous</RemoteUser>
   <ResponseStatus>200</ResponseStatus>
   <ResponseLength>5450</ResponseLength>
   <ResponseContentType>image/png</ResponseContentType>
   <CacheResult></CacheResult>
   <MissReason></MissReason>
   <Failed>false</Failed>
</Request>
<Request id="107">
   <Service>WMS</Service>
   <Version>1.1.1</Version>
   <Operation>GetMap</Operation>
   <SubOperation></SubOperation>
   <Resources>gis:ibaan</Resources>
   <ResourcesProcessingTime>23</ResourcesProcessingTime>
   <LabelsProcessingTime>0</LabelsProcessingTime>
   <Path>/gis/wms</Path>
   <QueryString>service=WMS&amp;request=GetMap&amp;layers=gis:ibaan&amp;styles=&amp;format=image/png&amp;transparent=true&amp;version=1.1.1&amp;tiled=true&amp;width=256&amp;height=256&amp;srs=EPSG:3857&amp;bbox=13484561.907901084,1551060.1779627972,13484714.781957656,1551213.0520193682</QueryString>
   <Body>
   
   </Body>
   <HttpMethod>GET</HttpMethod>
   <StartTime>2025-09-30T07:57:51.203Z</StartTime>
   <EndTime>2025-09-30T07:57:51.253Z</EndTime>
   <TotalTime>50</TotalTime>
   <RemoteAddr>192.168.65.1</RemoteAddr>
   <RemoteHost>192.168.65.1</RemoteHost>
   <Host>localhost</Host>
   <RemoteUser>anonymous</RemoteUser>
   <ResponseStatus>200</ResponseStatus>
   <ResponseLength>8026</ResponseLength>
   <ResponseContentType>image/png</ResponseContentType>
   <CacheResult></CacheResult>
   <MissReason></MissReason>
   <Failed>false</Failed>
</Request>
<Request id="109">
   <Service>WMS</Service>
   <Version>1.1.1</Version>
   <Operation>GetMap</Operation>
   <SubOperation></SubOperation>
   <Resources>gis:ibaan</Resources>
   <ResourcesProcessingTime>32</ResourcesProcessingTime>
   <LabelsProcessingTime>0</LabelsProcessingTime>
   <Path>/gis/wms</Path>
   <QueryString>service=WMS&amp;request=GetMap&amp;layers=gis:ibaan&amp;styles=&amp;format=image/png&amp;transparent=true&amp;version=1.1.1&amp;tiled=true&amp;width=256&amp;height=256&amp;srs=EPSG:3857&amp;bbox=13485020.530070797,1550907.303906227,13485173.404127365,1551060.1779627972</QueryString>
   <Body>
   
   </Body>
   <HttpMethod>GET</HttpMethod>
   <StartTime>2025-09-30T07:57:51.231Z</StartTime>
   <EndTime>2025-09-30T07:57:51.291Z</EndTime>
   <TotalTime>60</TotalTime>
   <RemoteAddr>192.168.65.1</RemoteAddr>
   <RemoteHost>192.168.65.1</RemoteHost>
   <Host>localhost</Host>
   <RemoteUser>anonymous</RemoteUser>
   <ResponseStatus>200</ResponseStatus>
   <ResponseLength>11172</ResponseLength>
   <ResponseContentType>image/png</ResponseContentType>
   <CacheResult></CacheResult>
   <MissReason></MissReason>
   <Failed>false</Failed>
</Request>
<Request id="110">
   <Service>WMS</Service>
   <Version>1.1.1</Version>
   <Operation>GetMap</Operation>
   <SubOperation></SubOperation>
   <Resources>gis:ibaan</Resources>
   <ResourcesProcessingTime>29</ResourcesProcessingTime>
   <LabelsProcessingTime>0</LabelsProcessingTime>
   <Path>/gis/wms</Path>
   <QueryString>service=WMS&amp;request=GetMap&amp;layers=gis:ibaan&amp;styles=&amp;format=image/png&amp;transparent=true&amp;version=1.1.1&amp;tiled=true&amp;width=256&amp;height=256&amp;srs=EPSG:3857&amp;bbox=13484714.781957656,1551060.1779627972,13484867.656014226,1551213.0520193682</QueryString>
   <Body>
   
   </Body>
   <HttpMethod>GET</HttpMethod>
   <StartTime>2025-09-30T07:57:51.241Z</StartTime>
   <EndTime>2025-09-30T07:57:51.296Z</EndTime>
   <TotalTime>55</TotalTime>
   <RemoteAddr>192.168.65.1</RemoteAddr>
   <RemoteHost>192.168.65.1</RemoteHost>
   <Host>localhost</Host>
   <RemoteUser>anonymous</RemoteUser>
   <ResponseStatus>200</ResponseStatus>
   <ResponseLength>10190</ResponseLength>
   <ResponseContentType>image/png</ResponseContentType>
   <CacheResult></CacheResult>
   <MissReason></MissReason>
   <Failed>false</Failed>
</Request>
<Request id="111">
   <Service>WMS</Service>
   <Version>1.1.1</Version>
   <Operation>GetMap</Operation>
   <SubOperation></SubOperation>
   <Resources>gis:ibaan</Resources>
   <ResourcesProcessingTime>29</ResourcesProcessingTime>
   <LabelsProcessingTime>0</LabelsProcessingTime>
   <Path>/gis/wms</Path>
   <QueryString>service=WMS&amp;request=GetMap&amp;layers=gis:ibaan&amp;styles=&amp;format=image/png&amp;transparent=true&amp;version=1.1.1&amp;tiled=true&amp;width=256&amp;height=256&amp;srs=EPSG:3857&amp;bbox=13484561.907901084,1551518.8001325089,13484714.781957656,1551671.674189079</QueryString>
   <Body>
   
   </Body>
   <HttpMethod>GET</HttpMethod>
   <StartTime>2025-09-30T07:57:51.246Z</StartTime>
   <EndTime>2025-09-30T07:57:51.305Z</EndTime>
   <TotalTime>59</TotalTime>
   <RemoteAddr>192.168.65.1</RemoteAddr>
   <RemoteHost>192.168.65.1</RemoteHost>
   <Host>localhost</Host>
   <RemoteUser>anonymous</RemoteUser>
   <ResponseStatus>200</ResponseStatus>
   <ResponseLength>10165</ResponseLength>
   <ResponseContentType>image/png</ResponseContentType>
   <CacheResult></CacheResult>
   <MissReason></MissReason>
   <Failed>false</Failed>
</Request>
<Request id="113">
   <Service>WMS</Service>
   <Version>1.1.1</Version>
   <Operation>GetMap</Operation>
   <SubOperation></SubOperation>
   <Resources>gis:ibaan</Resources>
   <ResourcesProcessingTime>23</ResourcesProcessingTime>
   <LabelsProcessingTime>0</LabelsProcessingTime>
   <Path>/gis/wms</Path>
   <QueryString>service=WMS&amp;request=GetMap&amp;layers=gis:ibaan&amp;styles=&amp;format=image/png&amp;transparent=true&amp;version=1.1.1&amp;tiled=true&amp;width=256&amp;height=256&amp;srs=EPSG:3857&amp;bbox=13484561.907901084,1550907.303906227,13484714.781957656,1551060.1779627972</QueryString>
   <Body>
   
   </Body>
   <HttpMethod>GET</HttpMethod>
   <StartTime>2025-09-30T07:57:51.257Z</StartTime>
   <EndTime>2025-09-30T07:57:51.304Z</EndTime>
   <TotalTime>47</TotalTime>
   <RemoteAddr>192.168.65.1</RemoteAddr>
   <RemoteHost>192.168.65.1</RemoteHost>
   <Host>localhost</Host>
   <RemoteUser>anonymous</RemoteUser>
   <ResponseStatus>200</ResponseStatus>
   <ResponseLength>8754</ResponseLength>
   <ResponseContentType>image/png</ResponseContentType>
   <CacheResult></CacheResult>
   <MissReason></MissReason>
   <Failed>false</Failed>
</Request>
<Request id="112">
   <Service>WMS</Service>
   <Version>1.1.1</Version>
   <Operation>GetMap</Operation>
   <SubOperation></SubOperation>
   <Resources>gis:ibaan</Resources>
   <ResourcesProcessingTime>37</ResourcesProcessingTime>
   <LabelsProcessingTime>0</LabelsProcessingTime>
   <Path>/gis/wms</Path>
   <QueryString>service=WMS&amp;request=GetMap&amp;layers=gis:ibaan&amp;styles=&amp;format=image/png&amp;transparent=true&amp;version=1.1.1&amp;tiled=true&amp;width=256&amp;height=256&amp;srs=EPSG:3857&amp;bbox=13485632.026297078,1551518.8001325089,13485784.900353648,1551671.674189079</QueryString>
   <Body>
   
   </Body>
   <HttpMethod>GET</HttpMethod>
   <StartTime>2025-09-30T07:57:51.25Z</StartTime>
   <EndTime>2025-09-30T07:57:51.309Z</EndTime>
   <TotalTime>59</TotalTime>
   <RemoteAddr>192.168.65.1</RemoteAddr>
   <RemoteHost>192.168.65.1</RemoteHost>
   <Host>localhost</Host>
   <RemoteUser>anonymous</RemoteUser>
   <ResponseStatus>200</ResponseStatus>
   <ResponseLength>6000</ResponseLength>
   <ResponseContentType>image/png</ResponseContentType>
   <CacheResult></CacheResult>
   <MissReason></MissReason>
   <Failed>false</Failed>
</Request>
<Request id="114">
   <Service>WMS</Service>
   <Version>1.1.1</Version>
   <Operation>GetMap</Operation>
   <SubOperation></SubOperation>
   <Resources>gis:ibaan</Resources>
   <ResourcesProcessingTime>16</ResourcesProcessingTime>
   <LabelsProcessingTime>0</LabelsProcessingTime>
   <Path>/gis/wms</Path>
   <QueryString>service=WMS&amp;request=GetMap&amp;layers=gis:ibaan&amp;styles=&amp;format=image/png&amp;transparent=true&amp;version=1.1.1&amp;tiled=true&amp;width=256&amp;height=256&amp;srs=EPSG:3857&amp;bbox=13485632.026297078,1550907.303906227,13485784.900353648,1551060.1779627972</QueryString>
   <Body>
   
   </Body>
   <HttpMethod>GET</HttpMethod>
   <StartTime>2025-09-30T07:57:51.287Z</StartTime>
   <EndTime>2025-09-30T07:57:51.326Z</EndTime>
   <TotalTime>39</TotalTime>
   <RemoteAddr>192.168.65.1</RemoteAddr>
   <RemoteHost>192.168.65.1</RemoteHost>
   <Host>localhost</Host>
   <RemoteUser>anonymous</RemoteUser>
   <ResponseStatus>200</ResponseStatus>
   <ResponseLength>6263</ResponseLength>
   <ResponseContentType>image/png</ResponseContentType>
   <CacheResult></CacheResult>
   <MissReason></MissReason>
   <Failed>false</Failed>
</Request>
<Request id="119">
   <Service>WMS</Service>
   <Version>1.1.1</Version>
   <Operation>GetMap</Operation>
   <SubOperation></SubOperation>
   <Resources>gis:ibaan</Resources>
   <ResourcesProcessingTime>27</ResourcesProcessingTime>
   <LabelsProcessingTime>0</LabelsProcessingTime>
   <Path>/gis/wms</Path>
   <QueryString>service=WMS&amp;request=GetMap&amp;layers=gis:ibaan&amp;styles=&amp;format=image/png&amp;transparent=true&amp;version=1.1.1&amp;tiled=true&amp;width=256&amp;height=256&amp;srs=EPSG:3857&amp;bbox=13484714.781957656,1551365.926075937,13485020.530070797,1551671.674189079</QueryString>
   <Body>
   
   </Body>
   <HttpMethod>GET</HttpMethod>
   <StartTime>2025-09-30T07:57:58.9Z</StartTime>
   <EndTime>2025-09-30T07:57:58.955Z</EndTime>
   <TotalTime>55</TotalTime>
   <RemoteAddr>192.168.65.1</RemoteAddr>
   <RemoteHost>192.168.65.1</RemoteHost>
   <Host>localhost</Host>
   <RemoteUser>anonymous</RemoteUser>
   <ResponseStatus>200</ResponseStatus>
   <ResponseLength>10340</ResponseLength>
   <ResponseContentType>image/png</ResponseContentType>
   <CacheResult></CacheResult>
   <MissReason></MissReason>
   <Failed>false</Failed>
</Request>
<Request id="120">
   <Service>WMS</Service>
   <Version>1.1.1</Version>
   <Operation>GetMap</Operation>
   <SubOperation></SubOperation>
   <Resources>gis:ibaan</Resources>
   <ResourcesProcessingTime>23</ResourcesProcessingTime>
   <LabelsProcessingTime>0</LabelsProcessingTime>
   <Path>/gis/wms</Path>
   <QueryString>service=WMS&amp;request=GetMap&amp;layers=gis:ibaan&amp;styles=&amp;format=image/png&amp;transparent=true&amp;version=1.1.1&amp;tiled=true&amp;width=256&amp;height=256&amp;srs=EPSG:3857&amp;bbox=13485020.530070797,1551060.1779627972,13485326.278183937,1551365.926075937</QueryString>
   <Body>
   
   </Body>
   <HttpMethod>GET</HttpMethod>
   <StartTime>2025-09-30T07:57:58.9Z</StartTime>
   <EndTime>2025-09-30T07:57:58.953Z</EndTime>
   <TotalTime>53</TotalTime>
   <RemoteAddr>192.168.65.1</RemoteAddr>
   <RemoteHost>192.168.65.1</RemoteHost>
   <Host>localhost</Host>
   <RemoteUser>anonymous</RemoteUser>
   <ResponseStatus>200</ResponseStatus>
   <ResponseLength>14124</ResponseLength>
   <ResponseContentType>image/png</ResponseContentType>
   <CacheResult></CacheResult>
   <MissReason></MissReason>
   <Failed>false</Failed>
</Request>
<Request id="116">
   <Service>WMS</Service>
   <Version>1.1.1</Version>
   <Operation>GetMap</Operation>
   <SubOperation></SubOperation>
   <Resources>gis:ibaan</Resources>
   <ResourcesProcessingTime>41</ResourcesProcessingTime>
   <LabelsProcessingTime>1</LabelsProcessingTime>
   <Path>/gis/wms</Path>
   <QueryString>service=WMS&amp;request=GetMap&amp;layers=gis:ibaan&amp;styles=&amp;format=image/png&amp;transparent=true&amp;version=1.1.1&amp;tiled=true&amp;width=256&amp;height=256&amp;srs=EPSG:3857&amp;bbox=13485326.278183937,1551060.1779627972,13485632.026297078,1551365.926075937</QueryString>
   <Body>
   
   </Body>
   <HttpMethod>GET</HttpMethod>
   <StartTime>2025-09-30T07:57:58.9Z</StartTime>
   <EndTime>2025-09-30T07:57:58.965Z</EndTime>
   <TotalTime>65</TotalTime>
   <RemoteAddr>192.168.65.1</RemoteAddr>
   <RemoteHost>192.168.65.1</RemoteHost>
   <Host>localhost</Host>
   <RemoteUser>anonymous</RemoteUser>
   <ResponseStatus>200</ResponseStatus>
   <ResponseLength>14537</ResponseLength>
   <ResponseContentType>image/png</ResponseContentType>
   <CacheResult></CacheResult>
   <MissReason></MissReason>
   <Failed>false</Failed>
</Request>
<Request id="117">
   <Service>WMS</Service>
   <Version>1.1.1</Version>
   <Operation>GetMap</Operation>
   <SubOperation></SubOperation>
   <Resources>gis:ibaan</Resources>
   <ResourcesProcessingTime>30</ResourcesProcessingTime>
   <LabelsProcessingTime>0</LabelsProcessingTime>
   <Path>/gis/wms</Path>
   <QueryString>service=WMS&amp;request=GetMap&amp;layers=gis:ibaan&amp;styles=&amp;format=image/png&amp;transparent=true&amp;version=1.1.1&amp;tiled=true&amp;width=256&amp;height=256&amp;srs=EPSG:3857&amp;bbox=13485020.530070797,1551365.926075937,13485326.278183937,1551671.674189079</QueryString>
   <Body>
   
   </Body>
   <HttpMethod>GET</HttpMethod>
   <StartTime>2025-09-30T07:57:58.9Z</StartTime>
   <EndTime>2025-09-30T07:57:58.956Z</EndTime>
   <TotalTime>56</TotalTime>
   <RemoteAddr>192.168.65.1</RemoteAddr>
   <RemoteHost>192.168.65.1</RemoteHost>
   <Host>localhost</Host>
   <RemoteUser>anonymous</RemoteUser>
   <ResponseStatus>200</ResponseStatus>
   <ResponseLength>15314</ResponseLength>
   <ResponseContentType>image/png</ResponseContentType>
   <CacheResult></CacheResult>
   <MissReason></MissReason>
   <Failed>false</Failed>
</Request>
<Request id="118">
   <Service>WMS</Service>
   <Version>1.1.1</Version>
   <Operation>GetMap</Operation>
   <SubOperation></SubOperation>
   <Resources>gis:ibaan</Resources>
   <ResourcesProcessingTime>41</ResourcesProcessingTime>
   <LabelsProcessingTime>0</LabelsProcessingTime>
   <Path>/gis/wms</Path>
   <QueryString>service=WMS&amp;request=GetMap&amp;layers=gis:ibaan&amp;styles=&amp;format=image/png&amp;transparent=true&amp;version=1.1.1&amp;tiled=true&amp;width=256&amp;height=256&amp;srs=EPSG:3857&amp;bbox=13484714.781957656,1551060.1779627972,13485020.530070797,1551365.926075937</QueryString>
   <Body>
   
   </Body>
   <HttpMethod>GET</HttpMethod>
   <StartTime>2025-09-30T07:57:58.9Z</StartTime>
   <EndTime>2025-09-30T07:57:58.966Z</EndTime>
   <TotalTime>66</TotalTime>
   <RemoteAddr>192.168.65.1</RemoteAddr>
   <RemoteHost>192.168.65.1</RemoteHost>
   <Host>localhost</Host>
   <RemoteUser>anonymous</RemoteUser>
   <ResponseStatus>200</ResponseStatus>
   <ResponseLength>13047</ResponseLength>
   <ResponseContentType>image/png</ResponseContentType>
   <CacheResult></CacheResult>
   <MissReason></MissReason>
   <Failed>false</Failed>
</Request>
<Request id="115">
   <Service>WMS</Service>
   <Version>1.1.1</Version>
   <Operation>GetMap</Operation>
   <SubOperation></SubOperation>
   <Resources>gis:ibaan</Resources>
   <ResourcesProcessingTime>43</ResourcesProcessingTime>
   <LabelsProcessingTime>0</LabelsProcessingTime>
   <Path>/gis/wms</Path>
   <QueryString>service=WMS&amp;request=GetMap&amp;layers=gis:ibaan&amp;styles=&amp;format=image/png&amp;transparent=true&amp;version=1.1.1&amp;tiled=true&amp;width=256&amp;height=256&amp;srs=EPSG:3857&amp;bbox=13485326.278183937,1551365.926075937,13485632.026297078,1551671.674189079</QueryString>
   <Body>
   
   </Body>
   <HttpMethod>GET</HttpMethod>
   <StartTime>2025-09-30T07:57:58.9Z</StartTime>
   <EndTime>2025-09-30T07:57:58.974Z</EndTime>
   <TotalTime>74</TotalTime>
   <RemoteAddr>192.168.65.1</RemoteAddr>
   <RemoteHost>192.168.65.1</RemoteHost>
   <Host>localhost</Host>
   <RemoteUser>anonymous</RemoteUser>
   <ResponseStatus>200</ResponseStatus>
   <ResponseLength>20157</ResponseLength>
   <ResponseContentType>image/png</ResponseContentType>
   <CacheResult></CacheResult>
   <MissReason></MissReason>
   <Failed>false</Failed>
</Request>
</Requests>