<?xml version="1.0" encoding="UTF-8" ?>
<Requests><Request id="8">
   <Service>WFS</Service>
   <Version>2.0.0</Version>
   <Operation>GetFeature</Operation>
   <SubOperation></SubOperation>
   <Resources></Resources>
   <ResourcesProcessingTime></ResourcesProcessingTime>
   <LabelsProcessingTime></LabelsProcessingTime>
   <Path>/gis/wfs</Path>
   <QueryString>service=WFS&amp;version=2.0.0&amp;request=GetFeature&amp;typeNames=gis:ibaan&amp;srsName=EPSG:4326&amp;outputFormat=application/json&amp;count=999999</QueryString>
   <Body>
   
   </Body>
   <HttpMethod>GET</HttpMethod>
   <StartTime>2025-09-30T07:57:48.144Z</StartTime>
   <EndTime>2025-09-30T07:57:49.137Z</EndTime>
   <TotalTime>993</TotalTime>
   <RemoteAddr>192.168.65.1</RemoteAddr>
   <RemoteHost>192.168.65.1</RemoteHost>
   <Host>localhost</Host>
   <RemoteUser>anonymous</RemoteUser>
   <ResponseStatus>200</ResponseStatus>
   <ResponseLength>466944</ResponseLength>
   <ResponseContentType>application/json;charset=UTF-8</ResponseContentType>
   <CacheResult></CacheResult>
   <MissReason></MissReason>
   <Failed>false</Failed>
</Request>
<Request id="1">
   <Service>WMS</Service>
   <Version>1.1.1</Version>
   <Operation>GetMap</Operation>
   <SubOperation></SubOperation>
   <Resources>gis:ibaan</Resources>
   <ResourcesProcessingTime>248</ResourcesProcessingTime>
   <LabelsProcessingTime>4</LabelsProcessingTime>
   <Path>/gis/wms</Path>
   <QueryString>service=WMS&amp;request=GetMap&amp;layers=gis:ibaan&amp;styles=&amp;format=image/png&amp;transparent=true&amp;version=1.1.1&amp;tiled=true&amp;width=256&amp;height=256&amp;srs=EPSG:3857&amp;bbox=13462700.917811524,1545862.4600394047,13472484.857432026,1555646.3996599081</QueryString>
   <Body>
   
   </Body>
   <HttpMethod>GET</HttpMethod>
   <StartTime>2025-09-30T07:57:48.141Z</StartTime>
   <EndTime>2025-09-30T07:57:49.414Z</EndTime>
   <TotalTime>1,273</TotalTime>
   <RemoteAddr>192.168.65.1</RemoteAddr>
   <RemoteHost>192.168.65.1</RemoteHost>
   <Host>localhost</Host>
   <RemoteUser>anonymous</RemoteUser>
   <ResponseStatus>200</ResponseStatus>
   <ResponseLength>1784</ResponseLength>
   <ResponseContentType>image/png</ResponseContentType>
   <CacheResult></CacheResult>
   <MissReason></MissReason>
   <Failed>false</Failed>
</Request>
<Request id="3">
   <Service>WMS</Service>
   <Version>1.1.1</Version>
   <Operation>GetMap</Operation>
   <SubOperation></SubOperation>
   <Resources>gis:ibaan</Resources>
   <ResourcesProcessingTime>303</ResourcesProcessingTime>
   <LabelsProcessingTime>0</LabelsProcessingTime>
   <Path>/gis/wms</Path>
   <QueryString>service=WMS&amp;request=GetMap&amp;layers=gis:ibaan&amp;styles=&amp;format=image/png&amp;transparent=true&amp;version=1.1.1&amp;tiled=true&amp;width=256&amp;height=256&amp;srs=EPSG:3857&amp;bbox=13472484.857432026,1555646.3996599081,13482268.79705253,1565430.33928041</QueryString>
   <Body>
   
   </Body>
   <HttpMethod>GET</HttpMethod>
   <StartTime>2025-09-30T07:57:48.144Z</StartTime>
   <EndTime>2025-09-30T07:57:49.414Z</EndTime>
   <TotalTime>1,270</TotalTime>
   <RemoteAddr>192.168.65.1</RemoteAddr>
   <RemoteHost>192.168.65.1</RemoteHost>
   <Host>localhost</Host>
   <RemoteUser>anonymous</RemoteUser>
   <ResponseStatus>200</ResponseStatus>
   <ResponseLength>3974</ResponseLength>
   <ResponseContentType>image/png</ResponseContentType>
   <CacheResult></CacheResult>
   <MissReason></MissReason>
   <Failed>false</Failed>
</Request>
<Request id="2">
   <Service>WMS</Service>
   <Version>1.1.1</Version>
   <Operation>GetMap</Operation>
   <SubOperation></SubOperation>
   <Resources>gis:ibaan</Resources>
   <ResourcesProcessingTime>248</ResourcesProcessingTime>
   <LabelsProcessingTime>4</LabelsProcessingTime>
   <Path>/gis/wms</Path>
   <QueryString>service=WMS&amp;request=GetMap&amp;layers=gis:ibaan&amp;styles=&amp;format=image/png&amp;transparent=true&amp;version=1.1.1&amp;tiled=true&amp;width=256&amp;height=256&amp;srs=EPSG:3857&amp;bbox=13452916.978191022,1555646.3996599081,13462700.917811524,1565430.33928041</QueryString>
   <Body>
   
   </Body>
   <HttpMethod>GET</HttpMethod>
   <StartTime>2025-09-30T07:57:48.144Z</StartTime>
   <EndTime>2025-09-30T07:57:49.414Z</EndTime>
   <TotalTime>1,270</TotalTime>
   <RemoteAddr>192.168.65.1</RemoteAddr>
   <RemoteHost>192.168.65.1</RemoteHost>
   <Host>localhost</Host>
   <RemoteUser>anonymous</RemoteUser>
   <ResponseStatus>200</ResponseStatus>
   <ResponseLength>1784</ResponseLength>
   <ResponseContentType>image/png</ResponseContentType>
   <CacheResult></CacheResult>
   <MissReason></MissReason>
   <Failed>false</Failed>
</Request>
<Request id="11">
   <Service>WMS</Service>
   <Version>1.1.1</Version>
   <Operation>GetMap</Operation>
   <SubOperation></SubOperation>
   <Resources>gis:ibaan</Resources>
   <ResourcesProcessingTime>21</ResourcesProcessingTime>
   <LabelsProcessingTime>0</LabelsProcessingTime>
   <Path>/gis/wms</Path>
   <QueryString>service=WMS&amp;request=GetMap&amp;layers=gis:ibaan&amp;styles=&amp;format=image/png&amp;transparent=true&amp;version=1.1.1&amp;tiled=true&amp;width=256&amp;height=256&amp;srs=EPSG:3857&amp;bbox=13482268.79705253,1536078.5204189038,13492052.736673033,1545862.4600394047</QueryString>
   <Body>
   
   </Body>
   <HttpMethod>GET</HttpMethod>
   <StartTime>2025-09-30T07:57:49.42Z</StartTime>
   <EndTime>2025-09-30T07:57:49.48Z</EndTime>
   <TotalTime>60</TotalTime>
   <RemoteAddr>192.168.65.1</RemoteAddr>
   <RemoteHost>192.168.65.1</RemoteHost>
   <Host>localhost</Host>
   <RemoteUser>anonymous</RemoteUser>
   <ResponseStatus>200</ResponseStatus>
   <ResponseLength>1784</ResponseLength>
   <ResponseContentType>image/png</ResponseContentType>
   <CacheResult></CacheResult>
   <MissReason></MissReason>
   <Failed>false</Failed>
</Request>
<Request id="4">
   <Service>WMS</Service>
   <Version>1.1.1</Version>
   <Operation>GetMap</Operation>
   <SubOperation></SubOperation>
   <Resources>gis:ibaan</Resources>
   <ResourcesProcessingTime>356</ResourcesProcessingTime>
   <LabelsProcessingTime>0</LabelsProcessingTime>
   <Path>/gis/wms</Path>
   <QueryString>service=WMS&amp;request=GetMap&amp;layers=gis:ibaan&amp;styles=&amp;format=image/png&amp;transparent=true&amp;version=1.1.1&amp;tiled=true&amp;width=256&amp;height=256&amp;srs=EPSG:3857&amp;bbox=13472484.857432026,1545862.4600394047,13482268.79705253,1555646.3996599081</QueryString>
   <Body>
   
   </Body>
   <HttpMethod>GET</HttpMethod>
   <StartTime>2025-09-30T07:57:48.144Z</StartTime>
   <EndTime>2025-09-30T07:57:49.443Z</EndTime>
   <TotalTime>1,299</TotalTime>
   <RemoteAddr>192.168.65.1</RemoteAddr>
   <RemoteHost>192.168.65.1</RemoteHost>
   <Host>localhost</Host>
   <RemoteUser>anonymous</RemoteUser>
   <ResponseStatus>200</ResponseStatus>
   <ResponseLength>12107</ResponseLength>
   <ResponseContentType>image/png</ResponseContentType>
   <CacheResult></CacheResult>
   <MissReason></MissReason>
   <Failed>false</Failed>
</Request>
<Request id="9">
   <Service>WMS</Service>
   <Version>1.1.1</Version>
   <Operation>GetMap</Operation>
   <SubOperation></SubOperation>
   <Resources>gis:ibaan</Resources>
   <ResourcesProcessingTime>23</ResourcesProcessingTime>
   <LabelsProcessingTime>0</LabelsProcessingTime>
   <Path>/gis/wms</Path>
   <QueryString>service=WMS&amp;request=GetMap&amp;layers=gis:ibaan&amp;styles=&amp;format=image/png&amp;transparent=true&amp;version=1.1.1&amp;tiled=true&amp;width=256&amp;height=256&amp;srs=EPSG:3857&amp;bbox=13501836.676293535,1545862.4600394047,13511620.615914037,1555646.3996599081</QueryString>
   <Body>
   
   </Body>
   <HttpMethod>GET</HttpMethod>
   <StartTime>2025-09-30T07:57:49.42Z</StartTime>
   <EndTime>2025-09-30T07:57:49.487Z</EndTime>
   <TotalTime>67</TotalTime>
   <RemoteAddr>192.168.65.1</RemoteAddr>
   <RemoteHost>192.168.65.1</RemoteHost>
   <Host>localhost</Host>
   <RemoteUser>anonymous</RemoteUser>
   <ResponseStatus>200</ResponseStatus>
   <ResponseLength>1784</ResponseLength>
   <ResponseContentType>image/png</ResponseContentType>
   <CacheResult></CacheResult>
   <MissReason></MissReason>
   <Failed>false</Failed>
</Request>
<Request id="10">
   <Service>WMS</Service>
   <Version>1.1.1</Version>
   <Operation>GetMap</Operation>
   <SubOperation></SubOperation>
   <Resources>gis:ibaan</Resources>
   <ResourcesProcessingTime>25</ResourcesProcessingTime>
   <LabelsProcessingTime>0</LabelsProcessingTime>
   <Path>/gis/wms</Path>
   <QueryString>service=WMS&amp;request=GetMap&amp;layers=gis:ibaan&amp;styles=&amp;format=image/png&amp;transparent=true&amp;version=1.1.1&amp;tiled=true&amp;width=256&amp;height=256&amp;srs=EPSG:3857&amp;bbox=13452916.978191022,1536078.5204189038,13462700.917811524,1545862.4600394047</QueryString>
   <Body>
   
   </Body>
   <HttpMethod>GET</HttpMethod>
   <StartTime>2025-09-30T07:57:49.42Z</StartTime>
   <EndTime>2025-09-30T07:57:49.487Z</EndTime>
   <TotalTime>67</TotalTime>
   <RemoteAddr>192.168.65.1</RemoteAddr>
   <RemoteHost>192.168.65.1</RemoteHost>
   <Host>localhost</Host>
   <RemoteUser>anonymous</RemoteUser>
   <ResponseStatus>200</ResponseStatus>
   <ResponseLength>1784</ResponseLength>
   <ResponseContentType>image/png</ResponseContentType>
   <CacheResult></CacheResult>
   <MissReason></MissReason>
   <Failed>false</Failed>
</Request>
<Request id="5">
   <Service>WMS</Service>
   <Version>1.1.1</Version>
   <Operation>GetMap</Operation>
   <SubOperation></SubOperation>
   <Resources>gis:ibaan</Resources>
   <ResourcesProcessingTime>448</ResourcesProcessingTime>
   <LabelsProcessingTime>0</LabelsProcessingTime>
   <Path>/gis/wms</Path>
   <QueryString>service=WMS&amp;request=GetMap&amp;layers=gis:ibaan&amp;styles=&amp;format=image/png&amp;transparent=true&amp;version=1.1.1&amp;tiled=true&amp;width=256&amp;height=256&amp;srs=EPSG:3857&amp;bbox=13482268.79705253,1555646.3996599081,13492052.736673033,1565430.33928041</QueryString>
   <Body>
   
   </Body>
   <HttpMethod>GET</HttpMethod>
   <StartTime>2025-09-30T07:57:48.144Z</StartTime>
   <EndTime>2025-09-30T07:57:49.527Z</EndTime>
   <TotalTime>1,383</TotalTime>
   <RemoteAddr>192.168.65.1</RemoteAddr>
   <RemoteHost>192.168.65.1</RemoteHost>
   <Host>localhost</Host>
   <RemoteUser>anonymous</RemoteUser>
   <ResponseStatus>200</ResponseStatus>
   <ResponseLength>18725</ResponseLength>
   <ResponseContentType>image/png</ResponseContentType>
   <CacheResult></CacheResult>
   <MissReason></MissReason>
   <Failed>false</Failed>
</Request>
<Request id="12">
   <Service>WMS</Service>
   <Version>1.1.1</Version>
   <Operation>GetMap</Operation>
   <SubOperation></SubOperation>
   <Resources>gis:ibaan</Resources>
   <ResourcesProcessingTime>23</ResourcesProcessingTime>
   <LabelsProcessingTime>0</LabelsProcessingTime>
   <Path>/gis/wms</Path>
   <QueryString>service=WMS&amp;request=GetMap&amp;layers=gis:ibaan&amp;styles=&amp;format=image/png&amp;transparent=true&amp;version=1.1.1&amp;tiled=true&amp;width=256&amp;height=256&amp;srs=EPSG:3857&amp;bbox=13492052.736673033,1536078.5204189038,13501836.676293535,1545862.4600394047</QueryString>
   <Body>
   
   </Body>
   <HttpMethod>GET</HttpMethod>
   <StartTime>2025-09-30T07:57:49.447Z</StartTime>
   <EndTime>2025-09-30T07:57:49.509Z</EndTime>
   <TotalTime>62</TotalTime>
   <RemoteAddr>192.168.65.1</RemoteAddr>
   <RemoteHost>192.168.65.1</RemoteHost>
   <Host>localhost</Host>
   <RemoteUser>anonymous</RemoteUser>
   <ResponseStatus>200</ResponseStatus>
   <ResponseLength>1784</ResponseLength>
   <ResponseContentType>image/png</ResponseContentType>
   <CacheResult></CacheResult>
   <MissReason></MissReason>
   <Failed>false</Failed>
</Request>
<Request id="13">
   <Service>WMS</Service>
   <Version>1.1.1</Version>
   <Operation>GetMap</Operation>
   <SubOperation></SubOperation>
   <Resources>gis:ibaan</Resources>
   <ResourcesProcessingTime>20</ResourcesProcessingTime>
   <LabelsProcessingTime>0</LabelsProcessingTime>
   <Path>/gis/wms</Path>
   <QueryString>service=WMS&amp;request=GetMap&amp;layers=gis:ibaan&amp;styles=&amp;format=image/png&amp;transparent=true&amp;version=1.1.1&amp;tiled=true&amp;width=256&amp;height=256&amp;srs=EPSG:3857&amp;bbox=13472484.857432026,1536078.5204189038,13482268.79705253,1545862.4600394047</QueryString>
   <Body>
   
   </Body>
   <HttpMethod>GET</HttpMethod>
   <StartTime>2025-09-30T07:57:49.484Z</StartTime>
   <EndTime>2025-09-30T07:57:49.548Z</EndTime>
   <TotalTime>64</TotalTime>
   <RemoteAddr>192.168.65.1</RemoteAddr>
   <RemoteHost>192.168.65.1</RemoteHost>
   <Host>localhost</Host>
   <RemoteUser>anonymous</RemoteUser>
   <ResponseStatus>200</ResponseStatus>
   <ResponseLength>1784</ResponseLength>
   <ResponseContentType>image/png</ResponseContentType>
   <CacheResult></CacheResult>
   <MissReason></MissReason>
   <Failed>false</Failed>
</Request>
<Request id="14">
   <Service>WMS</Service>
   <Version>1.1.1</Version>
   <Operation>GetMap</Operation>
   <SubOperation></SubOperation>
   <Resources>gis:ibaan</Resources>
   <ResourcesProcessingTime>21</ResourcesProcessingTime>
   <LabelsProcessingTime>0</LabelsProcessingTime>
   <Path>/gis/wms</Path>
   <QueryString>service=WMS&amp;request=GetMap&amp;layers=gis:ibaan&amp;styles=&amp;format=image/png&amp;transparent=true&amp;version=1.1.1&amp;tiled=true&amp;width=256&amp;height=256&amp;srs=EPSG:3857&amp;bbox=13492052.736673033,1555646.3996599081,13501836.676293535,1565430.33928041</QueryString>
   <Body>
   
   </Body>
   <HttpMethod>GET</HttpMethod>
   <StartTime>2025-09-30T07:57:49.491Z</StartTime>
   <EndTime>2025-09-30T07:57:49.55Z</EndTime>
   <TotalTime>59</TotalTime>
   <RemoteAddr>192.168.65.1</RemoteAddr>
   <RemoteHost>192.168.65.1</RemoteHost>
   <Host>localhost</Host>
   <RemoteUser>anonymous</RemoteUser>
   <ResponseStatus>200</ResponseStatus>
   <ResponseLength>1784</ResponseLength>
   <ResponseContentType>image/png</ResponseContentType>
   <CacheResult></CacheResult>
   <MissReason></MissReason>
   <Failed>false</Failed>
</Request>
<Request id="16">
   <Service>WMS</Service>
   <Version>1.1.1</Version>
   <Operation>GetMap</Operation>
   <SubOperation></SubOperation>
   <Resources>gis:ibaan</Resources>
   <ResourcesProcessingTime>24</ResourcesProcessingTime>
   <LabelsProcessingTime>0</LabelsProcessingTime>
   <Path>/gis/wms</Path>
   <QueryString>service=WMS&amp;request=GetMap&amp;layers=gis:ibaan&amp;styles=&amp;format=image/png&amp;transparent=true&amp;version=1.1.1&amp;tiled=true&amp;width=256&amp;height=256&amp;srs=EPSG:3857&amp;bbox=13452916.978191022,1545862.4600394047,13462700.917811524,1555646.3996599081</QueryString>
   <Body>
   
   </Body>
   <HttpMethod>GET</HttpMethod>
   <StartTime>2025-09-30T07:57:49.513Z</StartTime>
   <EndTime>2025-09-30T07:57:49.577Z</EndTime>
   <TotalTime>64</TotalTime>
   <RemoteAddr>192.168.65.1</RemoteAddr>
   <RemoteHost>192.168.65.1</RemoteHost>
   <Host>localhost</Host>
   <RemoteUser>anonymous</RemoteUser>
   <ResponseStatus>200</ResponseStatus>
   <ResponseLength>1784</ResponseLength>
   <ResponseContentType>image/png</ResponseContentType>
   <CacheResult></CacheResult>
   <MissReason></MissReason>
   <Failed>false</Failed>
</Request>
<Request id="15">
   <Service>WMS</Service>
   <Version>1.1.1</Version>
   <Operation>GetMap</Operation>
   <SubOperation></SubOperation>
   <Resources>gis:ibaan</Resources>
   <ResourcesProcessingTime>22</ResourcesProcessingTime>
   <LabelsProcessingTime>0</LabelsProcessingTime>
   <Path>/gis/wms</Path>
   <QueryString>service=WMS&amp;request=GetMap&amp;layers=gis:ibaan&amp;styles=&amp;format=image/png&amp;transparent=true&amp;version=1.1.1&amp;tiled=true&amp;width=256&amp;height=256&amp;srs=EPSG:3857&amp;bbox=13462700.917811524,1536078.5204189038,13472484.857432026,1545862.4600394047</QueryString>
   <Body>
   
   </Body>
   <HttpMethod>GET</HttpMethod>
   <StartTime>2025-09-30T07:57:49.491Z</StartTime>
   <EndTime>2025-09-30T07:57:49.551Z</EndTime>
   <TotalTime>60</TotalTime>
   <RemoteAddr>192.168.65.1</RemoteAddr>
   <RemoteHost>192.168.65.1</RemoteHost>
   <Host>localhost</Host>
   <RemoteUser>anonymous</RemoteUser>
   <ResponseStatus>200</ResponseStatus>
   <ResponseLength>1784</ResponseLength>
   <ResponseContentType>image/png</ResponseContentType>
   <CacheResult></CacheResult>
   <MissReason></MissReason>
   <Failed>false</Failed>
</Request>
<Request id="18">
   <Service>WMS</Service>
   <Version>1.1.1</Version>
   <Operation>GetMap</Operation>
   <SubOperation></SubOperation>
   <Resources>gis:ibaan</Resources>
   <ResourcesProcessingTime>19</ResourcesProcessingTime>
   <LabelsProcessingTime>0</LabelsProcessingTime>
   <Path>/gis/wms</Path>
   <QueryString>service=WMS&amp;request=GetMap&amp;layers=gis:ibaan&amp;styles=&amp;format=image/png&amp;transparent=true&amp;version=1.1.1&amp;tiled=true&amp;width=256&amp;height=256&amp;srs=EPSG:3857&amp;bbox=13501836.676293535,1555646.3996599081,13511620.615914037,1565430.33928041</QueryString>
   <Body>
   
   </Body>
   <HttpMethod>GET</HttpMethod>
   <StartTime>2025-09-30T07:57:49.552Z</StartTime>
   <EndTime>2025-09-30T07:57:49.614Z</EndTime>
   <TotalTime>62</TotalTime>
   <RemoteAddr>192.168.65.1</RemoteAddr>
   <RemoteHost>192.168.65.1</RemoteHost>
   <Host>localhost</Host>
   <RemoteUser>anonymous</RemoteUser>
   <ResponseStatus>200</ResponseStatus>
   <ResponseLength>1784</ResponseLength>
   <ResponseContentType>image/png</ResponseContentType>
   <CacheResult></CacheResult>
   <MissReason></MissReason>
   <Failed>false</Failed>
</Request>
<Request id="17">
   <Service>WMS</Service>
   <Version>1.1.1</Version>
   <Operation>GetMap</Operation>
   <SubOperation></SubOperation>
   <Resources>gis:ibaan</Resources>
   <ResourcesProcessingTime>21</ResourcesProcessingTime>
   <LabelsProcessingTime>0</LabelsProcessingTime>
   <Path>/gis/wms</Path>
   <QueryString>service=WMS&amp;request=GetMap&amp;layers=gis:ibaan&amp;styles=&amp;format=image/png&amp;transparent=true&amp;version=1.1.1&amp;tiled=true&amp;width=256&amp;height=256&amp;srs=EPSG:3857&amp;bbox=13462700.917811524,1555646.3996599081,13472484.857432026,1565430.33928041</QueryString>
   <Body>
   
   </Body>
   <HttpMethod>GET</HttpMethod>
   <StartTime>2025-09-30T07:57:49.532Z</StartTime>
   <EndTime>2025-09-30T07:57:49.589Z</EndTime>
   <TotalTime>57</TotalTime>
   <RemoteAddr>192.168.65.1</RemoteAddr>
   <RemoteHost>192.168.65.1</RemoteHost>
   <Host>localhost</Host>
   <RemoteUser>anonymous</RemoteUser>
   <ResponseStatus>200</ResponseStatus>
   <ResponseLength>1784</ResponseLength>
   <ResponseContentType>image/png</ResponseContentType>
   <CacheResult></CacheResult>
   <MissReason></MissReason>
   <Failed>false</Failed>
</Request>
<Request id="20">
   <Service>WMS</Service>
   <Version>1.1.1</Version>
   <Operation>GetMap</Operation>
   <SubOperation></SubOperation>
   <Resources>gis:ibaan</Resources>
   <ResourcesProcessingTime>21</ResourcesProcessingTime>
   <LabelsProcessingTime>0</LabelsProcessingTime>
   <Path>/gis/wms</Path>
   <QueryString>service=WMS&amp;request=GetMap&amp;layers=gis:ibaan&amp;styles=&amp;format=image/png&amp;transparent=true&amp;version=1.1.1&amp;tiled=true&amp;width=256&amp;height=256&amp;srs=EPSG:3857&amp;bbox=13501836.676293535,1536078.5204189038,13511620.615914037,1545862.4600394047</QueryString>
   <Body>
   
   </Body>
   <HttpMethod>GET</HttpMethod>
   <StartTime>2025-09-30T07:57:49.555Z</StartTime>
   <EndTime>2025-09-30T07:57:49.619Z</EndTime>
   <TotalTime>64</TotalTime>
   <RemoteAddr>192.168.65.1</RemoteAddr>
   <RemoteHost>192.168.65.1</RemoteHost>
   <Host>localhost</Host>
   <RemoteUser>anonymous</RemoteUser>
   <ResponseStatus>200</ResponseStatus>
   <ResponseLength>1784</ResponseLength>
   <ResponseContentType>image/png</ResponseContentType>
   <CacheResult></CacheResult>
   <MissReason></MissReason>
   <Failed>false</Failed>
</Request>
<Request id="19">
   <Service>WMS</Service>
   <Version>1.1.1</Version>
   <Operation>GetMap</Operation>
   <SubOperation></SubOperation>
   <Resources>gis:ibaan</Resources>
   <ResourcesProcessingTime>21</ResourcesProcessingTime>
   <LabelsProcessingTime>0</LabelsProcessingTime>
   <Path>/gis/wms</Path>
   <QueryString>service=WMS&amp;request=GetMap&amp;layers=gis:ibaan&amp;styles=&amp;format=image/png&amp;transparent=true&amp;version=1.1.1&amp;tiled=true&amp;width=256&amp;height=256&amp;srs=EPSG:3857&amp;bbox=13492052.736673033,1545862.4600394047,13501836.676293535,1555646.3996599081</QueryString>
   <Body>
   
   </Body>
   <HttpMethod>GET</HttpMethod>
   <StartTime>2025-09-30T07:57:49.554Z</StartTime>
   <EndTime>2025-09-30T07:57:49.615Z</EndTime>
   <TotalTime>61</TotalTime>
   <RemoteAddr>192.168.65.1</RemoteAddr>
   <RemoteHost>192.168.65.1</RemoteHost>
   <Host>localhost</Host>
   <RemoteUser>anonymous</RemoteUser>
   <ResponseStatus>200</ResponseStatus>
   <ResponseLength>1784</ResponseLength>
   <ResponseContentType>image/png</ResponseContentType>
   <CacheResult></CacheResult>
   <MissReason></MissReason>
   <Failed>false</Failed>
</Request>
<Request id="7">
   <Service>WFS</Service>
   <Version>2.0.0</Version>
   <Operation>GetFeature</Operation>
   <SubOperation></SubOperation>
   <Resources></Resources>
   <ResourcesProcessingTime></ResourcesProcessingTime>
   <LabelsProcessingTime></LabelsProcessingTime>
   <Path>/gis/wfs</Path>
   <QueryString>service=WFS&amp;version=2.0.0&amp;request=GetFeature&amp;typeNames=gis:ibaan&amp;srsName=EPSG:4326&amp;outputFormat=application/json&amp;count=999999</QueryString>
   <Body>
   
   </Body>
   <HttpMethod>GET</HttpMethod>
   <StartTime>2025-09-30T07:57:48.144Z</StartTime>
   <EndTime>2025-09-30T07:57:49.633Z</EndTime>
   <TotalTime>1,489</TotalTime>
   <RemoteAddr>192.168.65.1</RemoteAddr>
   <RemoteHost>192.168.65.1</RemoteHost>
   <Host>localhost</Host>
   <RemoteUser>anonymous</RemoteUser>
   <ResponseStatus>200</ResponseStatus>
   <ResponseLength>2846643</ResponseLength>
   <ResponseContentType>application/json;charset=UTF-8</ResponseContentType>
   <CacheResult></CacheResult>
   <MissReason></MissReason>
   <Failed>false</Failed>
</Request>
<Request id="6">
   <Service>WMS</Service>
   <Version>1.1.1</Version>
   <Operation>GetMap</Operation>
   <SubOperation></SubOperation>
   <Resources>gis:ibaan</Resources>
   <ResourcesProcessingTime>567</ResourcesProcessingTime>
   <LabelsProcessingTime>0</LabelsProcessingTime>
   <Path>/gis/wms</Path>
   <QueryString>service=WMS&amp;request=GetMap&amp;layers=gis:ibaan&amp;styles=&amp;format=image/png&amp;transparent=true&amp;version=1.1.1&amp;tiled=true&amp;width=256&amp;height=256&amp;srs=EPSG:3857&amp;bbox=13482268.79705253,1545862.4600394047,13492052.736673033,1555646.3996599081</QueryString>
   <Body>
   
   </Body>
   <HttpMethod>GET</HttpMethod>
   <StartTime>2025-09-30T07:57:48.144Z</StartTime>
   <EndTime>2025-09-30T07:57:49.642Z</EndTime>
   <TotalTime>1,498</TotalTime>
   <RemoteAddr>192.168.65.1</RemoteAddr>
   <RemoteHost>192.168.65.1</RemoteHost>
   <Host>localhost</Host>
   <RemoteUser>anonymous</RemoteUser>
   <ResponseStatus>200</ResponseStatus>
   <ResponseLength>39627</ResponseLength>
   <ResponseContentType>image/png</ResponseContentType>
   <CacheResult></CacheResult>
   <MissReason></MissReason>
   <Failed>false</Failed>
</Request>
<Request id="26">
   <Service>WMS</Service>
   <Version>1.1.1</Version>
   <Operation>GetMap</Operation>
   <SubOperation></SubOperation>
   <Resources>gis:ibaan</Resources>
   <ResourcesProcessingTime>128</ResourcesProcessingTime>
   <LabelsProcessingTime>0</LabelsProcessingTime>
   <Path>/gis/wms</Path>
   <QueryString>service=WMS&amp;request=GetMap&amp;layers=gis:ibaan&amp;styles=&amp;format=image/png&amp;transparent=true&amp;version=1.1.1&amp;tiled=true&amp;width=256&amp;height=256&amp;srs=EPSG:3857&amp;bbox=13487160.766862782,1545862.4600394047,13492052.736673033,1550754.4298496568</QueryString>
   <Body>
   
   </Body>
   <HttpMethod>GET</HttpMethod>
   <StartTime>2025-09-30T07:57:50.176Z</StartTime>
   <EndTime>2025-09-30T07:57:50.34Z</EndTime>
   <TotalTime>164</TotalTime>
   <RemoteAddr>192.168.65.1</RemoteAddr>
   <RemoteHost>192.168.65.1</RemoteHost>
   <Host>localhost</Host>
   <RemoteUser>anonymous</RemoteUser>
   <ResponseStatus>200</ResponseStatus>
   <ResponseLength>25842</ResponseLength>
   <ResponseContentType>image/png</ResponseContentType>
   <CacheResult></CacheResult>
   <MissReason></MissReason>
   <Failed>false</Failed>
</Request>
<Request id="21">
   <Service>WMS</Service>
   <Version>1.1.1</Version>
   <Operation>GetMap</Operation>
   <SubOperation></SubOperation>
   <Resources>gis:ibaan</Resources>
   <ResourcesProcessingTime>98</ResourcesProcessingTime>
   <LabelsProcessingTime>0</LabelsProcessingTime>
   <Path>/gis/wms</Path>
   <QueryString>service=WMS&amp;request=GetMap&amp;layers=gis:ibaan&amp;styles=&amp;format=image/png&amp;transparent=true&amp;version=1.1.1&amp;tiled=true&amp;width=256&amp;height=256&amp;srs=EPSG:3857&amp;bbox=13487160.766862782,1555646.3996599081,13492052.736673033,1560538.3694701605</QueryString>
   <Body>
   
   </Body>
   <HttpMethod>GET</HttpMethod>
   <StartTime>2025-09-30T07:57:50.175Z</StartTime>
   <EndTime>2025-09-30T07:57:50.319Z</EndTime>
   <TotalTime>144</TotalTime>
   <RemoteAddr>192.168.65.1</RemoteAddr>
   <RemoteHost>192.168.65.1</RemoteHost>
   <Host>localhost</Host>
   <RemoteUser>anonymous</RemoteUser>
   <ResponseStatus>200</ResponseStatus>
   <ResponseLength>14070</ResponseLength>
   <ResponseContentType>image/png</ResponseContentType>
   <CacheResult></CacheResult>
   <MissReason></MissReason>
   <Failed>false</Failed>
</Request>
<Request id="22">
   <Service>WMS</Service>
   <Version>1.1.1</Version>
   <Operation>GetMap</Operation>
   <SubOperation></SubOperation>
   <Resources>gis:ibaan</Resources>
   <ResourcesProcessingTime>150</ResourcesProcessingTime>
   <LabelsProcessingTime>0</LabelsProcessingTime>
   <Path>/gis/wms</Path>
   <QueryString>service=WMS&amp;request=GetMap&amp;layers=gis:ibaan&amp;styles=&amp;format=image/png&amp;transparent=true&amp;version=1.1.1&amp;tiled=true&amp;width=256&amp;height=256&amp;srs=EPSG:3857&amp;bbox=13482268.79705253,1545862.4600394047,13487160.766862782,1550754.4298496568</QueryString>
   <Body>
   
   </Body>
   <HttpMethod>GET</HttpMethod>
   <StartTime>2025-09-30T07:57:50.175Z</StartTime>
   <EndTime>2025-09-30T07:57:50.368Z</EndTime>
   <TotalTime>193</TotalTime>
   <RemoteAddr>192.168.65.1</RemoteAddr>
   <RemoteHost>192.168.65.1</RemoteHost>
   <Host>localhost</Host>
   <RemoteUser>anonymous</RemoteUser>
   <ResponseStatus>200</ResponseStatus>
   <ResponseLength>21923</ResponseLength>
   <ResponseContentType>image/png</ResponseContentType>
   <CacheResult></CacheResult>
   <MissReason></MissReason>
   <Failed>false</Failed>
</Request>
<Request id="27">
   <Service>WMS</Service>
   <Version>1.1.1</Version>
   <Operation>GetMap</Operation>
   <SubOperation></SubOperation>
   <Resources>gis:ibaan</Resources>
   <ResourcesProcessingTime>22</ResourcesProcessingTime>
   <LabelsProcessingTime>0</LabelsProcessingTime>
   <Path>/gis/wms</Path>
   <QueryString>service=WMS&amp;request=GetMap&amp;layers=gis:ibaan&amp;styles=&amp;format=image/png&amp;transparent=true&amp;version=1.1.1&amp;tiled=true&amp;width=256&amp;height=256&amp;srs=EPSG:3857&amp;bbox=13487160.766862782,1540970.490229153,13492052.736673033,1545862.4600394047</QueryString>
   <Body>
   
   </Body>
   <HttpMethod>GET</HttpMethod>
   <StartTime>2025-09-30T07:57:50.276Z</StartTime>
   <EndTime>2025-09-30T07:57:50.358Z</EndTime>
   <TotalTime>82</TotalTime>
   <RemoteAddr>192.168.65.1</RemoteAddr>
   <RemoteHost>192.168.65.1</RemoteHost>
   <Host>localhost</Host>
   <RemoteUser>anonymous</RemoteUser>
   <ResponseStatus>200</ResponseStatus>
   <ResponseLength>1784</ResponseLength>
   <ResponseContentType>image/png</ResponseContentType>
   <CacheResult></CacheResult>
   <MissReason></MissReason>
   <Failed>false</Failed>
</Request>
<Request id="30">
   <Service>WMS</Service>
   <Version>1.1.1</Version>
   <Operation>GetMap</Operation>
   <SubOperation></SubOperation>
   <Resources>gis:ibaan</Resources>
   <ResourcesProcessingTime>23</ResourcesProcessingTime>
   <LabelsProcessingTime>0</LabelsProcessingTime>
   <Path>/gis/wms</Path>
   <QueryString>service=WMS&amp;request=GetMap&amp;layers=gis:ibaan&amp;styles=&amp;format=image/png&amp;transparent=true&amp;version=1.1.1&amp;tiled=true&amp;width=256&amp;height=256&amp;srs=EPSG:3857&amp;bbox=13492052.736673033,1540970.490229153,13496944.706483282,1545862.4600394047</QueryString>
   <Body>
   
   </Body>
   <HttpMethod>GET</HttpMethod>
   <StartTime>2025-09-30T07:57:50.276Z</StartTime>
   <EndTime>2025-09-30T07:57:50.39Z</EndTime>
   <TotalTime>114</TotalTime>
   <RemoteAddr>192.168.65.1</RemoteAddr>
   <RemoteHost>192.168.65.1</RemoteHost>
   <Host>localhost</Host>
   <RemoteUser>anonymous</RemoteUser>
   <ResponseStatus>200</ResponseStatus>
   <ResponseLength>1784</ResponseLength>
   <ResponseContentType>image/png</ResponseContentType>
   <CacheResult></CacheResult>
   <MissReason></MissReason>
   <Failed>false</Failed>
</Request>
<Request id="23">
   <Service>WMS</Service>
   <Version>1.1.1</Version>
   <Operation>GetMap</Operation>
   <SubOperation></SubOperation>
   <Resources>gis:ibaan</Resources>
   <ResourcesProcessingTime>153</ResourcesProcessingTime>
   <LabelsProcessingTime>0</LabelsProcessingTime>
   <Path>/gis/wms</Path>
   <QueryString>service=WMS&amp;request=GetMap&amp;layers=gis:ibaan&amp;styles=&amp;format=image/png&amp;transparent=true&amp;version=1.1.1&amp;tiled=true&amp;width=256&amp;height=256&amp;srs=EPSG:3857&amp;bbox=13487160.766862782,1550754.4298496568,13492052.736673033,1555646.3996599081</QueryString>
   <Body>
   
   </Body>
   <HttpMethod>GET</HttpMethod>
   <StartTime>2025-09-30T07:57:50.175Z</StartTime>
   <EndTime>2025-09-30T07:57:50.369Z</EndTime>
   <TotalTime>194</TotalTime>
   <RemoteAddr>192.168.65.1</RemoteAddr>
   <RemoteHost>192.168.65.1</RemoteHost>
   <Host>localhost</Host>
   <RemoteUser>anonymous</RemoteUser>
   <ResponseStatus>200</ResponseStatus>
   <ResponseLength>24371</ResponseLength>
   <ResponseContentType>image/png</ResponseContentType>
   <CacheResult></CacheResult>
   <MissReason></MissReason>
   <Failed>false</Failed>
</Request>
<Request id="25">
   <Service>WMS</Service>
   <Version>1.1.1</Version>
   <Operation>GetMap</Operation>
   <SubOperation></SubOperation>
   <Resources>gis:ibaan</Resources>
   <ResourcesProcessingTime>197</ResourcesProcessingTime>
   <LabelsProcessingTime>0</LabelsProcessingTime>
   <Path>/gis/wms</Path>
   <QueryString>service=WMS&amp;request=GetMap&amp;layers=gis:ibaan&amp;styles=&amp;format=image/png&amp;transparent=true&amp;version=1.1.1&amp;tiled=true&amp;width=256&amp;height=256&amp;srs=EPSG:3857&amp;bbox=13482268.79705253,1555646.3996599081,13487160.766862782,1560538.3694701605</QueryString>
   <Body>
   
   </Body>
   <HttpMethod>GET</HttpMethod>
   <StartTime>2025-09-30T07:57:50.175Z</StartTime>
   <EndTime>2025-09-30T07:57:50.417Z</EndTime>
   <TotalTime>242</TotalTime>
   <RemoteAddr>192.168.65.1</RemoteAddr>
   <RemoteHost>192.168.65.1</RemoteHost>
   <Host>localhost</Host>
   <RemoteUser>anonymous</RemoteUser>
   <ResponseStatus>200</ResponseStatus>
   <ResponseLength>44368</ResponseLength>
   <ResponseContentType>image/png</ResponseContentType>
   <CacheResult></CacheResult>
   <MissReason></MissReason>
   <Failed>false</Failed>
</Request>
<Request id="29">
   <Service>WMS</Service>
   <Version>1.1.1</Version>
   <Operation>GetMap</Operation>
   <SubOperation></SubOperation>
   <Resources>gis:ibaan</Resources>
   <ResourcesProcessingTime>39</ResourcesProcessingTime>
   <LabelsProcessingTime>0</LabelsProcessingTime>
   <Path>/gis/wms</Path>
   <QueryString>service=WMS&amp;request=GetMap&amp;layers=gis:ibaan&amp;styles=&amp;format=image/png&amp;transparent=true&amp;version=1.1.1&amp;tiled=true&amp;width=256&amp;height=256&amp;srs=EPSG:3857&amp;bbox=13477376.827242278,1555646.3996599081,13482268.79705253,1560538.3694701605</QueryString>
   <Body>
   
   </Body>
   <HttpMethod>GET</HttpMethod>
   <StartTime>2025-09-30T07:57:50.276Z</StartTime>
   <EndTime>2025-09-30T07:57:50.428Z</EndTime>
   <TotalTime>152</TotalTime>
   <RemoteAddr>192.168.65.1</RemoteAddr>
   <RemoteHost>192.168.65.1</RemoteHost>
   <Host>localhost</Host>
   <RemoteUser>anonymous</RemoteUser>
   <ResponseStatus>200</ResponseStatus>
   <ResponseLength>6926</ResponseLength>
   <ResponseContentType>image/png</ResponseContentType>
   <CacheResult></CacheResult>
   <MissReason></MissReason>
   <Failed>false</Failed>
</Request>
<Request id="31">
   <Service>WMS</Service>
   <Version>1.1.1</Version>
   <Operation>GetMap</Operation>
   <SubOperation></SubOperation>
   <Resources>gis:ibaan</Resources>
   <ResourcesProcessingTime>35</ResourcesProcessingTime>
   <LabelsProcessingTime>0</LabelsProcessingTime>
   <Path>/gis/wms</Path>
   <QueryString>service=WMS&amp;request=GetMap&amp;layers=gis:ibaan&amp;styles=&amp;format=image/png&amp;transparent=true&amp;version=1.1.1&amp;tiled=true&amp;width=256&amp;height=256&amp;srs=EPSG:3857&amp;bbox=13496944.706483282,1555646.3996599081,13501836.676293535,1560538.3694701605</QueryString>
   <Body>
   
   </Body>
   <HttpMethod>GET</HttpMethod>
   <StartTime>2025-09-30T07:57:50.276Z</StartTime>
   <EndTime>2025-09-30T07:57:50.428Z</EndTime>
   <TotalTime>152</TotalTime>
   <RemoteAddr>192.168.65.1</RemoteAddr>
   <RemoteHost>192.168.65.1</RemoteHost>
   <Host>localhost</Host>
   <RemoteUser>anonymous</RemoteUser>
   <ResponseStatus>200</ResponseStatus>
   <ResponseLength>1784</ResponseLength>
   <ResponseContentType>image/png</ResponseContentType>
   <CacheResult></CacheResult>
   <MissReason></MissReason>
   <Failed>false</Failed>
</Request>
<Request id="35">
   <Service>WMS</Service>
   <Version>1.1.1</Version>
   <Operation>GetMap</Operation>
   <SubOperation></SubOperation>
   <Resources>gis:ibaan</Resources>
   <ResourcesProcessingTime>55</ResourcesProcessingTime>
   <LabelsProcessingTime>0</LabelsProcessingTime>
   <Path>/gis/wms</Path>
   <QueryString>service=WMS&amp;request=GetMap&amp;layers=gis:ibaan&amp;styles=&amp;format=image/png&amp;transparent=true&amp;version=1.1.1&amp;tiled=true&amp;width=256&amp;height=256&amp;srs=EPSG:3857&amp;bbox=13479822.812147403,1553200.4147547819,13482268.79705253,1555646.3996599081</QueryString>
   <Body>
   
   </Body>
   <HttpMethod>GET</HttpMethod>
   <StartTime>2025-09-30T07:57:50.293Z</StartTime>
   <EndTime>2025-09-30T07:57:50.431Z</EndTime>
   <TotalTime>138</TotalTime>
   <RemoteAddr>192.168.65.1</RemoteAddr>
   <RemoteHost>192.168.65.1</RemoteHost>
   <Host>localhost</Host>
   <RemoteUser>anonymous</RemoteUser>
   <ResponseStatus>200</ResponseStatus>
   <ResponseLength>29519</ResponseLength>
   <ResponseContentType>image/png</ResponseContentType>
   <CacheResult></CacheResult>
   <MissReason></MissReason>
   <Failed>false</Failed>
</Request>
<Request id="24">
   <Service>WMS</Service>
   <Version>1.1.1</Version>
   <Operation>GetMap</Operation>
   <SubOperation></SubOperation>
   <Resources>gis:ibaan</Resources>
   <ResourcesProcessingTime>235</ResourcesProcessingTime>
   <LabelsProcessingTime>0</LabelsProcessingTime>
   <Path>/gis/wms</Path>
   <QueryString>service=WMS&amp;request=GetMap&amp;layers=gis:ibaan&amp;styles=&amp;format=image/png&amp;transparent=true&amp;version=1.1.1&amp;tiled=true&amp;width=256&amp;height=256&amp;srs=EPSG:3857&amp;bbox=13482268.79705253,1550754.4298496568,13487160.766862782,1555646.3996599081</QueryString>
   <Body>
   
   </Body>
   <HttpMethod>GET</HttpMethod>
   <StartTime>2025-09-30T07:57:50.175Z</StartTime>
   <EndTime>2025-09-30T07:57:50.448Z</EndTime>
   <TotalTime>273</TotalTime>
   <RemoteAddr>192.168.65.1</RemoteAddr>
   <RemoteHost>192.168.65.1</RemoteHost>
   <Host>localhost</Host>
   <RemoteUser>anonymous</RemoteUser>
   <ResponseStatus>200</ResponseStatus>
   <ResponseLength>66339</ResponseLength>
   <ResponseContentType>image/png</ResponseContentType>
   <CacheResult></CacheResult>
   <MissReason></MissReason>
   <Failed>false</Failed>
</Request>
<Request id="33">
   <Service>WMS</Service>
   <Version>1.1.1</Version>
   <Operation>GetMap</Operation>
   <SubOperation></SubOperation>
   <Resources>gis:ibaan</Resources>
   <ResourcesProcessingTime>23</ResourcesProcessingTime>
   <LabelsProcessingTime>0</LabelsProcessingTime>
   <Path>/gis/wms</Path>
   <QueryString>service=WMS&amp;request=GetMap&amp;layers=gis:ibaan&amp;styles=&amp;format=image/png&amp;transparent=true&amp;version=1.1.1&amp;tiled=true&amp;width=256&amp;height=256&amp;srs=EPSG:3857&amp;bbox=13489606.751767907,1553200.4147547819,13492052.736673033,1555646.3996599081</QueryString>
   <Body>
   
   </Body>
   <HttpMethod>GET</HttpMethod>
   <StartTime>2025-09-30T07:57:50.287Z</StartTime>
   <EndTime>2025-09-30T07:57:50.459Z</EndTime>
   <TotalTime>172</TotalTime>
   <RemoteAddr>192.168.65.1</RemoteAddr>
   <RemoteHost>192.168.65.1</RemoteHost>
   <Host>localhost</Host>
   <RemoteUser>anonymous</RemoteUser>
   <ResponseStatus>200</ResponseStatus>
   <ResponseLength>1784</ResponseLength>
   <ResponseContentType>image/png</ResponseContentType>
   <CacheResult></CacheResult>
   <MissReason></MissReason>
   <Failed>false</Failed>
</Request>
<Request id="28">
   <Service>WMS</Service>
   <Version>1.1.1</Version>
   <Operation>GetMap</Operation>
   <SubOperation></SubOperation>
   <Resources>gis:ibaan</Resources>
   <ResourcesProcessingTime>32</ResourcesProcessingTime>
   <LabelsProcessingTime>0</LabelsProcessingTime>
   <Path>/gis/wms</Path>
   <QueryString>service=WMS&amp;request=GetMap&amp;layers=gis:ibaan&amp;styles=&amp;format=image/png&amp;transparent=true&amp;version=1.1.1&amp;tiled=true&amp;width=256&amp;height=256&amp;srs=EPSG:3857&amp;bbox=13492052.736673033,1545862.4600394047,13496944.706483282,1550754.4298496568</QueryString>
   <Body>
   
   </Body>
   <HttpMethod>GET</HttpMethod>
   <StartTime>2025-09-30T07:57:50.276Z</StartTime>
   <EndTime>2025-09-30T07:57:50.483Z</EndTime>
   <TotalTime>207</TotalTime>
   <RemoteAddr>192.168.65.1</RemoteAddr>
   <RemoteHost>192.168.65.1</RemoteHost>
   <Host>localhost</Host>
   <RemoteUser>anonymous</RemoteUser>
   <ResponseStatus>200</ResponseStatus>
   <ResponseLength>1784</ResponseLength>
   <ResponseContentType>image/png</ResponseContentType>
   <CacheResult></CacheResult>
   <MissReason></MissReason>
   <Failed>false</Failed>
</Request>
<Request id="34">
   <Service>WMS</Service>
   <Version>1.1.1</Version>
   <Operation>GetMap</Operation>
   <SubOperation></SubOperation>
   <Resources>gis:ibaan</Resources>
   <ResourcesProcessingTime>50</ResourcesProcessingTime>
   <LabelsProcessingTime>0</LabelsProcessingTime>
   <Path>/gis/wms</Path>
   <QueryString>service=WMS&amp;request=GetMap&amp;layers=gis:ibaan&amp;styles=&amp;format=image/png&amp;transparent=true&amp;version=1.1.1&amp;tiled=true&amp;width=256&amp;height=256&amp;srs=EPSG:3857&amp;bbox=13482268.79705253,1550754.4298496568,13484714.781957656,1553200.4147547819</QueryString>
   <Body>
   
   </Body>
   <HttpMethod>GET</HttpMethod>
   <StartTime>2025-09-30T07:57:50.292Z</StartTime>
   <EndTime>2025-09-30T07:57:50.467Z</EndTime>
   <TotalTime>175</TotalTime>
   <RemoteAddr>192.168.65.1</RemoteAddr>
   <RemoteHost>192.168.65.1</RemoteHost>
   <Host>localhost</Host>
   <RemoteUser>anonymous</RemoteUser>
   <ResponseStatus>200</ResponseStatus>
   <ResponseLength>44837</ResponseLength>
   <ResponseContentType>image/png</ResponseContentType>
   <CacheResult></CacheResult>
   <MissReason></MissReason>
   <Failed>false</Failed>
</Request>
<Request id="32">
   <Service>WMS</Service>
   <Version>1.1.1</Version>
   <Operation>GetMap</Operation>
   <SubOperation></SubOperation>
   <Resources>gis:ibaan</Resources>
   <ResourcesProcessingTime>65</ResourcesProcessingTime>
   <LabelsProcessingTime>0</LabelsProcessingTime>
   <Path>/gis/wms</Path>
   <QueryString>service=WMS&amp;request=GetMap&amp;layers=gis:ibaan&amp;styles=&amp;format=image/png&amp;transparent=true&amp;version=1.1.1&amp;tiled=true&amp;width=256&amp;height=256&amp;srs=EPSG:3857&amp;bbox=13479822.812147403,1550754.4298496568,13482268.79705253,1553200.4147547819</QueryString>
   <Body>
   
   </Body>
   <HttpMethod>GET</HttpMethod>
   <StartTime>2025-09-30T07:57:50.283Z</StartTime>
   <EndTime>2025-09-30T07:57:50.532Z</EndTime>
   <TotalTime>249</TotalTime>
   <RemoteAddr>192.168.65.1</RemoteAddr>
   <RemoteHost>192.168.65.1</RemoteHost>
   <Host>localhost</Host>
   <RemoteUser>anonymous</RemoteUser>
   <ResponseStatus>200</ResponseStatus>
   <ResponseLength>32541</ResponseLength>
   <ResponseContentType>image/png</ResponseContentType>
   <CacheResult></CacheResult>
   <MissReason></MissReason>
   <Failed>false</Failed>
</Request>
<Request id="36">
   <Service>WMS</Service>
   <Version>1.1.1</Version>
   <Operation>GetMap</Operation>
   <SubOperation></SubOperation>
   <Resources>gis:ibaan</Resources>
   <ResourcesProcessingTime>68</ResourcesProcessingTime>
   <LabelsProcessingTime>0</LabelsProcessingTime>
   <Path>/gis/wms</Path>
   <QueryString>service=WMS&amp;request=GetMap&amp;layers=gis:ibaan&amp;styles=&amp;format=image/png&amp;transparent=true&amp;version=1.1.1&amp;tiled=true&amp;width=256&amp;height=256&amp;srs=EPSG:3857&amp;bbox=13487160.766862782,1553200.4147547819,13489606.751767907,1555646.3996599081</QueryString>
   <Body>
   
   </Body>
   <HttpMethod>GET</HttpMethod>
   <StartTime>2025-09-30T07:57:50.294Z</StartTime>
   <EndTime>2025-09-30T07:57:50.53Z</EndTime>
   <TotalTime>236</TotalTime>
   <RemoteAddr>192.168.65.1</RemoteAddr>
   <RemoteHost>192.168.65.1</RemoteHost>
   <Host>localhost</Host>
   <RemoteUser>anonymous</RemoteUser>
   <ResponseStatus>200</ResponseStatus>
   <ResponseLength>30594</ResponseLength>
   <ResponseContentType>image/png</ResponseContentType>
   <CacheResult></CacheResult>
   <MissReason></MissReason>
   <Failed>false</Failed>
</Request>
<Request id="46">
   <Service>WMS</Service>
   <Version>1.1.1</Version>
   <Operation>GetMap</Operation>
   <SubOperation></SubOperation>
   <Resources>gis:ibaan</Resources>
   <ResourcesProcessingTime>29</ResourcesProcessingTime>
   <LabelsProcessingTime>0</LabelsProcessingTime>
   <Path>/gis/wms</Path>
   <QueryString>service=WMS&amp;request=GetMap&amp;layers=gis:ibaan&amp;styles=&amp;format=image/png&amp;transparent=true&amp;version=1.1.1&amp;tiled=true&amp;width=256&amp;height=256&amp;srs=EPSG:3857&amp;bbox=13488383.759315344,1550754.4298496568,13489606.751767907,1551977.4223022193</QueryString>
   <Body>
   
   </Body>
   <HttpMethod>GET</HttpMethod>
   <StartTime>2025-09-30T07:57:50.383Z</StartTime>
   <EndTime>2025-09-30T07:57:50.539Z</EndTime>
   <TotalTime>156</TotalTime>
   <RemoteAddr>192.168.65.1</RemoteAddr>
   <RemoteHost>192.168.65.1</RemoteHost>
   <Host>localhost</Host>
   <RemoteUser>anonymous</RemoteUser>
   <ResponseStatus>200</ResponseStatus>
   <ResponseLength>6169</ResponseLength>
   <ResponseContentType>image/png</ResponseContentType>
   <CacheResult></CacheResult>
   <MissReason></MissReason>
   <Failed>false</Failed>
</Request>
<Request id="38">
   <Service>WMS</Service>
   <Version>1.1.1</Version>
   <Operation>GetMap</Operation>
   <SubOperation></SubOperation>
   <Resources>gis:ibaan</Resources>
   <ResourcesProcessingTime>38</ResourcesProcessingTime>
   <LabelsProcessingTime>0</LabelsProcessingTime>
   <Path>/gis/wms</Path>
   <QueryString>service=WMS&amp;request=GetMap&amp;layers=gis:ibaan&amp;styles=&amp;format=image/png&amp;transparent=true&amp;version=1.1.1&amp;tiled=true&amp;width=256&amp;height=256&amp;srs=EPSG:3857&amp;bbox=13477376.827242278,1553200.4147547819,13479822.812147403,1555646.3996599081</QueryString>
   <Body>
   
   </Body>
   <HttpMethod>GET</HttpMethod>
   <StartTime>2025-09-30T07:57:50.374Z</StartTime>
   <EndTime>2025-09-30T07:57:50.54Z</EndTime>
   <TotalTime>166</TotalTime>
   <RemoteAddr>192.168.65.1</RemoteAddr>
   <RemoteHost>192.168.65.1</RemoteHost>
   <Host>localhost</Host>
   <RemoteUser>anonymous</RemoteUser>
   <ResponseStatus>200</ResponseStatus>
   <ResponseLength>1784</ResponseLength>
   <ResponseContentType>image/png</ResponseContentType>
   <CacheResult></CacheResult>
   <MissReason></MissReason>
   <Failed>false</Failed>
</Request>
<Request id="37">
   <Service>WMS</Service>
   <Version>1.1.1</Version>
   <Operation>GetMap</Operation>
   <SubOperation></SubOperation>
   <Resources>gis:ibaan</Resources>
   <ResourcesProcessingTime>92</ResourcesProcessingTime>
   <LabelsProcessingTime>0</LabelsProcessingTime>
   <Path>/gis/wms</Path>
   <QueryString>service=WMS&amp;request=GetMap&amp;layers=gis:ibaan&amp;styles=&amp;format=image/png&amp;transparent=true&amp;version=1.1.1&amp;tiled=true&amp;width=256&amp;height=256&amp;srs=EPSG:3857&amp;bbox=13482268.79705253,1553200.4147547819,13484714.781957656,1555646.3996599081</QueryString>
   <Body>
   
   </Body>
   <HttpMethod>GET</HttpMethod>
   <StartTime>2025-09-30T07:57:50.298Z</StartTime>
   <EndTime>2025-09-30T07:57:50.562Z</EndTime>
   <TotalTime>264</TotalTime>
   <RemoteAddr>192.168.65.1</RemoteAddr>
   <RemoteHost>192.168.65.1</RemoteHost>
   <Host>localhost</Host>
   <RemoteUser>anonymous</RemoteUser>
   <ResponseStatus>200</ResponseStatus>
   <ResponseLength>50040</ResponseLength>
   <ResponseContentType>image/png</ResponseContentType>
   <CacheResult></CacheResult>
   <MissReason></MissReason>
   <Failed>false</Failed>
</Request>
<Request id="39">
   <Service>WMS</Service>
   <Version>1.1.1</Version>
   <Operation>GetMap</Operation>
   <SubOperation></SubOperation>
   <Resources>gis:ibaan</Resources>
   <ResourcesProcessingTime>41</ResourcesProcessingTime>
   <LabelsProcessingTime>0</LabelsProcessingTime>
   <Path>/gis/wms</Path>
   <QueryString>service=WMS&amp;request=GetMap&amp;layers=gis:ibaan&amp;styles=&amp;format=image/png&amp;transparent=true&amp;version=1.1.1&amp;tiled=true&amp;width=256&amp;height=256&amp;srs=EPSG:3857&amp;bbox=13492052.736673033,1548308.4449445307,13494498.721578157,1550754.4298496568</QueryString>
   <Body>
   
   </Body>
   <HttpMethod>GET</HttpMethod>
   <StartTime>2025-09-30T07:57:50.374Z</StartTime>
   <EndTime>2025-09-30T07:57:50.541Z</EndTime>
   <TotalTime>167</TotalTime>
   <RemoteAddr>192.168.65.1</RemoteAddr>
   <RemoteHost>192.168.65.1</RemoteHost>
   <Host>localhost</Host>
   <RemoteUser>anonymous</RemoteUser>
   <ResponseStatus>200</ResponseStatus>
   <ResponseLength>1784</ResponseLength>
   <ResponseContentType>image/png</ResponseContentType>
   <CacheResult></CacheResult>
   <MissReason></MissReason>
   <Failed>false</Failed>
</Request>
</Requests>