<?xml version="1.0" encoding="UTF-8" ?>
<Requests><Request id="321">
   <Service>WMS</Service>
   <Version>1.1.1</Version>
   <Operation>GetMap</Operation>
   <SubOperation></SubOperation>
   <Resources>gis:ibaan</Resources>
   <ResourcesProcessingTime>39</ResourcesProcessingTime>
   <LabelsProcessingTime>0</LabelsProcessingTime>
   <Path>/gis/wms</Path>
   <QueryString>service=WMS&amp;request=GetMap&amp;layers=gis:ibaan&amp;styles=&amp;format=image/png&amp;transparent=true&amp;version=1.1.1&amp;tiled=true&amp;width=256&amp;height=256&amp;srs=EPSG:3857&amp;bbox=13485020.530070797,1551365.926075937,13485173.404127365,1551518.8001325089</QueryString>
   <Body>
   
   </Body>
   <HttpMethod>GET</HttpMethod>
   <StartTime>2025-09-30T10:35:52.112Z</StartTime>
   <EndTime>2025-09-30T10:35:52.185Z</EndTime>
   <TotalTime>73</TotalTime>
   <RemoteAddr>192.168.65.1</RemoteAddr>
   <RemoteHost>192.168.65.1</RemoteHost>
   <Host>localhost</Host>
   <RemoteUser>anonymous</RemoteUser>
   <ResponseStatus>200</ResponseStatus>
   <ResponseLength>5553</ResponseLength>
   <ResponseContentType>image/png</ResponseContentType>
   <CacheResult></CacheResult>
   <MissReason></MissReason>
   <Failed>false</Failed>
</Request>
<Request id="323">
   <Service>WMS</Service>
   <Version>1.1.1</Version>
   <Operation>GetMap</Operation>
   <SubOperation></SubOperation>
   <Resources>gis:ibaan</Resources>
   <ResourcesProcessingTime>37</ResourcesProcessingTime>
   <LabelsProcessingTime>0</LabelsProcessingTime>
   <Path>/gis/wms</Path>
   <QueryString>service=WMS&amp;request=GetMap&amp;layers=gis:ibaan&amp;styles=&amp;format=image/png&amp;transparent=true&amp;version=1.1.1&amp;tiled=true&amp;width=256&amp;height=256&amp;srs=EPSG:3857&amp;bbox=13485173.404127365,1551213.0520193682,13485326.278183937,1551365.926075937</QueryString>
   <Body>
   
   </Body>
   <HttpMethod>GET</HttpMethod>
   <StartTime>2025-09-30T10:35:52.114Z</StartTime>
   <EndTime>2025-09-30T10:35:52.185Z</EndTime>
   <TotalTime>71</TotalTime>
   <RemoteAddr>192.168.65.1</RemoteAddr>
   <RemoteHost>192.168.65.1</RemoteHost>
   <Host>localhost</Host>
   <RemoteUser>anonymous</RemoteUser>
   <ResponseStatus>200</ResponseStatus>
   <ResponseLength>9382</ResponseLength>
   <ResponseContentType>image/png</ResponseContentType>
   <CacheResult></CacheResult>
   <MissReason></MissReason>
   <Failed>false</Failed>
</Request>
<Request id="324">
   <Service>WMS</Service>
   <Version>1.1.1</Version>
   <Operation>GetMap</Operation>
   <SubOperation></SubOperation>
   <Resources>gis:ibaan</Resources>
   <ResourcesProcessingTime>49</ResourcesProcessingTime>
   <LabelsProcessingTime>0</LabelsProcessingTime>
   <Path>/gis/wms</Path>
   <QueryString>service=WMS&amp;request=GetMap&amp;layers=gis:ibaan&amp;styles=&amp;format=image/png&amp;transparent=true&amp;version=1.1.1&amp;tiled=true&amp;width=256&amp;height=256&amp;srs=EPSG:3857&amp;bbox=13485479.152240507,1551060.1779627972,13485632.026297078,1551213.0520193682</QueryString>
   <Body>
   
   </Body>
   <HttpMethod>GET</HttpMethod>
   <StartTime>2025-09-30T10:35:52.128Z</StartTime>
   <EndTime>2025-09-30T10:35:52.214Z</EndTime>
   <TotalTime>86</TotalTime>
   <RemoteAddr>192.168.65.1</RemoteAddr>
   <RemoteHost>192.168.65.1</RemoteHost>
   <Host>localhost</Host>
   <RemoteUser>anonymous</RemoteUser>
   <ResponseStatus>200</ResponseStatus>
   <ResponseLength>9544</ResponseLength>
   <ResponseContentType>image/png</ResponseContentType>
   <CacheResult></CacheResult>
   <MissReason></MissReason>
   <Failed>false</Failed>
</Request>
<Request id="322">
   <Service>WMS</Service>
   <Version>1.1.1</Version>
   <Operation>GetMap</Operation>
   <SubOperation></SubOperation>
   <Resources>gis:ibaan</Resources>
   <ResourcesProcessingTime>50</ResourcesProcessingTime>
   <LabelsProcessingTime>0</LabelsProcessingTime>
   <Path>/gis/wms</Path>
   <QueryString>service=WMS&amp;request=GetMap&amp;layers=gis:ibaan&amp;styles=&amp;format=image/png&amp;transparent=true&amp;version=1.1.1&amp;tiled=true&amp;width=256&amp;height=256&amp;srs=EPSG:3857&amp;bbox=13484714.781957656,1551213.0520193682,13484867.656014226,1551365.926075937</QueryString>
   <Body>
   
   </Body>
   <HttpMethod>GET</HttpMethod>
   <StartTime>2025-09-30T10:35:52.112Z</StartTime>
   <EndTime>2025-09-30T10:35:52.191Z</EndTime>
   <TotalTime>79</TotalTime>
   <RemoteAddr>192.168.65.1</RemoteAddr>
   <RemoteHost>192.168.65.1</RemoteHost>
   <Host>localhost</Host>
   <RemoteUser>anonymous</RemoteUser>
   <ResponseStatus>200</ResponseStatus>
   <ResponseLength>6447</ResponseLength>
   <ResponseContentType>image/png</ResponseContentType>
   <CacheResult></CacheResult>
   <MissReason></MissReason>
   <Failed>false</Failed>
</Request>
<Request id="325">
   <Service>WMS</Service>
   <Version>1.1.1</Version>
   <Operation>GetMap</Operation>
   <SubOperation></SubOperation>
   <Resources>gis:ibaan</Resources>
   <ResourcesProcessingTime>35</ResourcesProcessingTime>
   <LabelsProcessingTime>0</LabelsProcessingTime>
   <Path>/gis/wms</Path>
   <QueryString>service=WMS&amp;request=GetMap&amp;layers=gis:ibaan&amp;styles=&amp;format=image/png&amp;transparent=true&amp;version=1.1.1&amp;tiled=true&amp;width=256&amp;height=256&amp;srs=EPSG:3857&amp;bbox=13485479.152240507,1551213.0520193682,13485632.026297078,1551365.926075937</QueryString>
   <Body>
   
   </Body>
   <HttpMethod>GET</HttpMethod>
   <StartTime>2025-09-30T10:35:52.151Z</StartTime>
   <EndTime>2025-09-30T10:35:52.216Z</EndTime>
   <TotalTime>65</TotalTime>
   <RemoteAddr>192.168.65.1</RemoteAddr>
   <RemoteHost>192.168.65.1</RemoteHost>
   <Host>localhost</Host>
   <RemoteUser>anonymous</RemoteUser>
   <ResponseStatus>200</ResponseStatus>
   <ResponseLength>9224</ResponseLength>
   <ResponseContentType>image/png</ResponseContentType>
   <CacheResult></CacheResult>
   <MissReason></MissReason>
   <Failed>false</Failed>
</Request>
<Request id="326">
   <Service>WMS</Service>
   <Version>1.1.1</Version>
   <Operation>GetMap</Operation>
   <SubOperation></SubOperation>
   <Resources>gis:ibaan</Resources>
   <ResourcesProcessingTime>32</ResourcesProcessingTime>
   <LabelsProcessingTime>0</LabelsProcessingTime>
   <Path>/gis/wms</Path>
   <QueryString>service=WMS&amp;request=GetMap&amp;layers=gis:ibaan&amp;styles=&amp;format=image/png&amp;transparent=true&amp;version=1.1.1&amp;tiled=true&amp;width=256&amp;height=256&amp;srs=EPSG:3857&amp;bbox=13485173.404127365,1551060.1779627972,13485326.278183937,1551213.0520193682</QueryString>
   <Body>
   
   </Body>
   <HttpMethod>GET</HttpMethod>
   <StartTime>2025-09-30T10:35:52.157Z</StartTime>
   <EndTime>2025-09-30T10:35:52.219Z</EndTime>
   <TotalTime>62</TotalTime>
   <RemoteAddr>192.168.65.1</RemoteAddr>
   <RemoteHost>192.168.65.1</RemoteHost>
   <Host>localhost</Host>
   <RemoteUser>anonymous</RemoteUser>
   <ResponseStatus>200</ResponseStatus>
   <ResponseLength>6800</ResponseLength>
   <ResponseContentType>image/png</ResponseContentType>
   <CacheResult></CacheResult>
   <MissReason></MissReason>
   <Failed>false</Failed>
</Request>
<Request id="328">
   <Service>WMS</Service>
   <Version>1.1.1</Version>
   <Operation>GetMap</Operation>
   <SubOperation></SubOperation>
   <Resources>gis:ibaan</Resources>
   <ResourcesProcessingTime>30</ResourcesProcessingTime>
   <LabelsProcessingTime>0</LabelsProcessingTime>
   <Path>/gis/wms</Path>
   <QueryString>service=WMS&amp;request=GetMap&amp;layers=gis:ibaan&amp;styles=&amp;format=image/png&amp;transparent=true&amp;version=1.1.1&amp;tiled=true&amp;width=256&amp;height=256&amp;srs=EPSG:3857&amp;bbox=13484867.656014226,1551060.1779627972,13485020.530070797,1551213.0520193682</QueryString>
   <Body>
   
   </Body>
   <HttpMethod>GET</HttpMethod>
   <StartTime>2025-09-30T10:35:52.189Z</StartTime>
   <EndTime>2025-09-30T10:35:52.251Z</EndTime>
   <TotalTime>62</TotalTime>
   <RemoteAddr>192.168.65.1</RemoteAddr>
   <RemoteHost>192.168.65.1</RemoteHost>
   <Host>localhost</Host>
   <RemoteUser>anonymous</RemoteUser>
   <ResponseStatus>200</ResponseStatus>
   <ResponseLength>6853</ResponseLength>
   <ResponseContentType>image/png</ResponseContentType>
   <CacheResult></CacheResult>
   <MissReason></MissReason>
   <Failed>false</Failed>
</Request>
<Request id="327">
   <Service>WMS</Service>
   <Version>1.1.1</Version>
   <Operation>GetMap</Operation>
   <SubOperation></SubOperation>
   <Resources>gis:ibaan</Resources>
   <ResourcesProcessingTime>25</ResourcesProcessingTime>
   <LabelsProcessingTime>0</LabelsProcessingTime>
   <Path>/gis/wms</Path>
   <QueryString>service=WMS&amp;request=GetMap&amp;layers=gis:ibaan&amp;styles=&amp;format=image/png&amp;transparent=true&amp;version=1.1.1&amp;tiled=true&amp;width=256&amp;height=256&amp;srs=EPSG:3857&amp;bbox=13484714.781957656,1551365.926075937,13484867.656014226,1551518.8001325089</QueryString>
   <Body>
   
   </Body>
   <HttpMethod>GET</HttpMethod>
   <StartTime>2025-09-30T10:35:52.189Z</StartTime>
   <EndTime>2025-09-30T10:35:52.245Z</EndTime>
   <TotalTime>56</TotalTime>
   <RemoteAddr>192.168.65.1</RemoteAddr>
   <RemoteHost>192.168.65.1</RemoteHost>
   <Host>localhost</Host>
   <RemoteUser>anonymous</RemoteUser>
   <ResponseStatus>200</ResponseStatus>
   <ResponseLength>8044</ResponseLength>
   <ResponseContentType>image/png</ResponseContentType>
   <CacheResult></CacheResult>
   <MissReason></MissReason>
   <Failed>false</Failed>
</Request>
<Request id="329">
   <Service>WMS</Service>
   <Version>1.1.1</Version>
   <Operation>GetMap</Operation>
   <SubOperation></SubOperation>
   <Resources>gis:ibaan</Resources>
   <ResourcesProcessingTime>31</ResourcesProcessingTime>
   <LabelsProcessingTime>0</LabelsProcessingTime>
   <Path>/gis/wms</Path>
   <QueryString>service=WMS&amp;request=GetMap&amp;layers=gis:ibaan&amp;styles=&amp;format=image/png&amp;transparent=true&amp;version=1.1.1&amp;tiled=true&amp;width=256&amp;height=256&amp;srs=EPSG:3857&amp;bbox=13484867.656014226,1550907.303906227,13485020.530070797,1551060.1779627972</QueryString>
   <Body>
   
   </Body>
   <HttpMethod>GET</HttpMethod>
   <StartTime>2025-09-30T10:35:52.196Z</StartTime>
   <EndTime>2025-09-30T10:35:52.257Z</EndTime>
   <TotalTime>61</TotalTime>
   <RemoteAddr>192.168.65.1</RemoteAddr>
   <RemoteHost>192.168.65.1</RemoteHost>
   <Host>localhost</Host>
   <RemoteUser>anonymous</RemoteUser>
   <ResponseStatus>200</ResponseStatus>
   <ResponseLength>10721</ResponseLength>
   <ResponseContentType>image/png</ResponseContentType>
   <CacheResult></CacheResult>
   <MissReason></MissReason>
   <Failed>false</Failed>
</Request>
<Request id="331">
   <Service>WMS</Service>
   <Version>1.1.1</Version>
   <Operation>GetMap</Operation>
   <SubOperation></SubOperation>
   <Resources>gis:ibaan</Resources>
   <ResourcesProcessingTime>31</ResourcesProcessingTime>
   <LabelsProcessingTime>0</LabelsProcessingTime>
   <Path>/gis/wms</Path>
   <QueryString>service=WMS&amp;request=GetMap&amp;layers=gis:ibaan&amp;styles=&amp;format=image/png&amp;transparent=true&amp;version=1.1.1&amp;tiled=true&amp;width=256&amp;height=256&amp;srs=EPSG:3857&amp;bbox=13484867.656014226,1551213.0520193682,13485020.530070797,1551365.926075937</QueryString>
   <Body>
   
   </Body>
   <HttpMethod>GET</HttpMethod>
   <StartTime>2025-09-30T10:35:52.221Z</StartTime>
   <EndTime>2025-09-30T10:35:52.277Z</EndTime>
   <TotalTime>56</TotalTime>
   <RemoteAddr>192.168.65.1</RemoteAddr>
   <RemoteHost>192.168.65.1</RemoteHost>
   <Host>localhost</Host>
   <RemoteUser>anonymous</RemoteUser>
   <ResponseStatus>200</ResponseStatus>
   <ResponseLength>8771</ResponseLength>
   <ResponseContentType>image/png</ResponseContentType>
   <CacheResult></CacheResult>
   <MissReason></MissReason>
   <Failed>false</Failed>
</Request>
<Request id="330">
   <Service>WMS</Service>
   <Version>1.1.1</Version>
   <Operation>GetMap</Operation>
   <SubOperation></SubOperation>
   <Resources>gis:ibaan</Resources>
   <ResourcesProcessingTime>32</ResourcesProcessingTime>
   <LabelsProcessingTime>0</LabelsProcessingTime>
   <Path>/gis/wms</Path>
   <QueryString>service=WMS&amp;request=GetMap&amp;layers=gis:ibaan&amp;styles=&amp;format=image/png&amp;transparent=true&amp;version=1.1.1&amp;tiled=true&amp;width=256&amp;height=256&amp;srs=EPSG:3857&amp;bbox=13484714.781957656,1550907.303906227,13484867.656014226,1551060.1779627972</QueryString>
   <Body>
   
   </Body>
   <HttpMethod>GET</HttpMethod>
   <StartTime>2025-09-30T10:35:52.217Z</StartTime>
   <EndTime>2025-09-30T10:35:52.279Z</EndTime>
   <TotalTime>62</TotalTime>
   <RemoteAddr>192.168.65.1</RemoteAddr>
   <RemoteHost>192.168.65.1</RemoteHost>
   <Host>localhost</Host>
   <RemoteUser>anonymous</RemoteUser>
   <ResponseStatus>200</ResponseStatus>
   <ResponseLength>4795</ResponseLength>
   <ResponseContentType>image/png</ResponseContentType>
   <CacheResult></CacheResult>
   <MissReason></MissReason>
   <Failed>false</Failed>
</Request>
<Request id="332">
   <Service>WMS</Service>
   <Version>1.1.1</Version>
   <Operation>GetMap</Operation>
   <SubOperation></SubOperation>
   <Resources>gis:ibaan</Resources>
   <ResourcesProcessingTime>31</ResourcesProcessingTime>
   <LabelsProcessingTime>0</LabelsProcessingTime>
   <Path>/gis/wms</Path>
   <QueryString>service=WMS&amp;request=GetMap&amp;layers=gis:ibaan&amp;styles=&amp;format=image/png&amp;transparent=true&amp;version=1.1.1&amp;tiled=true&amp;width=256&amp;height=256&amp;srs=EPSG:3857&amp;bbox=13485632.026297078,1550907.303906227,13485784.900353648,1551060.1779627972</QueryString>
   <Body>
   
   </Body>
   <HttpMethod>GET</HttpMethod>
   <StartTime>2025-09-30T10:35:52.224Z</StartTime>
   <EndTime>2025-09-30T10:35:52.28Z</EndTime>
   <TotalTime>56</TotalTime>
   <RemoteAddr>192.168.65.1</RemoteAddr>
   <RemoteHost>192.168.65.1</RemoteHost>
   <Host>localhost</Host>
   <RemoteUser>anonymous</RemoteUser>
   <ResponseStatus>200</ResponseStatus>
   <ResponseLength>6263</ResponseLength>
   <ResponseContentType>image/png</ResponseContentType>
   <CacheResult></CacheResult>
   <MissReason></MissReason>
   <Failed>false</Failed>
</Request>
<Request id="335">
   <Service>WMS</Service>
   <Version>1.1.1</Version>
   <Operation>GetMap</Operation>
   <SubOperation></SubOperation>
   <Resources>gis:ibaan</Resources>
   <ResourcesProcessingTime>25</ResourcesProcessingTime>
   <LabelsProcessingTime>0</LabelsProcessingTime>
   <Path>/gis/wms</Path>
   <QueryString>service=WMS&amp;request=GetMap&amp;layers=gis:ibaan&amp;styles=&amp;format=image/png&amp;transparent=true&amp;version=1.1.1&amp;tiled=true&amp;width=256&amp;height=256&amp;srs=EPSG:3857&amp;bbox=13485479.152240507,1550907.303906227,13485632.026297078,1551060.1779627972</QueryString>
   <Body>
   
   </Body>
   <HttpMethod>GET</HttpMethod>
   <StartTime>2025-09-30T10:35:52.259Z</StartTime>
   <EndTime>2025-09-30T10:35:52.311Z</EndTime>
   <TotalTime>52</TotalTime>
   <RemoteAddr>192.168.65.1</RemoteAddr>
   <RemoteHost>192.168.65.1</RemoteHost>
   <Host>localhost</Host>
   <RemoteUser>anonymous</RemoteUser>
   <ResponseStatus>200</ResponseStatus>
   <ResponseLength>8093</ResponseLength>
   <ResponseContentType>image/png</ResponseContentType>
   <CacheResult></CacheResult>
   <MissReason></MissReason>
   <Failed>false</Failed>
</Request>
<Request id="333">
   <Service>WMS</Service>
   <Version>1.1.1</Version>
   <Operation>GetMap</Operation>
   <SubOperation></SubOperation>
   <Resources>gis:ibaan</Resources>
   <ResourcesProcessingTime>29</ResourcesProcessingTime>
   <LabelsProcessingTime>0</LabelsProcessingTime>
   <Path>/gis/wms</Path>
   <QueryString>service=WMS&amp;request=GetMap&amp;layers=gis:ibaan&amp;styles=&amp;format=image/png&amp;transparent=true&amp;version=1.1.1&amp;tiled=true&amp;width=256&amp;height=256&amp;srs=EPSG:3857&amp;bbox=13485020.530070797,1551060.1779627972,13485173.404127365,1551213.0520193682</QueryString>
   <Body>
   
   </Body>
   <HttpMethod>GET</HttpMethod>
   <StartTime>2025-09-30T10:35:52.247Z</StartTime>
   <EndTime>2025-09-30T10:35:52.3Z</EndTime>
   <TotalTime>53</TotalTime>
   <RemoteAddr>192.168.65.1</RemoteAddr>
   <RemoteHost>192.168.65.1</RemoteHost>
   <Host>localhost</Host>
   <RemoteUser>anonymous</RemoteUser>
   <ResponseStatus>200</ResponseStatus>
   <ResponseLength>11913</ResponseLength>
   <ResponseContentType>image/png</ResponseContentType>
   <CacheResult></CacheResult>
   <MissReason></MissReason>
   <Failed>false</Failed>
</Request>
<Request id="334">
   <Service>WMS</Service>
   <Version>1.1.1</Version>
   <Operation>GetMap</Operation>
   <SubOperation></SubOperation>
   <Resources>gis:ibaan</Resources>
   <ResourcesProcessingTime>26</ResourcesProcessingTime>
   <LabelsProcessingTime>0</LabelsProcessingTime>
   <Path>/gis/wms</Path>
   <QueryString>service=WMS&amp;request=GetMap&amp;layers=gis:ibaan&amp;styles=&amp;format=image/png&amp;transparent=true&amp;version=1.1.1&amp;tiled=true&amp;width=256&amp;height=256&amp;srs=EPSG:3857&amp;bbox=13485326.278183937,1551365.926075937,13485479.152240507,1551518.8001325089</QueryString>
   <Body>
   
   </Body>
   <HttpMethod>GET</HttpMethod>
   <StartTime>2025-09-30T10:35:52.257Z</StartTime>
   <EndTime>2025-09-30T10:35:52.314Z</EndTime>
   <TotalTime>57</TotalTime>
   <RemoteAddr>192.168.65.1</RemoteAddr>
   <RemoteHost>192.168.65.1</RemoteHost>
   <Host>localhost</Host>
   <RemoteUser>anonymous</RemoteUser>
   <ResponseStatus>200</ResponseStatus>
   <ResponseLength>12020</ResponseLength>
   <ResponseContentType>image/png</ResponseContentType>
   <CacheResult></CacheResult>
   <MissReason></MissReason>
   <Failed>false</Failed>
</Request>
<Request id="338">
   <Service>WMS</Service>
   <Version>1.1.1</Version>
   <Operation>GetMap</Operation>
   <SubOperation></SubOperation>
   <Resources>gis:ibaan</Resources>
   <ResourcesProcessingTime>24</ResourcesProcessingTime>
   <LabelsProcessingTime>0</LabelsProcessingTime>
   <Path>/gis/wms</Path>
   <QueryString>service=WMS&amp;request=GetMap&amp;layers=gis:ibaan&amp;styles=&amp;format=image/png&amp;transparent=true&amp;version=1.1.1&amp;tiled=true&amp;width=256&amp;height=256&amp;srs=EPSG:3857&amp;bbox=13485173.404127365,1550907.303906227,13485326.278183937,1551060.1779627972</QueryString>
   <Body>
   
   </Body>
   <HttpMethod>GET</HttpMethod>
   <StartTime>2025-09-30T10:35:52.282Z</StartTime>
   <EndTime>2025-09-30T10:35:52.33Z</EndTime>
   <TotalTime>48</TotalTime>
   <RemoteAddr>192.168.65.1</RemoteAddr>
   <RemoteHost>192.168.65.1</RemoteHost>
   <Host>localhost</Host>
   <RemoteUser>anonymous</RemoteUser>
   <ResponseStatus>200</ResponseStatus>
   <ResponseLength>12980</ResponseLength>
   <ResponseContentType>image/png</ResponseContentType>
   <CacheResult></CacheResult>
   <MissReason></MissReason>
   <Failed>false</Failed>
</Request>
<Request id="336">
   <Service>WMS</Service>
   <Version>1.1.1</Version>
   <Operation>GetMap</Operation>
   <SubOperation></SubOperation>
   <Resources>gis:ibaan</Resources>
   <ResourcesProcessingTime>32</ResourcesProcessingTime>
   <LabelsProcessingTime>0</LabelsProcessingTime>
   <Path>/gis/wms</Path>
   <QueryString>service=WMS&amp;request=GetMap&amp;layers=gis:ibaan&amp;styles=&amp;format=image/png&amp;transparent=true&amp;version=1.1.1&amp;tiled=true&amp;width=256&amp;height=256&amp;srs=EPSG:3857&amp;bbox=13485326.278183937,1551213.0520193682,13485479.152240507,1551365.926075937</QueryString>
   <Body>
   
   </Body>
   <HttpMethod>GET</HttpMethod>
   <StartTime>2025-09-30T10:35:52.28Z</StartTime>
   <EndTime>2025-09-30T10:35:52.337Z</EndTime>
   <TotalTime>57</TotalTime>
   <RemoteAddr>192.168.65.1</RemoteAddr>
   <RemoteHost>192.168.65.1</RemoteHost>
   <Host>localhost</Host>
   <RemoteUser>anonymous</RemoteUser>
   <ResponseStatus>200</ResponseStatus>
   <ResponseLength>9290</ResponseLength>
   <ResponseContentType>image/png</ResponseContentType>
   <CacheResult></CacheResult>
   <MissReason></MissReason>
   <Failed>false</Failed>
</Request>
<Request id="337">
   <Service>WMS</Service>
   <Version>1.1.1</Version>
   <Operation>GetMap</Operation>
   <SubOperation></SubOperation>
   <Resources>gis:ibaan</Resources>
   <ResourcesProcessingTime>30</ResourcesProcessingTime>
   <LabelsProcessingTime>0</LabelsProcessingTime>
   <Path>/gis/wms</Path>
   <QueryString>service=WMS&amp;request=GetMap&amp;layers=gis:ibaan&amp;styles=&amp;format=image/png&amp;transparent=true&amp;version=1.1.1&amp;tiled=true&amp;width=256&amp;height=256&amp;srs=EPSG:3857&amp;bbox=13484867.656014226,1551365.926075937,13485020.530070797,1551518.8001325089</QueryString>
   <Body>
   
   </Body>
   <HttpMethod>GET</HttpMethod>
   <StartTime>2025-09-30T10:35:52.282Z</StartTime>
   <EndTime>2025-09-30T10:35:52.335Z</EndTime>
   <TotalTime>53</TotalTime>
   <RemoteAddr>192.168.65.1</RemoteAddr>
   <RemoteHost>192.168.65.1</RemoteHost>
   <Host>localhost</Host>
   <RemoteUser>anonymous</RemoteUser>
   <ResponseStatus>200</ResponseStatus>
   <ResponseLength>5508</ResponseLength>
   <ResponseContentType>image/png</ResponseContentType>
   <CacheResult></CacheResult>
   <MissReason></MissReason>
   <Failed>false</Failed>
</Request>
<Request id="339">
   <Service>WMS</Service>
   <Version>1.1.1</Version>
   <Operation>GetMap</Operation>
   <SubOperation></SubOperation>
   <Resources>gis:ibaan</Resources>
   <ResourcesProcessingTime>22</ResourcesProcessingTime>
   <LabelsProcessingTime>0</LabelsProcessingTime>
   <Path>/gis/wms</Path>
   <QueryString>service=WMS&amp;request=GetMap&amp;layers=gis:ibaan&amp;styles=&amp;format=image/png&amp;transparent=true&amp;version=1.1.1&amp;tiled=true&amp;width=256&amp;height=256&amp;srs=EPSG:3857&amp;bbox=13485326.278183937,1550907.303906227,13485479.152240507,1551060.1779627972</QueryString>
   <Body>
   
   </Body>
   <HttpMethod>GET</HttpMethod>
   <StartTime>2025-09-30T10:35:52.306Z</StartTime>
   <EndTime>2025-09-30T10:35:52.352Z</EndTime>
   <TotalTime>46</TotalTime>
   <RemoteAddr>192.168.65.1</RemoteAddr>
   <RemoteHost>192.168.65.1</RemoteHost>
   <Host>localhost</Host>
   <RemoteUser>anonymous</RemoteUser>
   <ResponseStatus>200</ResponseStatus>
   <ResponseLength>5037</ResponseLength>
   <ResponseContentType>image/png</ResponseContentType>
   <CacheResult></CacheResult>
   <MissReason></MissReason>
   <Failed>false</Failed>
</Request>
<Request id="340">
   <Service>WMS</Service>
   <Version>1.1.1</Version>
   <Operation>GetMap</Operation>
   <SubOperation></SubOperation>
   <Resources>gis:ibaan</Resources>
   <ResourcesProcessingTime>29</ResourcesProcessingTime>
   <LabelsProcessingTime>0</LabelsProcessingTime>
   <Path>/gis/wms</Path>
   <QueryString>service=WMS&amp;request=GetMap&amp;layers=gis:ibaan&amp;styles=&amp;format=image/png&amp;transparent=true&amp;version=1.1.1&amp;tiled=true&amp;width=256&amp;height=256&amp;srs=EPSG:3857&amp;bbox=13485020.530070797,1550907.303906227,13485173.404127365,1551060.1779627972</QueryString>
   <Body>
   
   </Body>
   <HttpMethod>GET</HttpMethod>
   <StartTime>2025-09-30T10:35:52.313Z</StartTime>
   <EndTime>2025-09-30T10:35:52.368Z</EndTime>
   <TotalTime>55</TotalTime>
   <RemoteAddr>192.168.65.1</RemoteAddr>
   <RemoteHost>192.168.65.1</RemoteHost>
   <Host>localhost</Host>
   <RemoteUser>anonymous</RemoteUser>
   <ResponseStatus>200</ResponseStatus>
   <ResponseLength>11172</ResponseLength>
   <ResponseContentType>image/png</ResponseContentType>
   <CacheResult></CacheResult>
   <MissReason></MissReason>
   <Failed>false</Failed>
</Request>
