<?xml version="1.0" encoding="UTF-8" ?>
<Requests><Request id="403">
   <Service>WMS</Service>
   <Version>1.1.1</Version>
   <Operation>GetMap</Operation>
   <SubOperation></SubOperation>
   <Resources>gis:ibaan</Resources>
   <ResourcesProcessingTime>34</ResourcesProcessingTime>
   <LabelsProcessingTime>0</LabelsProcessingTime>
   <Path>/gis/wms</Path>
   <QueryString>service=WMS&amp;request=GetMap&amp;layers=gis:ibaan&amp;styles=&amp;format=image/png&amp;transparent=true&amp;version=1.1.1&amp;tiled=true&amp;width=256&amp;height=256&amp;srs=EPSG:3857&amp;bbox=13492052.736673033,1536078.5204189038,13501836.676293535,1545862.4600394047</QueryString>
   <Body>
   
   </Body>
   <HttpMethod>GET</HttpMethod>
   <StartTime>2025-09-30T11:07:25.421Z</StartTime>
   <EndTime>2025-09-30T11:07:25.509Z</EndTime>
   <TotalTime>88</TotalTime>
   <RemoteAddr>192.168.65.1</RemoteAddr>
   <RemoteHost>192.168.65.1</RemoteHost>
   <Host>localhost</Host>
   <RemoteUser>anonymous</RemoteUser>
   <ResponseStatus>200</ResponseStatus>
   <ResponseLength>1784</ResponseLength>
   <ResponseContentType>image/png</ResponseContentType>
   <CacheResult></CacheResult>
   <MissReason></MissReason>
   <Failed>false</Failed>
</Request>
<Request id="404">
   <Service>WMS</Service>
   <Version>1.1.1</Version>
   <Operation>GetMap</Operation>
   <SubOperation></SubOperation>
   <Resources>gis:ibaan</Resources>
   <ResourcesProcessingTime>48</ResourcesProcessingTime>
   <LabelsProcessingTime>0</LabelsProcessingTime>
   <Path>/gis/wms</Path>
   <QueryString>service=WMS&amp;request=GetMap&amp;layers=gis:ibaan&amp;styles=&amp;format=image/png&amp;transparent=true&amp;version=1.1.1&amp;tiled=true&amp;width=256&amp;height=256&amp;srs=EPSG:3857&amp;bbox=13452916.978191022,1545862.4600394047,13462700.917811524,1555646.3996599081</QueryString>
   <Body>
   
   </Body>
   <HttpMethod>GET</HttpMethod>
   <StartTime>2025-09-30T11:07:25.424Z</StartTime>
   <EndTime>2025-09-30T11:07:25.515Z</EndTime>
   <TotalTime>91</TotalTime>
   <RemoteAddr>192.168.65.1</RemoteAddr>
   <RemoteHost>192.168.65.1</RemoteHost>
   <Host>localhost</Host>
   <RemoteUser>anonymous</RemoteUser>
   <ResponseStatus>200</ResponseStatus>
   <ResponseLength>1784</ResponseLength>
   <ResponseContentType>image/png</ResponseContentType>
   <CacheResult></CacheResult>
   <MissReason></MissReason>
   <Failed>false</Failed>
</Request>
<Request id="405">
   <Service>WMS</Service>
   <Version>1.1.1</Version>
   <Operation>GetMap</Operation>
   <SubOperation></SubOperation>
   <Resources>gis:ibaan</Resources>
   <ResourcesProcessingTime>46</ResourcesProcessingTime>
   <LabelsProcessingTime>0</LabelsProcessingTime>
   <Path>/gis/wms</Path>
   <QueryString>service=WMS&amp;request=GetMap&amp;layers=gis:ibaan&amp;styles=&amp;format=image/png&amp;transparent=true&amp;version=1.1.1&amp;tiled=true&amp;width=256&amp;height=256&amp;srs=EPSG:3857&amp;bbox=13462700.917811524,1545862.4600394047,13472484.857432026,1555646.3996599081</QueryString>
   <Body>
   
   </Body>
   <HttpMethod>GET</HttpMethod>
   <StartTime>2025-09-30T11:07:25.438Z</StartTime>
   <EndTime>2025-09-30T11:07:25.53Z</EndTime>
   <TotalTime>92</TotalTime>
   <RemoteAddr>192.168.65.1</RemoteAddr>
   <RemoteHost>192.168.65.1</RemoteHost>
   <Host>localhost</Host>
   <RemoteUser>anonymous</RemoteUser>
   <ResponseStatus>200</ResponseStatus>
   <ResponseLength>1784</ResponseLength>
   <ResponseContentType>image/png</ResponseContentType>
   <CacheResult></CacheResult>
   <MissReason></MissReason>
   <Failed>false</Failed>
</Request>
<Request id="406">
   <Service>WMS</Service>
   <Version>1.1.1</Version>
   <Operation>GetMap</Operation>
   <SubOperation></SubOperation>
   <Resources>gis:ibaan</Resources>
   <ResourcesProcessingTime>34</ResourcesProcessingTime>
   <LabelsProcessingTime>0</LabelsProcessingTime>
   <Path>/gis/wms</Path>
   <QueryString>service=WMS&amp;request=GetMap&amp;layers=gis:ibaan&amp;styles=&amp;format=image/png&amp;transparent=true&amp;version=1.1.1&amp;tiled=true&amp;width=256&amp;height=256&amp;srs=EPSG:3857&amp;bbox=13501836.676293535,1545862.4600394047,13511620.615914037,1555646.3996599081</QueryString>
   <Body>
   
   </Body>
   <HttpMethod>GET</HttpMethod>
   <StartTime>2025-09-30T11:07:25.481Z</StartTime>
   <EndTime>2025-09-30T11:07:25.56Z</EndTime>
   <TotalTime>79</TotalTime>
   <RemoteAddr>192.168.65.1</RemoteAddr>
   <RemoteHost>192.168.65.1</RemoteHost>
   <Host>localhost</Host>
   <RemoteUser>anonymous</RemoteUser>
   <ResponseStatus>200</ResponseStatus>
   <ResponseLength>1784</ResponseLength>
   <ResponseContentType>image/png</ResponseContentType>
   <CacheResult></CacheResult>
   <MissReason></MissReason>
   <Failed>false</Failed>
</Request>
<Request id="407">
   <Service>WMS</Service>
   <Version>1.1.1</Version>
   <Operation>GetMap</Operation>
   <SubOperation></SubOperation>
   <Resources>gis:ibaan</Resources>
   <ResourcesProcessingTime>42</ResourcesProcessingTime>
   <LabelsProcessingTime>0</LabelsProcessingTime>
   <Path>/gis/wms</Path>
   <QueryString>service=WMS&amp;request=GetMap&amp;layers=gis:ibaan&amp;styles=&amp;format=image/png&amp;transparent=true&amp;version=1.1.1&amp;tiled=true&amp;width=256&amp;height=256&amp;srs=EPSG:3857&amp;bbox=13501836.676293535,1545862.4600394047,13511620.615914037,1555646.3996599081</QueryString>
   <Body>
   
   </Body>
   <HttpMethod>GET</HttpMethod>
   <StartTime>2025-09-30T11:07:25.483Z</StartTime>
   <EndTime>2025-09-30T11:07:25.565Z</EndTime>
   <TotalTime>82</TotalTime>
   <RemoteAddr>192.168.65.1</RemoteAddr>
   <RemoteHost>192.168.65.1</RemoteHost>
   <Host>localhost</Host>
   <RemoteUser>anonymous</RemoteUser>
   <ResponseStatus>200</ResponseStatus>
   <ResponseLength>1784</ResponseLength>
   <ResponseContentType>image/png</ResponseContentType>
   <CacheResult></CacheResult>
   <MissReason></MissReason>
   <Failed>false</Failed>
</Request>
<Request id="408">
   <Service>WMS</Service>
   <Version>1.1.1</Version>
   <Operation>GetMap</Operation>
   <SubOperation></SubOperation>
   <Resources>gis:ibaan</Resources>
   <ResourcesProcessingTime>53</ResourcesProcessingTime>
   <LabelsProcessingTime>0</LabelsProcessingTime>
   <Path>/gis/wms</Path>
   <QueryString>service=WMS&amp;request=GetMap&amp;layers=gis:ibaan&amp;styles=&amp;format=image/png&amp;transparent=true&amp;version=1.1.1&amp;tiled=true&amp;width=256&amp;height=256&amp;srs=EPSG:3857&amp;bbox=13452916.978191022,1555646.3996599081,13462700.917811524,1565430.33928041</QueryString>
   <Body>
   
   </Body>
   <HttpMethod>GET</HttpMethod>
   <StartTime>2025-09-30T11:07:25.504Z</StartTime>
   <EndTime>2025-09-30T11:07:25.609Z</EndTime>
   <TotalTime>105</TotalTime>
   <RemoteAddr>192.168.65.1</RemoteAddr>
   <RemoteHost>192.168.65.1</RemoteHost>
   <Host>localhost</Host>
   <RemoteUser>anonymous</RemoteUser>
   <ResponseStatus>200</ResponseStatus>
   <ResponseLength>1784</ResponseLength>
   <ResponseContentType>image/png</ResponseContentType>
   <CacheResult></CacheResult>
   <MissReason></MissReason>
   <Failed>false</Failed>
</Request>
<Request id="410">
   <Service>WMS</Service>
   <Version>1.1.1</Version>
   <Operation>GetMap</Operation>
   <SubOperation></SubOperation>
   <Resources>gis:ibaan</Resources>
   <ResourcesProcessingTime>42</ResourcesProcessingTime>
   <LabelsProcessingTime>0</LabelsProcessingTime>
   <Path>/gis/wms</Path>
   <QueryString>service=WMS&amp;request=GetMap&amp;layers=gis:ibaan&amp;styles=&amp;format=image/png&amp;transparent=true&amp;version=1.1.1&amp;tiled=true&amp;width=256&amp;height=256&amp;srs=EPSG:3857&amp;bbox=13501836.676293535,1555646.3996599081,13511620.615914037,1565430.33928041</QueryString>
   <Body>
   
   </Body>
   <HttpMethod>GET</HttpMethod>
   <StartTime>2025-09-30T11:07:25.526Z</StartTime>
   <EndTime>2025-09-30T11:07:25.619Z</EndTime>
   <TotalTime>93</TotalTime>
   <RemoteAddr>192.168.65.1</RemoteAddr>
   <RemoteHost>192.168.65.1</RemoteHost>
   <Host>localhost</Host>
   <RemoteUser>anonymous</RemoteUser>
   <ResponseStatus>200</ResponseStatus>
   <ResponseLength>1784</ResponseLength>
   <ResponseContentType>image/png</ResponseContentType>
   <CacheResult></CacheResult>
   <MissReason></MissReason>
   <Failed>false</Failed>
</Request>
<Request id="409">
   <Service>WMS</Service>
   <Version>1.1.1</Version>
   <Operation>GetMap</Operation>
   <SubOperation></SubOperation>
   <Resources>gis:ibaan</Resources>
   <ResourcesProcessingTime>43</ResourcesProcessingTime>
   <LabelsProcessingTime>0</LabelsProcessingTime>
   <Path>/gis/wms</Path>
   <QueryString>service=WMS&amp;request=GetMap&amp;layers=gis:ibaan&amp;styles=&amp;format=image/png&amp;transparent=true&amp;version=1.1.1&amp;tiled=true&amp;width=256&amp;height=256&amp;srs=EPSG:3857&amp;bbox=13462700.917811524,1555646.3996599081,13472484.857432026,1565430.33928041</QueryString>
   <Body>
   
   </Body>
   <HttpMethod>GET</HttpMethod>
   <StartTime>2025-09-30T11:07:25.522Z</StartTime>
   <EndTime>2025-09-30T11:07:25.62Z</EndTime>
   <TotalTime>98</TotalTime>
   <RemoteAddr>192.168.65.1</RemoteAddr>
   <RemoteHost>192.168.65.1</RemoteHost>
   <Host>localhost</Host>
   <RemoteUser>anonymous</RemoteUser>
   <ResponseStatus>200</ResponseStatus>
   <ResponseLength>1784</ResponseLength>
   <ResponseContentType>image/png</ResponseContentType>
   <CacheResult></CacheResult>
   <MissReason></MissReason>
   <Failed>false</Failed>
</Request>
<Request id="412">
   <Service>WMS</Service>
   <Version>1.1.1</Version>
   <Operation>GetMap</Operation>
   <SubOperation></SubOperation>
   <Resources>gis:ibaan</Resources>
   <ResourcesProcessingTime>45</ResourcesProcessingTime>
   <LabelsProcessingTime>0</LabelsProcessingTime>
   <Path>/gis/wms</Path>
   <QueryString>service=WMS&amp;request=GetMap&amp;layers=gis:ibaan&amp;styles=&amp;format=image/png&amp;transparent=true&amp;version=1.1.1&amp;tiled=true&amp;width=256&amp;height=256&amp;srs=EPSG:3857&amp;bbox=13452916.978191022,1536078.5204189038,13462700.917811524,1545862.4600394047</QueryString>
   <Body>
   
   </Body>
   <HttpMethod>GET</HttpMethod>
   <StartTime>2025-09-30T11:07:25.578Z</StartTime>
   <EndTime>2025-09-30T11:07:25.663Z</EndTime>
   <TotalTime>85</TotalTime>
   <RemoteAddr>192.168.65.1</RemoteAddr>
   <RemoteHost>192.168.65.1</RemoteHost>
   <Host>localhost</Host>
   <RemoteUser>anonymous</RemoteUser>
   <ResponseStatus>200</ResponseStatus>
   <ResponseLength>1784</ResponseLength>
   <ResponseContentType>image/png</ResponseContentType>
   <CacheResult></CacheResult>
   <MissReason></MissReason>
   <Failed>false</Failed>
</Request>
<Request id="411">
   <Service>WMS</Service>
   <Version>1.1.1</Version>
   <Operation>GetMap</Operation>
   <SubOperation></SubOperation>
   <Resources>gis:ibaan</Resources>
   <ResourcesProcessingTime>29</ResourcesProcessingTime>
   <LabelsProcessingTime>1</LabelsProcessingTime>
   <Path>/gis/wms</Path>
   <QueryString>service=WMS&amp;request=GetMap&amp;layers=gis:ibaan&amp;styles=&amp;format=image/png&amp;transparent=true&amp;version=1.1.1&amp;tiled=true&amp;width=256&amp;height=256&amp;srs=EPSG:3857&amp;bbox=13501836.676293535,1555646.3996599081,13511620.615914037,1565430.33928041</QueryString>
   <Body>
   
   </Body>
   <HttpMethod>GET</HttpMethod>
   <StartTime>2025-09-30T11:07:25.544Z</StartTime>
   <EndTime>2025-09-30T11:07:25.633Z</EndTime>
   <TotalTime>89</TotalTime>
   <RemoteAddr>192.168.65.1</RemoteAddr>
   <RemoteHost>192.168.65.1</RemoteHost>
   <Host>localhost</Host>
   <RemoteUser>anonymous</RemoteUser>
   <ResponseStatus>200</ResponseStatus>
   <ResponseLength>1784</ResponseLength>
   <ResponseContentType>image/png</ResponseContentType>
   <CacheResult></CacheResult>
   <MissReason></MissReason>
   <Failed>false</Failed>
</Request>
<Request id="382">
   <Service>WFS</Service>
   <Version>2.0.0</Version>
   <Operation>GetFeature</Operation>
   <SubOperation></SubOperation>
   <Resources></Resources>
   <ResourcesProcessingTime></ResourcesProcessingTime>
   <LabelsProcessingTime></LabelsProcessingTime>
   <Path>/gis/wfs</Path>
   <QueryString>service=WFS&amp;version=2.0.0&amp;request=GetFeature&amp;typeNames=gis:ibaan&amp;srsName=EPSG:4326&amp;outputFormat=application/json&amp;count=999999</QueryString>
   <Body>
   
   </Body>
   <HttpMethod>GET</HttpMethod>
   <StartTime>2025-09-30T11:07:24.715Z</StartTime>
   <EndTime>2025-09-30T11:07:25.664Z</EndTime>
   <TotalTime>949</TotalTime>
   <RemoteAddr>192.168.65.1</RemoteAddr>
   <RemoteHost>192.168.65.1</RemoteHost>
   <Host>localhost</Host>
   <RemoteUser>anonymous</RemoteUser>
   <ResponseStatus>200</ResponseStatus>
   <ResponseLength>2846649</ResponseLength>
   <ResponseContentType>application/json;charset=UTF-8</ResponseContentType>
   <CacheResult></CacheResult>
   <MissReason></MissReason>
   <Failed>false</Failed>
</Request>
<Request id="413">
   <Service>WMS</Service>
   <Version>1.1.1</Version>
   <Operation>GetMap</Operation>
   <SubOperation></SubOperation>
   <Resources>gis:ibaan</Resources>
   <ResourcesProcessingTime>40</ResourcesProcessingTime>
   <LabelsProcessingTime>0</LabelsProcessingTime>
   <Path>/gis/wms</Path>
   <QueryString>service=WMS&amp;request=GetMap&amp;layers=gis:ibaan&amp;styles=&amp;format=image/png&amp;transparent=true&amp;version=1.1.1&amp;tiled=true&amp;width=256&amp;height=256&amp;srs=EPSG:3857&amp;bbox=13462700.917811524,1536078.5204189038,13472484.857432026,1545862.4600394047</QueryString>
   <Body>
   
   </Body>
   <HttpMethod>GET</HttpMethod>
   <StartTime>2025-09-30T11:07:25.578Z</StartTime>
   <EndTime>2025-09-30T11:07:25.752Z</EndTime>
   <TotalTime>174</TotalTime>
   <RemoteAddr>192.168.65.1</RemoteAddr>
   <RemoteHost>192.168.65.1</RemoteHost>
   <Host>localhost</Host>
   <RemoteUser>anonymous</RemoteUser>
   <ResponseStatus>200</ResponseStatus>
   <ResponseLength>1784</ResponseLength>
   <ResponseContentType>image/png</ResponseContentType>
   <CacheResult></CacheResult>
   <MissReason></MissReason>
   <Failed>false</Failed>
</Request>
<Request id="414">
   <Service>WMS</Service>
   <Version>1.1.1</Version>
   <Operation>GetMap</Operation>
   <SubOperation></SubOperation>
   <Resources>gis:ibaan</Resources>
   <ResourcesProcessingTime>100</ResourcesProcessingTime>
   <LabelsProcessingTime>0</LabelsProcessingTime>
   <Path>/gis/wms</Path>
   <QueryString>service=WMS&amp;request=GetMap&amp;layers=gis:ibaan&amp;styles=&amp;format=image/png&amp;transparent=true&amp;version=1.1.1&amp;tiled=true&amp;width=256&amp;height=256&amp;srs=EPSG:3857&amp;bbox=13501836.676293535,1536078.5204189038,13511620.615914037,1545862.4600394047</QueryString>
   <Body>
   
   </Body>
   <HttpMethod>GET</HttpMethod>
   <StartTime>2025-09-30T11:07:25.617Z</StartTime>
   <EndTime>2025-09-30T11:07:25.755Z</EndTime>
   <TotalTime>138</TotalTime>
   <RemoteAddr>192.168.65.1</RemoteAddr>
   <RemoteHost>192.168.65.1</RemoteHost>
   <Host>localhost</Host>
   <RemoteUser>anonymous</RemoteUser>
   <ResponseStatus>200</ResponseStatus>
   <ResponseLength>1784</ResponseLength>
   <ResponseContentType>image/png</ResponseContentType>
   <CacheResult></CacheResult>
   <MissReason></MissReason>
   <Failed>false</Failed>
</Request>
<Request id="415">
   <Service>WMS</Service>
   <Version>1.1.1</Version>
   <Operation>GetMap</Operation>
   <SubOperation></SubOperation>
   <Resources>gis:ibaan</Resources>
   <ResourcesProcessingTime>112</ResourcesProcessingTime>
   <LabelsProcessingTime>0</LabelsProcessingTime>
   <Path>/gis/wms</Path>
   <QueryString>service=WMS&amp;request=GetMap&amp;layers=gis:ibaan&amp;styles=&amp;format=image/png&amp;transparent=true&amp;version=1.1.1&amp;tiled=true&amp;width=256&amp;height=256&amp;srs=EPSG:3857&amp;bbox=13501836.676293535,1536078.5204189038,13511620.615914037,1545862.4600394047</QueryString>
   <Body>
   
   </Body>
   <HttpMethod>GET</HttpMethod>
   <StartTime>2025-09-30T11:07:25.632Z</StartTime>
   <EndTime>2025-09-30T11:07:25.775Z</EndTime>
   <TotalTime>143</TotalTime>
   <RemoteAddr>192.168.65.1</RemoteAddr>
   <RemoteHost>192.168.65.1</RemoteHost>
   <Host>localhost</Host>
   <RemoteUser>anonymous</RemoteUser>
   <ResponseStatus>200</ResponseStatus>
   <ResponseLength>1784</ResponseLength>
   <ResponseContentType>image/png</ResponseContentType>
   <CacheResult></CacheResult>
   <MissReason></MissReason>
   <Failed>false</Failed>
</Request>
<Request id="387">
   <Service>WFS</Service>
   <Version>2.0.0</Version>
   <Operation>GetFeature</Operation>
   <SubOperation></SubOperation>
   <Resources></Resources>
   <ResourcesProcessingTime></ResourcesProcessingTime>
   <LabelsProcessingTime></LabelsProcessingTime>
   <Path>/gis/wfs</Path>
   <QueryString>service=WFS&amp;version=2.0.0&amp;request=GetFeature&amp;typeNames=gis:ibaan&amp;srsName=EPSG:4326&amp;outputFormat=application/json&amp;count=999999</QueryString>
   <Body>
   
   </Body>
   <HttpMethod>GET</HttpMethod>
   <StartTime>2025-09-30T11:07:24.846Z</StartTime>
   <EndTime>2025-09-30T11:07:25.844Z</EndTime>
   <TotalTime>998</TotalTime>
   <RemoteAddr>192.168.65.1</RemoteAddr>
   <RemoteHost>192.168.65.1</RemoteHost>
   <Host>localhost</Host>
   <RemoteUser>anonymous</RemoteUser>
   <ResponseStatus>200</ResponseStatus>
   <ResponseLength>2846649</ResponseLength>
   <ResponseContentType>application/json;charset=UTF-8</ResponseContentType>
   <CacheResult></CacheResult>
   <MissReason></MissReason>
   <Failed>false</Failed>
</Request>
