<?xml version="1.0" encoding="UTF-8" ?>
<Requests><Request id="123">
   <Service>WMS</Service>
   <Version>1.1.1</Version>
   <Operation>GetMap</Operation>
   <SubOperation></SubOperation>
   <Resources>gis:ibaan</Resources>
   <ResourcesProcessingTime>44</ResourcesProcessingTime>
   <LabelsProcessingTime>0</LabelsProcessingTime>
   <Path>/gis/wms</Path>
   <QueryString>service=WMS&amp;request=GetMap&amp;layers=gis:ibaan&amp;styles=&amp;format=image/png&amp;transparent=true&amp;version=1.1.1&amp;tiled=true&amp;width=256&amp;height=256&amp;srs=EPSG:3857&amp;bbox=13485020.530070797,1551671.674189079,13485326.278183937,1551977.4223022193</QueryString>
   <Body>
   
   </Body>
   <HttpMethod>GET</HttpMethod>
   <StartTime>2025-09-30T07:57:59.176Z</StartTime>
   <EndTime>2025-09-30T07:57:59.25Z</EndTime>
   <TotalTime>74</TotalTime>
   <RemoteAddr>192.168.65.1</RemoteAddr>
   <RemoteHost>192.168.65.1</RemoteHost>
   <Host>localhost</Host>
   <RemoteUser>anonymous</RemoteUser>
   <ResponseStatus>200</ResponseStatus>
   <ResponseLength>16256</ResponseLength>
   <ResponseContentType>image/png</ResponseContentType>
   <CacheResult></CacheResult>
   <MissReason></MissReason>
   <Failed>false</Failed>
</Request>
<Request id="126">
   <Service>WMS</Service>
   <Version>1.1.1</Version>
   <Operation>GetMap</Operation>
   <SubOperation></SubOperation>
   <Resources>gis:ibaan</Resources>
   <ResourcesProcessingTime>44</ResourcesProcessingTime>
   <LabelsProcessingTime>0</LabelsProcessingTime>
   <Path>/gis/wms</Path>
   <QueryString>service=WMS&amp;request=GetMap&amp;layers=gis:ibaan&amp;styles=&amp;format=image/png&amp;transparent=true&amp;version=1.1.1&amp;tiled=true&amp;width=256&amp;height=256&amp;srs=EPSG:3857&amp;bbox=13485020.530070797,1550754.4298496568,13485326.278183937,1551060.1779627972</QueryString>
   <Body>
   
   </Body>
   <HttpMethod>GET</HttpMethod>
   <StartTime>2025-09-30T07:57:59.176Z</StartTime>
   <EndTime>2025-09-30T07:57:59.249Z</EndTime>
   <TotalTime>73</TotalTime>
   <RemoteAddr>192.168.65.1</RemoteAddr>
   <RemoteHost>192.168.65.1</RemoteHost>
   <Host>localhost</Host>
   <RemoteUser>anonymous</RemoteUser>
   <ResponseStatus>200</ResponseStatus>
   <ResponseLength>15763</ResponseLength>
   <ResponseContentType>image/png</ResponseContentType>
   <CacheResult></CacheResult>
   <MissReason></MissReason>
   <Failed>false</Failed>
</Request>
<Request id="122">
   <Service>WMS</Service>
   <Version>1.1.1</Version>
   <Operation>GetMap</Operation>
   <SubOperation></SubOperation>
   <Resources>gis:ibaan</Resources>
   <ResourcesProcessingTime>49</ResourcesProcessingTime>
   <LabelsProcessingTime>0</LabelsProcessingTime>
   <Path>/gis/wms</Path>
   <QueryString>service=WMS&amp;request=GetMap&amp;layers=gis:ibaan&amp;styles=&amp;format=image/png&amp;transparent=true&amp;version=1.1.1&amp;tiled=true&amp;width=256&amp;height=256&amp;srs=EPSG:3857&amp;bbox=13484714.781957656,1551671.674189079,13485020.530070797,1551977.4223022193</QueryString>
   <Body>
   
   </Body>
   <HttpMethod>GET</HttpMethod>
   <StartTime>2025-09-30T07:57:59.176Z</StartTime>
   <EndTime>2025-09-30T07:57:59.253Z</EndTime>
   <TotalTime>77</TotalTime>
   <RemoteAddr>192.168.65.1</RemoteAddr>
   <RemoteHost>192.168.65.1</RemoteHost>
   <Host>localhost</Host>
   <RemoteUser>anonymous</RemoteUser>
   <ResponseStatus>200</ResponseStatus>
   <ResponseLength>15074</ResponseLength>
   <ResponseContentType>image/png</ResponseContentType>
   <CacheResult></CacheResult>
   <MissReason></MissReason>
   <Failed>false</Failed>
</Request>
<Request id="125">
   <Service>WMS</Service>
   <Version>1.1.1</Version>
   <Operation>GetMap</Operation>
   <SubOperation></SubOperation>
   <Resources>gis:ibaan</Resources>
   <ResourcesProcessingTime>59</ResourcesProcessingTime>
   <LabelsProcessingTime>0</LabelsProcessingTime>
   <Path>/gis/wms</Path>
   <QueryString>service=WMS&amp;request=GetMap&amp;layers=gis:ibaan&amp;styles=&amp;format=image/png&amp;transparent=true&amp;version=1.1.1&amp;tiled=true&amp;width=256&amp;height=256&amp;srs=EPSG:3857&amp;bbox=13484714.781957656,1550754.4298496568,13485020.530070797,1551060.1779627972</QueryString>
   <Body>
   
   </Body>
   <HttpMethod>GET</HttpMethod>
   <StartTime>2025-09-30T07:57:59.176Z</StartTime>
   <EndTime>2025-09-30T07:57:59.266Z</EndTime>
   <TotalTime>90</TotalTime>
   <RemoteAddr>192.168.65.1</RemoteAddr>
   <RemoteHost>192.168.65.1</RemoteHost>
   <Host>localhost</Host>
   <RemoteUser>anonymous</RemoteUser>
   <ResponseStatus>200</ResponseStatus>
   <ResponseLength>12842</ResponseLength>
   <ResponseContentType>image/png</ResponseContentType>
   <CacheResult></CacheResult>
   <MissReason></MissReason>
   <Failed>false</Failed>
</Request>
<Request id="121">
   <Service>WMS</Service>
   <Version>1.1.1</Version>
   <Operation>GetMap</Operation>
   <SubOperation></SubOperation>
   <Resources>gis:ibaan</Resources>
   <ResourcesProcessingTime>63</ResourcesProcessingTime>
   <LabelsProcessingTime>0</LabelsProcessingTime>
   <Path>/gis/wms</Path>
   <QueryString>service=WMS&amp;request=GetMap&amp;layers=gis:ibaan&amp;styles=&amp;format=image/png&amp;transparent=true&amp;version=1.1.1&amp;tiled=true&amp;width=256&amp;height=256&amp;srs=EPSG:3857&amp;bbox=13485326.278183937,1551671.674189079,13485632.026297078,1551977.4223022193</QueryString>
   <Body>
   
   </Body>
   <HttpMethod>GET</HttpMethod>
   <StartTime>2025-09-30T07:57:59.176Z</StartTime>
   <EndTime>2025-09-30T07:57:59.27Z</EndTime>
   <TotalTime>94</TotalTime>
   <RemoteAddr>192.168.65.1</RemoteAddr>
   <RemoteHost>192.168.65.1</RemoteHost>
   <Host>localhost</Host>
   <RemoteUser>anonymous</RemoteUser>
   <ResponseStatus>200</ResponseStatus>
   <ResponseLength>18635</ResponseLength>
   <ResponseContentType>image/png</ResponseContentType>
   <CacheResult></CacheResult>
   <MissReason></MissReason>
   <Failed>false</Failed>
</Request>
<Request id="124">
   <Service>WMS</Service>
   <Version>1.1.1</Version>
   <Operation>GetMap</Operation>
   <SubOperation></SubOperation>
   <Resources>gis:ibaan</Resources>
   <ResourcesProcessingTime>63</ResourcesProcessingTime>
   <LabelsProcessingTime>0</LabelsProcessingTime>
   <Path>/gis/wms</Path>
   <QueryString>service=WMS&amp;request=GetMap&amp;layers=gis:ibaan&amp;styles=&amp;format=image/png&amp;transparent=true&amp;version=1.1.1&amp;tiled=true&amp;width=256&amp;height=256&amp;srs=EPSG:3857&amp;bbox=13485326.278183937,1550754.4298496568,13485632.026297078,1551060.1779627972</QueryString>
   <Body>
   
   </Body>
   <HttpMethod>GET</HttpMethod>
   <StartTime>2025-09-30T07:57:59.176Z</StartTime>
   <EndTime>2025-09-30T07:57:59.268Z</EndTime>
   <TotalTime>92</TotalTime>
   <RemoteAddr>192.168.65.1</RemoteAddr>
   <RemoteHost>192.168.65.1</RemoteHost>
   <Host>localhost</Host>
   <RemoteUser>anonymous</RemoteUser>
   <ResponseStatus>200</ResponseStatus>
   <ResponseLength>13832</ResponseLength>
   <ResponseContentType>image/png</ResponseContentType>
   <CacheResult></CacheResult>
   <MissReason></MissReason>
   <Failed>false</Failed>
</Request>
<Request id="130">
   <Service>WMS</Service>
   <Version>1.1.1</Version>
   <Operation>GetMap</Operation>
   <SubOperation></SubOperation>
   <Resources>gis:ibaan</Resources>
   <ResourcesProcessingTime>35</ResourcesProcessingTime>
   <LabelsProcessingTime>0</LabelsProcessingTime>
   <Path>/gis/wms</Path>
   <QueryString>service=WMS&amp;request=GetMap&amp;layers=gis:ibaan&amp;styles=&amp;format=image/png&amp;transparent=true&amp;version=1.1.1&amp;tiled=true&amp;width=256&amp;height=256&amp;srs=EPSG:3857&amp;bbox=13484409.033844514,1550754.4298496568,13484714.781957656,1551060.1779627972</QueryString>
   <Body>
   
   </Body>
   <HttpMethod>GET</HttpMethod>
   <StartTime>2025-09-30T07:57:59.218Z</StartTime>
   <EndTime>2025-09-30T07:57:59.302Z</EndTime>
   <TotalTime>84</TotalTime>
   <RemoteAddr>192.168.65.1</RemoteAddr>
   <RemoteHost>192.168.65.1</RemoteHost>
   <Host>localhost</Host>
   <RemoteUser>anonymous</RemoteUser>
   <ResponseStatus>200</ResponseStatus>
   <ResponseLength>14717</ResponseLength>
   <ResponseContentType>image/png</ResponseContentType>
   <CacheResult></CacheResult>
   <MissReason></MissReason>
   <Failed>false</Failed>
</Request>
<Request id="128">
   <Service>WMS</Service>
   <Version>1.1.1</Version>
   <Operation>GetMap</Operation>
   <SubOperation></SubOperation>
   <Resources>gis:ibaan</Resources>
   <ResourcesProcessingTime>43</ResourcesProcessingTime>
   <LabelsProcessingTime>0</LabelsProcessingTime>
   <Path>/gis/wms</Path>
   <QueryString>service=WMS&amp;request=GetMap&amp;layers=gis:ibaan&amp;styles=&amp;format=image/png&amp;transparent=true&amp;version=1.1.1&amp;tiled=true&amp;width=256&amp;height=256&amp;srs=EPSG:3857&amp;bbox=13484409.033844514,1551365.926075937,13484714.781957656,1551671.674189079</QueryString>
   <Body>
   
   </Body>
   <HttpMethod>GET</HttpMethod>
   <StartTime>2025-09-30T07:57:59.218Z</StartTime>
   <EndTime>2025-09-30T07:57:59.308Z</EndTime>
   <TotalTime>90</TotalTime>
   <RemoteAddr>192.168.65.1</RemoteAddr>
   <RemoteHost>192.168.65.1</RemoteHost>
   <Host>localhost</Host>
   <RemoteUser>anonymous</RemoteUser>
   <ResponseStatus>200</ResponseStatus>
   <ResponseLength>12085</ResponseLength>
   <ResponseContentType>image/png</ResponseContentType>
   <CacheResult></CacheResult>
   <MissReason></MissReason>
   <Failed>false</Failed>
</Request>
<Request id="129">
   <Service>WMS</Service>
   <Version>1.1.1</Version>
   <Operation>GetMap</Operation>
   <SubOperation></SubOperation>
   <Resources>gis:ibaan</Resources>
   <ResourcesProcessingTime>42</ResourcesProcessingTime>
   <LabelsProcessingTime>0</LabelsProcessingTime>
   <Path>/gis/wms</Path>
   <QueryString>service=WMS&amp;request=GetMap&amp;layers=gis:ibaan&amp;styles=&amp;format=image/png&amp;transparent=true&amp;version=1.1.1&amp;tiled=true&amp;width=256&amp;height=256&amp;srs=EPSG:3857&amp;bbox=13485937.774410218,1551060.1779627972,13486243.522523358,1551365.926075937</QueryString>
   <Body>
   
   </Body>
   <HttpMethod>GET</HttpMethod>
   <StartTime>2025-09-30T07:57:59.218Z</StartTime>
   <EndTime>2025-09-30T07:57:59.322Z</EndTime>
   <TotalTime>104</TotalTime>
   <RemoteAddr>192.168.65.1</RemoteAddr>
   <RemoteHost>192.168.65.1</RemoteHost>
   <Host>localhost</Host>
   <RemoteUser>anonymous</RemoteUser>
   <ResponseStatus>200</ResponseStatus>
   <ResponseLength>12394</ResponseLength>
   <ResponseContentType>image/png</ResponseContentType>
   <CacheResult></CacheResult>
   <MissReason></MissReason>
   <Failed>false</Failed>
</Request>
<Request id="132">
   <Service>WMS</Service>
   <Version>1.1.1</Version>
   <Operation>GetMap</Operation>
   <SubOperation></SubOperation>
   <Resources>gis:ibaan</Resources>
   <ResourcesProcessingTime>38</ResourcesProcessingTime>
   <LabelsProcessingTime>1</LabelsProcessingTime>
   <Path>/gis/wms</Path>
   <QueryString>service=WMS&amp;request=GetMap&amp;layers=gis:ibaan&amp;styles=&amp;format=image/png&amp;transparent=true&amp;version=1.1.1&amp;tiled=true&amp;width=256&amp;height=256&amp;srs=EPSG:3857&amp;bbox=13484103.285731373,1551060.1779627972,13484409.033844514,1551365.926075937</QueryString>
   <Body>
   
   </Body>
   <HttpMethod>GET</HttpMethod>
   <StartTime>2025-09-30T07:57:59.252Z</StartTime>
   <EndTime>2025-09-30T07:57:59.329Z</EndTime>
   <TotalTime>77</TotalTime>
   <RemoteAddr>192.168.65.1</RemoteAddr>
   <RemoteHost>192.168.65.1</RemoteHost>
   <Host>localhost</Host>
   <RemoteUser>anonymous</RemoteUser>
   <ResponseStatus>200</ResponseStatus>
   <ResponseLength>15617</ResponseLength>
   <ResponseContentType>image/png</ResponseContentType>
   <CacheResult></CacheResult>
   <MissReason></MissReason>
   <Failed>false</Failed>
</Request>
<Request id="131">
   <Service>WMS</Service>
   <Version>1.1.1</Version>
   <Operation>GetMap</Operation>
   <SubOperation></SubOperation>
   <Resources>gis:ibaan</Resources>
   <ResourcesProcessingTime>55</ResourcesProcessingTime>
   <LabelsProcessingTime>0</LabelsProcessingTime>
   <Path>/gis/wms</Path>
   <QueryString>service=WMS&amp;request=GetMap&amp;layers=gis:ibaan&amp;styles=&amp;format=image/png&amp;transparent=true&amp;version=1.1.1&amp;tiled=true&amp;width=256&amp;height=256&amp;srs=EPSG:3857&amp;bbox=13484103.285731373,1551365.926075937,13484409.033844514,1551671.674189079</QueryString>
   <Body>
   
   </Body>
   <HttpMethod>GET</HttpMethod>
   <StartTime>2025-09-30T07:57:59.218Z</StartTime>
   <EndTime>2025-09-30T07:57:59.334Z</EndTime>
   <TotalTime>116</TotalTime>
   <RemoteAddr>192.168.65.1</RemoteAddr>
   <RemoteHost>192.168.65.1</RemoteHost>
   <Host>localhost</Host>
   <RemoteUser>anonymous</RemoteUser>
   <ResponseStatus>200</ResponseStatus>
   <ResponseLength>12700</ResponseLength>
   <ResponseContentType>image/png</ResponseContentType>
   <CacheResult></CacheResult>
   <MissReason></MissReason>
   <Failed>false</Failed>
</Request>
<Request id="127">
   <Service>WMS</Service>
   <Version>1.1.1</Version>
   <Operation>GetMap</Operation>
   <SubOperation></SubOperation>
   <Resources>gis:ibaan</Resources>
   <ResourcesProcessingTime>40</ResourcesProcessingTime>
   <LabelsProcessingTime>2</LabelsProcessingTime>
   <Path>/gis/wms</Path>
   <QueryString>service=WMS&amp;request=GetMap&amp;layers=gis:ibaan&amp;styles=&amp;format=image/png&amp;transparent=true&amp;version=1.1.1&amp;tiled=true&amp;width=256&amp;height=256&amp;srs=EPSG:3857&amp;bbox=13484103.285731373,1551671.674189079,13484409.033844514,1551977.4223022193</QueryString>
   <Body>
   
   </Body>
   <HttpMethod>GET</HttpMethod>
   <StartTime>2025-09-30T07:57:59.218Z</StartTime>
   <EndTime>2025-09-30T07:57:59.33Z</EndTime>
   <TotalTime>112</TotalTime>
   <RemoteAddr>192.168.65.1</RemoteAddr>
   <RemoteHost>192.168.65.1</RemoteHost>
   <Host>localhost</Host>
   <RemoteUser>anonymous</RemoteUser>
   <ResponseStatus>200</ResponseStatus>
   <ResponseLength>12411</ResponseLength>
   <ResponseContentType>image/png</ResponseContentType>
   <CacheResult></CacheResult>
   <MissReason></MissReason>
   <Failed>false</Failed>
</Request>
<Request id="133">
   <Service>WMS</Service>
   <Version>1.1.1</Version>
   <Operation>GetMap</Operation>
   <SubOperation></SubOperation>
   <Resources>gis:ibaan</Resources>
   <ResourcesProcessingTime>29</ResourcesProcessingTime>
   <LabelsProcessingTime>0</LabelsProcessingTime>
   <Path>/gis/wms</Path>
   <QueryString>service=WMS&amp;request=GetMap&amp;layers=gis:ibaan&amp;styles=&amp;format=image/png&amp;transparent=true&amp;version=1.1.1&amp;tiled=true&amp;width=256&amp;height=256&amp;srs=EPSG:3857&amp;bbox=13484409.033844514,1551060.1779627972,13484714.781957656,1551365.926075937</QueryString>
   <Body>
   
   </Body>
   <HttpMethod>GET</HttpMethod>
   <StartTime>2025-09-30T07:57:59.27Z</StartTime>
   <EndTime>2025-09-30T07:57:59.344Z</EndTime>
   <TotalTime>74</TotalTime>
   <RemoteAddr>192.168.65.1</RemoteAddr>
   <RemoteHost>192.168.65.1</RemoteHost>
   <Host>localhost</Host>
   <RemoteUser>anonymous</RemoteUser>
   <ResponseStatus>200</ResponseStatus>
   <ResponseLength>12480</ResponseLength>
   <ResponseContentType>image/png</ResponseContentType>
   <CacheResult></CacheResult>
   <MissReason></MissReason>
   <Failed>false</Failed>
</Request>
<Request id="134">
   <Service>WMS</Service>
   <Version>1.1.1</Version>
   <Operation>GetMap</Operation>
   <SubOperation></SubOperation>
   <Resources>gis:ibaan</Resources>
   <ResourcesProcessingTime>24</ResourcesProcessingTime>
   <LabelsProcessingTime>0</LabelsProcessingTime>
   <Path>/gis/wms</Path>
   <QueryString>service=WMS&amp;request=GetMap&amp;layers=gis:ibaan&amp;styles=&amp;format=image/png&amp;transparent=true&amp;version=1.1.1&amp;tiled=true&amp;width=256&amp;height=256&amp;srs=EPSG:3857&amp;bbox=13484103.285731373,1550754.4298496568,13484409.033844514,1551060.1779627972</QueryString>
   <Body>
   
   </Body>
   <HttpMethod>GET</HttpMethod>
   <StartTime>2025-09-30T07:57:59.272Z</StartTime>
   <EndTime>2025-09-30T07:57:59.349Z</EndTime>
   <TotalTime>77</TotalTime>
   <RemoteAddr>192.168.65.1</RemoteAddr>
   <RemoteHost>192.168.65.1</RemoteHost>
   <Host>localhost</Host>
   <RemoteUser>anonymous</RemoteUser>
   <ResponseStatus>200</ResponseStatus>
   <ResponseLength>13206</ResponseLength>
   <ResponseContentType>image/png</ResponseContentType>
   <CacheResult></CacheResult>
   <MissReason></MissReason>
   <Failed>false</Failed>
</Request>
<Request id="135">
   <Service>WMS</Service>
   <Version>1.1.1</Version>
   <Operation>GetMap</Operation>
   <SubOperation></SubOperation>
   <Resources>gis:ibaan</Resources>
   <ResourcesProcessingTime>22</ResourcesProcessingTime>
   <LabelsProcessingTime>0</LabelsProcessingTime>
   <Path>/gis/wms</Path>
   <QueryString>service=WMS&amp;request=GetMap&amp;layers=gis:ibaan&amp;styles=&amp;format=image/png&amp;transparent=true&amp;version=1.1.1&amp;tiled=true&amp;width=256&amp;height=256&amp;srs=EPSG:3857&amp;bbox=13483797.537618233,1550754.4298496568,13484103.285731373,1551060.1779627972</QueryString>
   <Body>
   
   </Body>
   <HttpMethod>GET</HttpMethod>
   <StartTime>2025-09-30T07:57:59.306Z</StartTime>
   <EndTime>2025-09-30T07:57:59.367Z</EndTime>
   <TotalTime>61</TotalTime>
   <RemoteAddr>192.168.65.1</RemoteAddr>
   <RemoteHost>192.168.65.1</RemoteHost>
   <Host>localhost</Host>
   <RemoteUser>anonymous</RemoteUser>
   <ResponseStatus>200</ResponseStatus>
   <ResponseLength>12395</ResponseLength>
   <ResponseContentType>image/png</ResponseContentType>
   <CacheResult></CacheResult>
   <MissReason></MissReason>
   <Failed>false</Failed>
</Request>
<Request id="136">
   <Service>WMS</Service>
   <Version>1.1.1</Version>
   <Operation>GetMap</Operation>
   <SubOperation></SubOperation>
   <Resources>gis:ibaan</Resources>
   <ResourcesProcessingTime>27</ResourcesProcessingTime>
   <LabelsProcessingTime>0</LabelsProcessingTime>
   <Path>/gis/wms</Path>
   <QueryString>service=WMS&amp;request=GetMap&amp;layers=gis:ibaan&amp;styles=&amp;format=image/png&amp;transparent=true&amp;version=1.1.1&amp;tiled=true&amp;width=256&amp;height=256&amp;srs=EPSG:3857&amp;bbox=13483797.537618233,1551365.926075937,13484103.285731373,1551671.674189079</QueryString>
   <Body>
   
   </Body>
   <HttpMethod>GET</HttpMethod>
   <StartTime>2025-09-30T07:57:59.315Z</StartTime>
   <EndTime>2025-09-30T07:57:59.369Z</EndTime>
   <TotalTime>54</TotalTime>
   <RemoteAddr>192.168.65.1</RemoteAddr>
   <RemoteHost>192.168.65.1</RemoteHost>
   <Host>localhost</Host>
   <RemoteUser>anonymous</RemoteUser>
   <ResponseStatus>200</ResponseStatus>
   <ResponseLength>15934</ResponseLength>
   <ResponseContentType>image/png</ResponseContentType>
   <CacheResult></CacheResult>
   <MissReason></MissReason>
   <Failed>false</Failed>
</Request>
<Request id="137">
   <Service>WMS</Service>
   <Version>1.1.1</Version>
   <Operation>GetMap</Operation>
   <SubOperation></SubOperation>
   <Resources>gis:ibaan</Resources>
   <ResourcesProcessingTime>25</ResourcesProcessingTime>
   <LabelsProcessingTime>0</LabelsProcessingTime>
   <Path>/gis/wms</Path>
   <QueryString>service=WMS&amp;request=GetMap&amp;layers=gis:ibaan&amp;styles=&amp;format=image/png&amp;transparent=true&amp;version=1.1.1&amp;tiled=true&amp;width=256&amp;height=256&amp;srs=EPSG:3857&amp;bbox=13484409.033844514,1550448.681736516,13484714.781957656,1550754.4298496568</QueryString>
   <Body>
   
   </Body>
   <HttpMethod>GET</HttpMethod>
   <StartTime>2025-09-30T07:57:59.333Z</StartTime>
   <EndTime>2025-09-30T07:57:59.386Z</EndTime>
   <TotalTime>53</TotalTime>
   <RemoteAddr>192.168.65.1</RemoteAddr>
   <RemoteHost>192.168.65.1</RemoteHost>
   <Host>localhost</Host>
   <RemoteUser>anonymous</RemoteUser>
   <ResponseStatus>200</ResponseStatus>
   <ResponseLength>16323</ResponseLength>
   <ResponseContentType>image/png</ResponseContentType>
   <CacheResult></CacheResult>
   <MissReason></MissReason>
   <Failed>false</Failed>
</Request>
<Request id="138">
   <Service>WMS</Service>
   <Version>1.1.1</Version>
   <Operation>GetMap</Operation>
   <SubOperation></SubOperation>
   <Resources>gis:ibaan</Resources>
   <ResourcesProcessingTime>30</ResourcesProcessingTime>
   <LabelsProcessingTime>1</LabelsProcessingTime>
   <Path>/gis/wms</Path>
   <QueryString>service=WMS&amp;request=GetMap&amp;layers=gis:ibaan&amp;styles=&amp;format=image/png&amp;transparent=true&amp;version=1.1.1&amp;tiled=true&amp;width=256&amp;height=256&amp;srs=EPSG:3857&amp;bbox=13483797.537618233,1550448.681736516,13484103.285731373,1550754.4298496568</QueryString>
   <Body>
   
   </Body>
   <HttpMethod>GET</HttpMethod>
   <StartTime>2025-09-30T07:57:59.338Z</StartTime>
   <EndTime>2025-09-30T07:57:59.393Z</EndTime>
   <TotalTime>55</TotalTime>
   <RemoteAddr>192.168.65.1</RemoteAddr>
   <RemoteHost>192.168.65.1</RemoteHost>
   <Host>localhost</Host>
   <RemoteUser>anonymous</RemoteUser>
   <ResponseStatus>200</ResponseStatus>
   <ResponseLength>11657</ResponseLength>
   <ResponseContentType>image/png</ResponseContentType>
   <CacheResult></CacheResult>
   <MissReason></MissReason>
   <Failed>false</Failed>
</Request>
<Request id="140">
   <Service>WMS</Service>
   <Version>1.1.1</Version>
   <Operation>GetMap</Operation>
   <SubOperation></SubOperation>
   <Resources>gis:ibaan</Resources>
   <ResourcesProcessingTime>20</ResourcesProcessingTime>
   <LabelsProcessingTime>1</LabelsProcessingTime>
   <Path>/gis/wms</Path>
   <QueryString>service=WMS&amp;request=GetMap&amp;layers=gis:ibaan&amp;styles=&amp;format=image/png&amp;transparent=true&amp;version=1.1.1&amp;tiled=true&amp;width=256&amp;height=256&amp;srs=EPSG:3857&amp;bbox=13484103.285731373,1550448.681736516,13484409.033844514,1550754.4298496568</QueryString>
   <Body>
   
   </Body>
   <HttpMethod>GET</HttpMethod>
   <StartTime>2025-09-30T07:57:59.353Z</StartTime>
   <EndTime>2025-09-30T07:57:59.397Z</EndTime>
   <TotalTime>44</TotalTime>
   <RemoteAddr>192.168.65.1</RemoteAddr>
   <RemoteHost>192.168.65.1</RemoteHost>
   <Host>localhost</Host>
   <RemoteUser>anonymous</RemoteUser>
   <ResponseStatus>200</ResponseStatus>
   <ResponseLength>8154</ResponseLength>
   <ResponseContentType>image/png</ResponseContentType>
   <CacheResult></CacheResult>
   <MissReason></MissReason>
   <Failed>false</Failed>
</Request>
<Request id="139">
   <Service>WMS</Service>
   <Version>1.1.1</Version>
   <Operation>GetMap</Operation>
   <SubOperation></SubOperation>
   <Resources>gis:ibaan</Resources>
   <ResourcesProcessingTime>27</ResourcesProcessingTime>
   <LabelsProcessingTime>1</LabelsProcessingTime>
   <Path>/gis/wms</Path>
   <QueryString>service=WMS&amp;request=GetMap&amp;layers=gis:ibaan&amp;styles=&amp;format=image/png&amp;transparent=true&amp;version=1.1.1&amp;tiled=true&amp;width=256&amp;height=256&amp;srs=EPSG:3857&amp;bbox=13485020.530070797,1550448.681736516,13485326.278183937,1550754.4298496568</QueryString>
   <Body>
   
   </Body>
   <HttpMethod>GET</HttpMethod>
   <StartTime>2025-09-30T07:57:59.348Z</StartTime>
   <EndTime>2025-09-30T07:57:59.394Z</EndTime>
   <TotalTime>46</TotalTime>
   <RemoteAddr>192.168.65.1</RemoteAddr>
   <RemoteHost>192.168.65.1</RemoteHost>
   <Host>localhost</Host>
   <RemoteUser>anonymous</RemoteUser>
   <ResponseStatus>200</ResponseStatus>
   <ResponseLength>16555</ResponseLength>
   <ResponseContentType>image/png</ResponseContentType>
   <CacheResult></CacheResult>
   <MissReason></MissReason>
   <Failed>false</Failed>
</Request>
<Request id="142">
   <Service>WMS</Service>
   <Version>1.1.1</Version>
   <Operation>GetMap</Operation>
   <SubOperation></SubOperation>
   <Resources>gis:ibaan</Resources>
   <ResourcesProcessingTime>24</ResourcesProcessingTime>
   <LabelsProcessingTime>0</LabelsProcessingTime>
   <Path>/gis/wms</Path>
   <QueryString>service=WMS&amp;request=GetMap&amp;layers=gis:ibaan&amp;styles=&amp;format=image/png&amp;transparent=true&amp;version=1.1.1&amp;tiled=true&amp;width=256&amp;height=256&amp;srs=EPSG:3857&amp;bbox=13484714.781957656,1550448.681736516,13485020.530070797,1550754.4298496568</QueryString>
   <Body>
   
   </Body>
   <HttpMethod>GET</HttpMethod>
   <StartTime>2025-09-30T07:57:59.372Z</StartTime>
   <EndTime>2025-09-30T07:57:59.418Z</EndTime>
   <TotalTime>46</TotalTime>
   <RemoteAddr>192.168.65.1</RemoteAddr>
   <RemoteHost>192.168.65.1</RemoteHost>
   <Host>localhost</Host>
   <RemoteUser>anonymous</RemoteUser>
   <ResponseStatus>200</ResponseStatus>
   <ResponseLength>13296</ResponseLength>
   <ResponseContentType>image/png</ResponseContentType>
   <CacheResult></CacheResult>
   <MissReason></MissReason>
   <Failed>false</Failed>
</Request>
<Request id="141">
   <Service>WMS</Service>
   <Version>1.1.1</Version>
   <Operation>GetMap</Operation>
   <SubOperation></SubOperation>
   <Resources>gis:ibaan</Resources>
   <ResourcesProcessingTime>26</ResourcesProcessingTime>
   <LabelsProcessingTime>0</LabelsProcessingTime>
   <Path>/gis/wms</Path>
   <QueryString>service=WMS&amp;request=GetMap&amp;layers=gis:ibaan&amp;styles=&amp;format=image/png&amp;transparent=true&amp;version=1.1.1&amp;tiled=true&amp;width=256&amp;height=256&amp;srs=EPSG:3857&amp;bbox=13485326.278183937,1550448.681736516,13485632.026297078,1550754.4298496568</QueryString>
   <Body>
   
   </Body>
   <HttpMethod>GET</HttpMethod>
   <StartTime>2025-09-30T07:57:59.37Z</StartTime>
   <EndTime>2025-09-30T07:57:59.417Z</EndTime>
   <TotalTime>47</TotalTime>
   <RemoteAddr>192.168.65.1</RemoteAddr>
   <RemoteHost>192.168.65.1</RemoteHost>
   <Host>localhost</Host>
   <RemoteUser>anonymous</RemoteUser>
   <ResponseStatus>200</ResponseStatus>
   <ResponseLength>17278</ResponseLength>
   <ResponseContentType>image/png</ResponseContentType>
   <CacheResult></CacheResult>
   <MissReason></MissReason>
   <Failed>false</Failed>
</Request>
<Request id="143">
   <Service>WMS</Service>
   <Version>1.1.1</Version>
   <Operation>GetMap</Operation>
   <SubOperation></SubOperation>
   <Resources>gis:ibaan</Resources>
   <ResourcesProcessingTime>20</ResourcesProcessingTime>
   <LabelsProcessingTime>0</LabelsProcessingTime>
   <Path>/gis/wms</Path>
   <QueryString>service=WMS&amp;request=GetMap&amp;layers=gis:ibaan&amp;styles=&amp;format=image/png&amp;transparent=true&amp;version=1.1.1&amp;tiled=true&amp;width=256&amp;height=256&amp;srs=EPSG:3857&amp;bbox=13483797.537618233,1551060.1779627972,13484103.285731373,1551365.926075937</QueryString>
   <Body>
   
   </Body>
   <HttpMethod>GET</HttpMethod>
   <StartTime>2025-09-30T07:57:59.389Z</StartTime>
   <EndTime>2025-09-30T07:57:59.433Z</EndTime>
   <TotalTime>44</TotalTime>
   <RemoteAddr>192.168.65.1</RemoteAddr>
   <RemoteHost>192.168.65.1</RemoteHost>
   <Host>localhost</Host>
   <RemoteUser>anonymous</RemoteUser>
   <ResponseStatus>200</ResponseStatus>
   <ResponseLength>14345</ResponseLength>
   <ResponseContentType>image/png</ResponseContentType>
   <CacheResult></CacheResult>
   <MissReason></MissReason>
   <Failed>false</Failed>
</Request>
<Request id="145">
   <Service>WMS</Service>
   <Version>1.1.1</Version>
   <Operation>GetMap</Operation>
   <SubOperation></SubOperation>
   <Resources>gis:ibaan</Resources>
   <ResourcesProcessingTime>49</ResourcesProcessingTime>
   <LabelsProcessingTime>0</LabelsProcessingTime>
   <Path>/gis/wms</Path>
   <QueryString>service=WMS&amp;request=GetMap&amp;layers=gis:ibaan&amp;styles=&amp;format=image/png&amp;transparent=true&amp;version=1.1.1&amp;tiled=true&amp;width=256&amp;height=256&amp;srs=EPSG:3857&amp;bbox=13483491.789505092,1550754.4298496568,13484714.781957656,1551977.4223022193</QueryString>
   <Body>
   
   </Body>
   <HttpMethod>GET</HttpMethod>
   <StartTime>2025-09-30T07:57:59.501Z</StartTime>
   <EndTime>2025-09-30T07:57:59.584Z</EndTime>
   <TotalTime>83</TotalTime>
   <RemoteAddr>192.168.65.1</RemoteAddr>
   <RemoteHost>192.168.65.1</RemoteHost>
   <Host>localhost</Host>
   <RemoteUser>anonymous</RemoteUser>
   <ResponseStatus>200</ResponseStatus>
   <ResponseLength>32880</ResponseLength>
   <ResponseContentType>image/png</ResponseContentType>
   <CacheResult></CacheResult>
   <MissReason></MissReason>
   <Failed>false</Failed>
</Request>
<Request id="144">
   <Service>WMS</Service>
   <Version>1.1.1</Version>
   <Operation>GetMap</Operation>
   <SubOperation></SubOperation>
   <Resources>gis:ibaan</Resources>
   <ResourcesProcessingTime>125</ResourcesProcessingTime>
   <LabelsProcessingTime>0</LabelsProcessingTime>
   <Path>/gis/wms</Path>
   <QueryString>service=WMS&amp;request=GetMap&amp;layers=gis:ibaan&amp;styles=&amp;format=image/png&amp;transparent=true&amp;version=1.1.1&amp;tiled=true&amp;width=256&amp;height=256&amp;srs=EPSG:3857&amp;bbox=13484714.781957656,1550754.4298496568,13485937.774410218,1551977.4223022193</QueryString>
   <Body>
   
   </Body>
   <HttpMethod>GET</HttpMethod>
   <StartTime>2025-09-30T07:57:59.501Z</StartTime>
   <EndTime>2025-09-30T07:57:59.654Z</EndTime>
   <TotalTime>153</TotalTime>
   <RemoteAddr>192.168.65.1</RemoteAddr>
   <RemoteHost>192.168.65.1</RemoteHost>
   <Host>localhost</Host>
   <RemoteUser>anonymous</RemoteUser>
   <ResponseStatus>200</ResponseStatus>
   <ResponseLength>39041</ResponseLength>
   <ResponseContentType>image/png</ResponseContentType>
   <CacheResult></CacheResult>
   <MissReason></MissReason>
   <Failed>false</Failed>
</Request>
<Request id="147">
   <Service>WMS</Service>
   <Version>1.1.1</Version>
   <Operation>GetMap</Operation>
   <SubOperation></SubOperation>
   <Resources>gis:ibaan</Resources>
   <ResourcesProcessingTime>77</ResourcesProcessingTime>
   <LabelsProcessingTime>0</LabelsProcessingTime>
   <Path>/gis/wms</Path>
   <QueryString>service=WMS&amp;request=GetMap&amp;layers=gis:ibaan&amp;styles=&amp;format=image/png&amp;transparent=true&amp;version=1.1.1&amp;tiled=true&amp;width=256&amp;height=256&amp;srs=EPSG:3857&amp;bbox=13483491.789505092,1549531.4373970947,13484714.781957656,1550754.4298496568</QueryString>
   <Body>
   
   </Body>
   <HttpMethod>GET</HttpMethod>
   <StartTime>2025-09-30T07:57:59.501Z</StartTime>
   <EndTime>2025-09-30T07:57:59.606Z</EndTime>
   <TotalTime>105</TotalTime>
   <RemoteAddr>192.168.65.1</RemoteAddr>
   <RemoteHost>192.168.65.1</RemoteHost>
   <Host>localhost</Host>
   <RemoteUser>anonymous</RemoteUser>
   <ResponseStatus>200</ResponseStatus>
   <ResponseLength>15166</ResponseLength>
   <ResponseContentType>image/png</ResponseContentType>
   <CacheResult></CacheResult>
   <MissReason></MissReason>
   <Failed>false</Failed>
</Request>
<Request id="146">
   <Service>WMS</Service>
   <Version>1.1.1</Version>
   <Operation>GetMap</Operation>
   <SubOperation></SubOperation>
   <Resources>gis:ibaan</Resources>
   <ResourcesProcessingTime>124</ResourcesProcessingTime>
   <LabelsProcessingTime>0</LabelsProcessingTime>
   <Path>/gis/wms</Path>
   <QueryString>service=WMS&amp;request=GetMap&amp;layers=gis:ibaan&amp;styles=&amp;format=image/png&amp;transparent=true&amp;version=1.1.1&amp;tiled=true&amp;width=256&amp;height=256&amp;srs=EPSG:3857&amp;bbox=13484714.781957656,1549531.4373970947,13485937.774410218,1550754.4298496568</QueryString>
   <Body>
   
   </Body>
   <HttpMethod>GET</HttpMethod>
   <StartTime>2025-09-30T07:57:59.501Z</StartTime>
   <EndTime>2025-09-30T07:57:59.659Z</EndTime>
   <TotalTime>158</TotalTime>
   <RemoteAddr>192.168.65.1</RemoteAddr>
   <RemoteHost>192.168.65.1</RemoteHost>
   <Host>localhost</Host>
   <RemoteUser>anonymous</RemoteUser>
   <ResponseStatus>200</ResponseStatus>
   <ResponseLength>31549</ResponseLength>
   <ResponseContentType>image/png</ResponseContentType>
   <CacheResult></CacheResult>
   <MissReason></MissReason>
   <Failed>false</Failed>
</Request>
<Request id="151">
   <Service>WMS</Service>
   <Version>1.1.1</Version>
   <Operation>GetMap</Operation>
   <SubOperation></SubOperation>
   <Resources>gis:ibaan</Resources>
   <ResourcesProcessingTime>57</ResourcesProcessingTime>
   <LabelsProcessingTime>1</LabelsProcessingTime>
   <Path>/gis/wms</Path>
   <QueryString>service=WMS&amp;request=GetMap&amp;layers=gis:ibaan&amp;styles=&amp;format=image/png&amp;transparent=true&amp;version=1.1.1&amp;tiled=true&amp;width=256&amp;height=256&amp;srs=EPSG:3857&amp;bbox=13482268.79705253,1548308.4449445307,13484714.781957656,1550754.4298496568</QueryString>
   <Body>
   
   </Body>
   <HttpMethod>GET</HttpMethod>
   <StartTime>2025-09-30T07:57:59.533Z</StartTime>
   <EndTime>2025-09-30T07:57:59.657Z</EndTime>
   <TotalTime>124</TotalTime>
   <RemoteAddr>192.168.65.1</RemoteAddr>
   <RemoteHost>192.168.65.1</RemoteHost>
   <Host>localhost</Host>
   <RemoteUser>anonymous</RemoteUser>
   <ResponseStatus>200</ResponseStatus>
   <ResponseLength>14181</ResponseLength>
   <ResponseContentType>image/png</ResponseContentType>
   <CacheResult></CacheResult>
   <MissReason></MissReason>
   <Failed>false</Failed>
</Request>
<Request id="148">
   <Service>WMS</Service>
   <Version>1.1.1</Version>
   <Operation>GetMap</Operation>
   <SubOperation></SubOperation>
   <Resources>gis:ibaan</Resources>
   <ResourcesProcessingTime>142</ResourcesProcessingTime>
   <LabelsProcessingTime>0</LabelsProcessingTime>
   <Path>/gis/wms</Path>
   <QueryString>service=WMS&amp;request=GetMap&amp;layers=gis:ibaan&amp;styles=&amp;format=image/png&amp;transparent=true&amp;version=1.1.1&amp;tiled=true&amp;width=256&amp;height=256&amp;srs=EPSG:3857&amp;bbox=13483491.789505092,1551977.4223022193,13484714.781957656,1553200.4147547819</QueryString>
   <Body>
   
   </Body>
   <HttpMethod>GET</HttpMethod>
   <StartTime>2025-09-30T07:57:59.501Z</StartTime>
   <EndTime>2025-09-30T07:57:59.672Z</EndTime>
   <TotalTime>171</TotalTime>
   <RemoteAddr>192.168.65.1</RemoteAddr>
   <RemoteHost>192.168.65.1</RemoteHost>
   <Host>localhost</Host>
   <RemoteUser>anonymous</RemoteUser>
   <ResponseStatus>200</ResponseStatus>
   <ResponseLength>40974</ResponseLength>
   <ResponseContentType>image/png</ResponseContentType>
   <CacheResult></CacheResult>
   <MissReason></MissReason>
   <Failed>false</Failed>
</Request>
<Request id="149">
   <Service>WMS</Service>
   <Version>1.1.1</Version>
   <Operation>GetMap</Operation>
   <SubOperation></SubOperation>
   <Resources>gis:ibaan</Resources>
   <ResourcesProcessingTime>142</ResourcesProcessingTime>
   <LabelsProcessingTime>0</LabelsProcessingTime>
   <Path>/gis/wms</Path>
   <QueryString>service=WMS&amp;request=GetMap&amp;layers=gis:ibaan&amp;styles=&amp;format=image/png&amp;transparent=true&amp;version=1.1.1&amp;tiled=true&amp;width=256&amp;height=256&amp;srs=EPSG:3857&amp;bbox=13484714.781957656,1551977.4223022193,13485937.774410218,1553200.4147547819</QueryString>
   <Body>
   
   </Body>
   <HttpMethod>GET</HttpMethod>
   <StartTime>2025-09-30T07:57:59.501Z</StartTime>
   <EndTime>2025-09-30T07:57:59.674Z</EndTime>
   <TotalTime>173</TotalTime>
   <RemoteAddr>192.168.65.1</RemoteAddr>
   <RemoteHost>192.168.65.1</RemoteHost>
   <Host>localhost</Host>
   <RemoteUser>anonymous</RemoteUser>
   <ResponseStatus>200</ResponseStatus>
   <ResponseLength>38615</ResponseLength>
   <ResponseContentType>image/png</ResponseContentType>
   <CacheResult></CacheResult>
   <MissReason></MissReason>
   <Failed>false</Failed>
</Request>
<Request id="154">
   <Service>WMS</Service>
   <Version>1.1.1</Version>
   <Operation>GetMap</Operation>
   <SubOperation></SubOperation>
   <Resources>gis:ibaan</Resources>
   <ResourcesProcessingTime>35</ResourcesProcessingTime>
   <LabelsProcessingTime>0</LabelsProcessingTime>
   <Path>/gis/wms</Path>
   <QueryString>service=WMS&amp;request=GetMap&amp;layers=gis:ibaan&amp;styles=&amp;format=image/png&amp;transparent=true&amp;version=1.1.1&amp;tiled=true&amp;width=256&amp;height=256&amp;srs=EPSG:3857&amp;bbox=13479822.812147403,1548308.4449445307,13482268.79705253,1550754.4298496568</QueryString>
   <Body>
   
   </Body>
   <HttpMethod>GET</HttpMethod>
   <StartTime>2025-09-30T07:57:59.533Z</StartTime>
   <EndTime>2025-09-30T07:57:59.702Z</EndTime>
   <TotalTime>169</TotalTime>
   <RemoteAddr>192.168.65.1</RemoteAddr>
   <RemoteHost>192.168.65.1</RemoteHost>
   <Host>localhost</Host>
   <RemoteUser>anonymous</RemoteUser>
   <ResponseStatus>200</ResponseStatus>
   <ResponseLength>17423</ResponseLength>
   <ResponseContentType>image/png</ResponseContentType>
   <CacheResult></CacheResult>
   <MissReason></MissReason>
   <Failed>false</Failed>
</Request>
<Request id="152">
   <Service>WMS</Service>
   <Version>1.1.1</Version>
   <Operation>GetMap</Operation>
   <SubOperation></SubOperation>
   <Resources>gis:ibaan</Resources>
   <ResourcesProcessingTime>69</ResourcesProcessingTime>
   <LabelsProcessingTime>0</LabelsProcessingTime>
   <Path>/gis/wms</Path>
   <QueryString>service=WMS&amp;request=GetMap&amp;layers=gis:ibaan&amp;styles=&amp;format=image/png&amp;transparent=true&amp;version=1.1.1&amp;tiled=true&amp;width=256&amp;height=256&amp;srs=EPSG:3857&amp;bbox=13482268.79705253,1550754.4298496568,13484714.781957656,1553200.4147547819</QueryString>
   <Body>
   
   </Body>
   <HttpMethod>GET</HttpMethod>
   <StartTime>2025-09-30T07:57:59.533Z</StartTime>
   <EndTime>2025-09-30T07:57:59.687Z</EndTime>
   <TotalTime>154</TotalTime>
   <RemoteAddr>192.168.65.1</RemoteAddr>
   <RemoteHost>192.168.65.1</RemoteHost>
   <Host>localhost</Host>
   <RemoteUser>anonymous</RemoteUser>
   <ResponseStatus>200</ResponseStatus>
   <ResponseLength>44837</ResponseLength>
   <ResponseContentType>image/png</ResponseContentType>
   <CacheResult></CacheResult>
   <MissReason></MissReason>
   <Failed>false</Failed>
</Request>
<Request id="155">
   <Service>WMS</Service>
   <Version>1.1.1</Version>
   <Operation>GetMap</Operation>
   <SubOperation></SubOperation>
   <Resources>gis:ibaan</Resources>
   <ResourcesProcessingTime>64</ResourcesProcessingTime>
   <LabelsProcessingTime>0</LabelsProcessingTime>
   <Path>/gis/wms</Path>
   <QueryString>service=WMS&amp;request=GetMap&amp;layers=gis:ibaan&amp;styles=&amp;format=image/png&amp;transparent=true&amp;version=1.1.1&amp;tiled=true&amp;width=256&amp;height=256&amp;srs=EPSG:3857&amp;bbox=13479822.812147403,1550754.4298496568,13482268.79705253,1553200.4147547819</QueryString>
   <Body>
   
   </Body>
   <HttpMethod>GET</HttpMethod>
   <StartTime>2025-09-30T07:57:59.534Z</StartTime>
   <EndTime>2025-09-30T07:57:59.733Z</EndTime>
   <TotalTime>199</TotalTime>
   <RemoteAddr>192.168.65.1</RemoteAddr>
   <RemoteHost>192.168.65.1</RemoteHost>
   <Host>localhost</Host>
   <RemoteUser>anonymous</RemoteUser>
   <ResponseStatus>200</ResponseStatus>
   <ResponseLength>32541</ResponseLength>
   <ResponseContentType>image/png</ResponseContentType>
   <CacheResult></CacheResult>
   <MissReason></MissReason>
   <Failed>false</Failed>
</Request>
<Request id="150">
   <Service>WMS</Service>
   <Version>1.1.1</Version>
   <Operation>GetMap</Operation>
   <SubOperation></SubOperation>
   <Resources>gis:ibaan</Resources>
   <ResourcesProcessingTime>64</ResourcesProcessingTime>
   <LabelsProcessingTime>1</LabelsProcessingTime>
   <Path>/gis/wms</Path>
   <QueryString>service=WMS&amp;request=GetMap&amp;layers=gis:ibaan&amp;styles=&amp;format=image/png&amp;transparent=true&amp;version=1.1.1&amp;tiled=true&amp;width=256&amp;height=256&amp;srs=EPSG:3857&amp;bbox=13484714.781957656,1548308.4449445307,13487160.766862782,1550754.4298496568</QueryString>
   <Body>
   
   </Body>
   <HttpMethod>GET</HttpMethod>
   <StartTime>2025-09-30T07:57:59.533Z</StartTime>
   <EndTime>2025-09-30T07:57:59.751Z</EndTime>
   <TotalTime>218</TotalTime>
   <RemoteAddr>192.168.65.1</RemoteAddr>
   <RemoteHost>192.168.65.1</RemoteHost>
   <Host>localhost</Host>
   <RemoteUser>anonymous</RemoteUser>
   <ResponseStatus>200</ResponseStatus>
   <ResponseLength>43298</ResponseLength>
   <ResponseContentType>image/png</ResponseContentType>
   <CacheResult></CacheResult>
   <MissReason></MissReason>
   <Failed>false</Failed>
</Request>
<Request id="153">
   <Service>WMS</Service>
   <Version>1.1.1</Version>
   <Operation>GetMap</Operation>
   <SubOperation></SubOperation>
   <Resources>gis:ibaan</Resources>
   <ResourcesProcessingTime>82</ResourcesProcessingTime>
   <LabelsProcessingTime>0</LabelsProcessingTime>
   <Path>/gis/wms</Path>
   <QueryString>service=WMS&amp;request=GetMap&amp;layers=gis:ibaan&amp;styles=&amp;format=image/png&amp;transparent=true&amp;version=1.1.1&amp;tiled=true&amp;width=256&amp;height=256&amp;srs=EPSG:3857&amp;bbox=13484714.781957656,1550754.4298496568,13487160.766862782,1553200.4147547819</QueryString>
   <Body>
   
   </Body>
   <HttpMethod>GET</HttpMethod>
   <StartTime>2025-09-30T07:57:59.533Z</StartTime>
   <EndTime>2025-09-30T07:57:59.754Z</EndTime>
   <TotalTime>221</TotalTime>
   <RemoteAddr>192.168.65.1</RemoteAddr>
   <RemoteHost>192.168.65.1</RemoteHost>
   <Host>localhost</Host>
   <RemoteUser>anonymous</RemoteUser>
   <ResponseStatus>200</ResponseStatus>
   <ResponseLength>52842</ResponseLength>
   <ResponseContentType>image/png</ResponseContentType>
   <CacheResult></CacheResult>
   <MissReason></MissReason>
   <Failed>false</Failed>
</Request>
<Request id="158">
   <Service>WMS</Service>
   <Version>1.1.1</Version>
   <Operation>GetMap</Operation>
   <SubOperation></SubOperation>
   <Resources>gis:ibaan</Resources>
   <ResourcesProcessingTime>19</ResourcesProcessingTime>
   <LabelsProcessingTime>0</LabelsProcessingTime>
   <Path>/gis/wms</Path>
   <QueryString>service=WMS&amp;request=GetMap&amp;layers=gis:ibaan&amp;styles=&amp;format=image/png&amp;transparent=true&amp;version=1.1.1&amp;tiled=true&amp;width=256&amp;height=256&amp;srs=EPSG:3857&amp;bbox=13484714.781957656,1545862.4600394047,13487160.766862782,1548308.4449445307</QueryString>
   <Body>
   
   </Body>
   <HttpMethod>GET</HttpMethod>
   <StartTime>2025-09-30T07:57:59.804Z</StartTime>
   <EndTime>2025-09-30T07:57:59.848Z</EndTime>
   <TotalTime>44</TotalTime>
   <RemoteAddr>192.168.65.1</RemoteAddr>
   <RemoteHost>192.168.65.1</RemoteHost>
   <Host>localhost</Host>
   <RemoteUser>anonymous</RemoteUser>
   <ResponseStatus>200</ResponseStatus>
   <ResponseLength>3307</ResponseLength>
   <ResponseContentType>image/png</ResponseContentType>
   <CacheResult></CacheResult>
   <MissReason></MissReason>
   <Failed>false</Failed>
</Request>
<Request id="161">
   <Service>WMS</Service>
   <Version>1.1.1</Version>
   <Operation>GetMap</Operation>
   <SubOperation></SubOperation>
   <Resources>gis:ibaan</Resources>
   <ResourcesProcessingTime>40</ResourcesProcessingTime>
   <LabelsProcessingTime>0</LabelsProcessingTime>
   <Path>/gis/wms</Path>
   <QueryString>service=WMS&amp;request=GetMap&amp;layers=gis:ibaan&amp;styles=&amp;format=image/png&amp;transparent=true&amp;version=1.1.1&amp;tiled=true&amp;width=256&amp;height=256&amp;srs=EPSG:3857&amp;bbox=13487160.766862782,1548308.4449445307,13489606.751767907,1550754.4298496568</QueryString>
   <Body>
   
   </Body>
   <HttpMethod>GET</HttpMethod>
   <StartTime>2025-09-30T07:57:59.805Z</StartTime>
   <EndTime>2025-09-30T07:57:59.871Z</EndTime>
   <TotalTime>66</TotalTime>
   <RemoteAddr>192.168.65.1</RemoteAddr>
   <RemoteHost>192.168.65.1</RemoteHost>
   <Host>localhost</Host>
   <RemoteUser>anonymous</RemoteUser>
   <ResponseStatus>200</ResponseStatus>
   <ResponseLength>34602</ResponseLength>
   <ResponseContentType>image/png</ResponseContentType>
   <CacheResult></CacheResult>
   <MissReason></MissReason>
   <Failed>false</Failed>
</Request>
<Request id="157">
   <Service>WMS</Service>
   <Version>1.1.1</Version>
   <Operation>GetMap</Operation>
   <SubOperation></SubOperation>
   <Resources>gis:ibaan</Resources>
   <ResourcesProcessingTime>23</ResourcesProcessingTime>
   <LabelsProcessingTime>0</LabelsProcessingTime>
   <Path>/gis/wms</Path>
   <QueryString>service=WMS&amp;request=GetMap&amp;layers=gis:ibaan&amp;styles=&amp;format=image/png&amp;transparent=true&amp;version=1.1.1&amp;tiled=true&amp;width=256&amp;height=256&amp;srs=EPSG:3857&amp;bbox=13482268.79705253,1545862.4600394047,13484714.781957656,1548308.4449445307</QueryString>
   <Body>
   
   </Body>
   <HttpMethod>GET</HttpMethod>
   <StartTime>2025-09-30T07:57:59.804Z</StartTime>
   <EndTime>2025-09-30T07:57:59.854Z</EndTime>
   <TotalTime>50</TotalTime>
   <RemoteAddr>192.168.65.1</RemoteAddr>
   <RemoteHost>192.168.65.1</RemoteHost>
   <Host>localhost</Host>
   <RemoteUser>anonymous</RemoteUser>
   <ResponseStatus>200</ResponseStatus>
   <ResponseLength>1784</ResponseLength>
   <ResponseContentType>image/png</ResponseContentType>
   <CacheResult></CacheResult>
   <MissReason></MissReason>
   <Failed>false</Failed>
</Request>
<Request id="159">
   <Service>WMS</Service>
   <Version>1.1.1</Version>
   <Operation>GetMap</Operation>
   <SubOperation></SubOperation>
   <Resources>gis:ibaan</Resources>
   <ResourcesProcessingTime>46</ResourcesProcessingTime>
   <LabelsProcessingTime>0</LabelsProcessingTime>
   <Path>/gis/wms</Path>
   <QueryString>service=WMS&amp;request=GetMap&amp;layers=gis:ibaan&amp;styles=&amp;format=image/png&amp;transparent=true&amp;version=1.1.1&amp;tiled=true&amp;width=256&amp;height=256&amp;srs=EPSG:3857&amp;bbox=13487160.766862782,1550754.4298496568,13489606.751767907,1553200.4147547819</QueryString>
   <Body>
   
   </Body>
   <HttpMethod>GET</HttpMethod>
   <StartTime>2025-09-30T07:57:59.805Z</StartTime>
   <EndTime>2025-09-30T07:57:59.881Z</EndTime>
   <TotalTime>76</TotalTime>
   <RemoteAddr>192.168.65.1</RemoteAddr>
   <RemoteHost>192.168.65.1</RemoteHost>
   <Host>localhost</Host>
   <RemoteUser>anonymous</RemoteUser>
   <ResponseStatus>200</ResponseStatus>
   <ResponseLength>30523</ResponseLength>
   <ResponseContentType>image/png</ResponseContentType>
   <CacheResult></CacheResult>
   <MissReason></MissReason>
   <Failed>false</Failed>
</Request>
<Request id="160">
   <Service>WMS</Service>
   <Version>1.1.1</Version>
   <Operation>GetMap</Operation>
   <SubOperation></SubOperation>
   <Resources>gis:ibaan</Resources>
   <ResourcesProcessingTime>66</ResourcesProcessingTime>
   <LabelsProcessingTime>0</LabelsProcessingTime>
   <Path>/gis/wms</Path>
   <QueryString>service=WMS&amp;request=GetMap&amp;layers=gis:ibaan&amp;styles=&amp;format=image/png&amp;transparent=true&amp;version=1.1.1&amp;tiled=true&amp;width=256&amp;height=256&amp;srs=EPSG:3857&amp;bbox=13484714.781957656,1553200.4147547819,13487160.766862782,1555646.3996599081</QueryString>
   <Body>
   
   </Body>
   <HttpMethod>GET</HttpMethod>
   <StartTime>2025-09-30T07:57:59.805Z</StartTime>
   <EndTime>2025-09-30T07:57:59.893Z</EndTime>
   <TotalTime>88</TotalTime>
   <RemoteAddr>192.168.65.1</RemoteAddr>
   <RemoteHost>192.168.65.1</RemoteHost>
   <Host>localhost</Host>
   <RemoteUser>anonymous</RemoteUser>
   <ResponseStatus>200</ResponseStatus>
   <ResponseLength>47332</ResponseLength>
   <ResponseContentType>image/png</ResponseContentType>
   <CacheResult></CacheResult>
   <MissReason></MissReason>
   <Failed>false</Failed>
</Request>
</Requests>